							;
							;	Disassembled by:
							;		DASMx object code disassembler
							;		(c) Copyright 1996-2003   Conquest Consultants
							;		Version 1.40 (Oct 18 2003)
							;
							;	File:		A.bin
							;
							;	Size:		4096 bytes
							;	Checksum:	379A
							;	CRC-32:		FB6DF7A5
							;
							;	Date:		Sat Jun 02 10:05:10 2018
							;
							;	CPU:		Intel 8048 (MCS-48 family)
							;
							;
							;
								org	0x0000
							;
0000							reset:
0000 : 04 10			    "  "	[2]		jmp	start
							;
0002 : 42			    "B"				db	0x42
							;
0003							INT:
0003 : 00			    " "		[1]		nop
0004 : 00			    " "		[1]		nop
0005 : 00			    " "		[1]		nop
0006 : 00			    " "		[1]		nop
0007							timer:
0007 : 1B			    " "		[1]		inc	r3
0008 : 93			    " "		[2]		retr
							;
0009 : 00 00 4B 4C 4D 4E 4F	    "  KLMNO"			db	0x00, 0x00, 0x4B, 0x4C, 0x4D, 0x4E, 0x4F
							;
0010							start:
0010 : 27			    "'"		[1]		clr	a
0011 : B9 F7			    "  "	[2]		mov	r1,#0xF7
0013 : 91			    " "		[2]		movx	@r1,a
0014 : B9 FB			    "  "	[2]		mov	r1,#0xFB
0016 : 91			    " "		[2]		movx	@r1,a
0017 : 9A 7F			    "  "	[2]		anl	p2,#0x7F
0019 : B8 7F			    "  "	[2]		mov	r0,#0x7F
001B : 27			    "'"		[1]		clr	a
001C							L001C:
001C : A0			    " "		[1]		mov	@r0,a
001D : E8 1C			    "  "	[2]		djnz	r0,L001C
001F : D4 CB			    "  "	[2]		call	sub_06CB
0021 : B8 31			    " 1"	[2]		mov	r0,#0x31
0023 : B0 00			    "  "	[2]		mov	@r0,#0x00
0025 : B8 1B			    "  "	[2]		mov	r0,#0x1B
0027 : B0 F9			    "  "	[2]		mov	@r0,#0xF9
0029 : B8 50			    " P"	[2]		mov	r0,#0x50
002B : B0 BA			    "  "	[2]		mov	@r0,#0xBA
002D : 34 00			    "4 "	[2]		call	sub_0100
002F : B8 BF			    "  "	[2]		mov	r0,#0xBF
0031 : 80			    " "		[2]		movx	a,@r0
0032 : B8 7F			    "  "	[2]		mov	r0,#0x7F
0034 : 80			    " "		[2]		movx	a,@r0
0035							L0035:
0035 : 04 35			    " 5"	[2]		jmp	L0035
0037							L0037:
0037 : 83			    " "		[2]		ret
							;
0038							sub_0038:
0038 : BA 04			    "  "	[2]		mov	r2,#0x04
003A : 04 40			    " @"	[2]		jmp	L0040
							;
003C : B8 20 BA 05		    "    "			db	0xB8, 0x20, 0xBA, 0x05
							;
0040							L0040:
0040 : FA			    " "		[1]		mov	a,r2
0041 : 68			    "h"		[1]		add	a,r0
0042 : A8			    " "		[1]		mov	r0,a
0043 : 27			    "'"		[1]		clr	a
0044							L0044:
0044 : C8			    " "		[1]		dec	r0
0045 : A0			    " "		[1]		mov	@r0,a
0046 : EA 44			    " D"	[2]		djnz	r2,L0044
0048 : 83			    " "		[2]		ret
							;
0049							sub_0049:
0049 : BE FF			    "  "	[2]		mov	r6,#0xFF
004B							L004B:
004B : BF FF			    "  "	[2]		mov	r7,#0xFF
004D							L004D:
004D : EF 4D			    " M"	[2]		djnz	r7,L004D
004F : EE 4B			    " K"	[2]		djnz	r6,L004B
0051 : 83			    " "		[2]		ret
							;
0052 : BE 18 BF FF EF 56 EE 54	    "     V T"			db	0xBE, 0x18, 0xBF, 0xFF, 0xEF, 0x56, 0xEE, 0x54
005A : 83			    " "				db	0x83
							;
005B							sub_005B:
005B : B9 22			    " ""	[2]		mov	r1,#0x22
005D : 76 73			    "vs"	[2]		jf1	L0073
005F : B1 BB			    "  "	[2]		mov	@r1,#0xBB
0061 : C9			    " "		[1]		dec	r1
0062 : B1 BB			    "  "	[2]		mov	@r1,#0xBB
0064 : C9			    " "		[1]		dec	r1
0065 : B1 BB			    "  "	[2]		mov	@r1,#0xBB
0067 : BB 07			    "  "	[2]		mov	r3,#0x07
0069 : BC 09			    "  "	[2]		mov	r4,#0x09
006B : BD 09			    "  "	[2]		mov	r5,#0x09
006D : 85			    " "		[1]		clr	f0
006E : F4 08			    "  "	[2]		call	sub_ctx_page_C_070A
0070 : B5			    " "		[1]		cpl	f1
0071 : E4 1C			    "  "	[2]		jmp	sub_ctx_page_C_071E
							;
0073							L0073:
0073 : B1 BB			    "  "	[2]		mov	@r1,#0xBB
0075 : C9			    " "		[1]		dec	r1
0076 : B1 88			    "  "	[2]		mov	@r1,#0x88
0078 : C9			    " "		[1]		dec	r1
0079 : B1 88			    "  "	[2]		mov	@r1,#0x88
007B : 85			    " "		[1]		clr	f0
007C : B5			    " "		[1]		cpl	f1
007D : F4 11			    "  "	[2]		call	sub_ctx_page_C_0713
007F : E4 1C			    "  "	[2]		jmp	sub_ctx_page_C_071E
							;
0081 : 85 B9 32 BF 03 B8 20 F1	    "  2     "			db	0x85, 0xB9, 0x32, 0xBF, 0x03, 0xB8, 0x20, 0xF1
0089 : A0 18 19 EF 88 B8 35 F0	    "      5 "			db	0xA0, 0x18, 0x19, 0xEF, 0x88, 0xB8, 0x35, 0xF0
0091 : AB A5 F4 08 B8 31 F0 43	    "     1 C"			db	0xAB, 0xA5, 0xF4, 0x08, 0xB8, 0x31, 0xF0, 0x43
0099 : 60 A0 83			    "`  "			db	0x60, 0xA0, 0x83
							;
009C							sub_009C:
009C : B8 20			    "  "	[2]		mov	r0,#0x20
009E : B9 79			    " y"	[2]		mov	r1,#0x79
00A0 : B4 E6			    "  "	[2]		call	sub_05E6
00A2 : B8 23			    " #"	[2]		mov	r0,#0x23
00A4 : B9 7C			    " |"	[2]		mov	r1,#0x7C
00A6 : BA 03			    "  "	[2]		mov	r2,#0x03
00A8 : F0			    " "		[1]		mov	a,@r0
00A9 : 47			    "G"		[1]		swap	a
00AA : 53 0F			    "S "	[2]		anl	a,#0x0F
00AC : A0			    " "		[1]		mov	@r0,a
00AD							L00AD:
00AD : F1			    " "		[1]		mov	a,@r1
00AE : C8			    " "		[1]		dec	r0
00AF : 30			    "0"		[1]		xchd	a,@r0
00B0 : F0			    " "		[1]		mov	a,@r0
00B1 : 47			    "G"		[1]		swap	a
00B2 : A0			    " "		[1]		mov	@r0,a
00B3 : C9			    " "		[1]		dec	r1
00B4 : EA AD			    "  "	[2]		djnz	r2,L00AD
00B6 : 83			    " "		[2]		ret
							;
00B7 : F4 EA F5 34 D0 B6 E1 B8	    "   4    "			db	0xF4, 0xEA, 0xF5, 0x34, 0xD0, 0xB6, 0xE1, 0xB8
00BF : 1B F0 F2 E1 03 C6 B3 E1	    "        "			db	0x1B, 0xF0, 0xF2, 0xE1, 0x03, 0xC6, 0xB3, 0xE1
00C7 : E1 E1 CF D3 D7 DB DF E1	    "        "			db	0xE1, 0xE1, 0xCF, 0xD3, 0xD7, 0xDB, 0xDF, 0xE1
00CF : F4 2A 04 E1 B4 00 04 E1	    " *      "			db	0xF4, 0x2A, 0x04, 0xE1, 0xB4, 0x00, 0x04, 0xE1
00D7 : D4 00 04 E1 94 00 04 E1	    "        "			db	0xD4, 0x00, 0x04, 0xE1, 0x94, 0x00, 0x04, 0xE1
00DF : D4 BE F4 F5 83		    "     "			db	0xD4, 0xBE, 0xF4, 0xF5, 0x83
							;
00E4							sub_00E4:
00E4 : B8 20			    "  "	[2]		mov	r0,#0x20
00E6 : B0 AA			    "  "	[2]		mov	@r0,#0xAA
00E8 : 18			    " "		[1]		inc	r0
00E9 : B0 AA			    "  "	[2]		mov	@r0,#0xAA
00EB : 18			    " "		[1]		inc	r0
00EC : B0 00			    "  "	[2]		mov	@r0,#0x00
00EE : 85			    " "		[1]		clr	f0
00EF : A5			    " "		[1]		clr	f1
00F0 : BB 07			    "  "	[2]		mov	r3,#0x07
00F2 : BC 09			    "  "	[2]		mov	r4,#0x09
00F4 : BD 13			    "  "	[2]		mov	r5,#0x13
00F6 : F4 08			    "  "	[2]		call	sub_ctx_page_C_070A
00F8 : BC 00			    "  "	[2]		mov	r4,#0x00
00FA : D4 CB			    "  "	[2]		call	sub_06CB
00FC : 83			    " "		[2]		ret
							;
00FD : 3D 3E 3F			    "=>?"			db	0x3D, 0x3E, 0x3F
							;
0100							sub_0100:
0100 : 89 F8			    "  "	[2]		orl	p1,#0xF8
0102 : 8A 7F			    "  "	[2]		orl	p2,#0x7F
0104 : 23 18			    "# "	[2]		mov	a,#0x18
0106 : B9 DF			    "  "	[2]		mov	r1,#0xDF
0108 : 91			    " "		[2]		movx	@r1,a
0109 : 23 33			    "#3"	[2]		mov	a,#0x33
010B : B9 BF			    "  "	[2]		mov	r1,#0xBF
010D : 91			    " "		[2]		movx	@r1,a
010E : F9			    " "		[1]		mov	a,r1
010F : B9 FD			    "  "	[2]		mov	r1,#0xFD
0111 : 91			    " "		[2]		movx	@r1,a
0112 : 23 FF			    "# "	[2]		mov	a,#0xFF
0114 : B9 FE			    "  "	[2]		mov	r1,#0xFE
0116 : 91			    " "		[2]		movx	@r1,a
0117 : 04 37			    " 7"	[2]		jmp	L0037
							;
0119 : 23 18 B9 DF 91 83 F5 85	    "#       "			db	0x23, 0x18, 0xB9, 0xDF, 0x91, 0x83, 0xF5, 0x85
0121 : B8 67 34 DA E5 B6 29 83	    " g4   ) "			db	0xB8, 0x67, 0x34, 0xDA, 0xE5, 0xB6, 0x29, 0x83
0129 : B8 40 F0 53 80 A0 BB 05	    " @ S    "			db	0xB8, 0x40, 0xF0, 0x53, 0x80, 0xA0, 0xBB, 0x05
0131 : E4 28 F5 B9 45 B8 6D B4	    " (  E m "			db	0xE4, 0x28, 0xF5, 0xB9, 0x45, 0xB8, 0x6D, 0xB4
0139 : 00 B8 6D B9 6F 54 EC B8	    "  m oT  "			db	0x00, 0xB8, 0x6D, 0xB9, 0x6F, 0x54, 0xEC, 0xB8
0141 : 6D B9 49 F1 C6 68 D3 03	    "m I  h  "			db	0x6D, 0xB9, 0x49, 0xF1, 0xC6, 0x68, 0xD3, 0x03
0149 : C6 68 C9 F1 37 03 07 AE	    " h  7   "			db	0xC6, 0x68, 0xC9, 0xF1, 0x37, 0x03, 0x07, 0xAE
0151 : C6 5B BF 04 94 22 EF 55	    " [   " U"			db	0xC6, 0x5B, 0xBF, 0x04, 0x94, 0x22, 0xEF, 0x55
0159 : EE 53 B9 7F 27 B1 10 C9	    " S  '   "			db	0xEE, 0x53, 0xB9, 0x7F, 0x27, 0xB1, 0x10, 0xC9
0161 : A1 C9 A1 54 CC B6 6A E5	    "   T  j "			db	0xA1, 0xC9, 0xA1, 0x54, 0xCC, 0xB6, 0x6A, 0xE5
0169 : 83 BB 03 E5 E4 28	    "     ("			db	0x83, 0xBB, 0x03, 0xE5, 0xE4, 0x28
							;
016F							sub_016F:
016F : 23 80			    "# "	[2]		mov	a,#0x80
0171							L0171:
0171 : A8			    " "		[1]		mov	r0,a
0172 : 37			    "7"		[1]		cpl	a
0173 : B9 FE			    "  "	[2]		mov	r1,#0xFE
0175 : 91			    " "		[2]		movx	@r1,a
0176 : 81			    " "		[2]		movx	a,@r1
0177 : 37			    "7"		[1]		cpl	a
0178 : 53 F8			    "S "	[2]		anl	a,#0xF8
017A : 96 84			    "  "	[2]		jnz	L0184
017C : F8			    " "		[1]		mov	a,r0
017D : 97			    " "		[1]		clr	c
017E : 67			    "g"		[1]		rrc	a
017F : C6 83			    "  "	[2]		jz	L0183
0181 : 24 71			    "$q"	[2]		jmp	L0171
0183							L0183:
0183 : 83			    " "		[2]		ret
0184							L0184:
0184 : 24 E3			    "$ "	[2]		jmp	L01E3
							;
0186							sub_0186:
0186 : BF FF			    "  "	[2]		mov	r7,#0xFF
0188							L0188:
0188 : BE 34			    " 4"	[2]		mov	r6,#0x34
018A							L018A:
018A : B9 FE			    "  "	[2]		mov	r1,#0xFE
018C : 23 BF			    "# "	[2]		mov	a,#0xBF
018E : 91			    " "		[2]		movx	@r1,a
018F : 81			    " "		[2]		movx	a,@r1
0190 : 72 A0			    "r "	[2]		jb3	L01A0
0192							L0192:
0192 : EE 8A			    "  "	[2]		djnz	r6,L018A
0194 : EF 88			    "  "	[2]		djnz	r7,L0188
0196 : B8 40			    " @"	[2]		mov	r0,#0x40
0198 : F0			    " "		[1]		mov	a,@r0
0199 : C6 9F			    "  "	[2]		jz	L019F
019B : F2 9F			    "  "	[2]		jb7	L019F
019D : 34 6F			    "4o"	[2]		call	sub_016F
019F							L019F:
019F : 83			    " "		[2]		ret
							;
01A0							L01A0:
01A0 : B8 40			    " @"	[2]		mov	r0,#0x40
01A2 : F0			    " "		[1]		mov	a,@r0
01A3 : F2 A7			    "  "	[2]		jb7	L01A7
01A5 : 96 92			    "  "	[2]		jnz	L0192
01A7							L01A7:
01A7 : E5			    " "		[1]		sel	mb0
01A8 : 99 FB			    "  "	[2]		anl	p1,#0xFB
01AA : 89 40			    " @"	[2]		orl	p1,#0x40
01AC : 14 E4			    "  "	[2]		call	sub_00E4
01AE : BD 04			    "  "	[2]		mov	r5,#0x04
01B0							L01B0:
01B0 : 14 49			    " I"	[2]		call	sub_0049
01B2 : ED B0			    "  "	[2]		djnz	r5,L01B0
01B4 : 89 20			    "  "	[2]		orl	p1,#0x20
01B6 : 23 1B			    "# "	[2]		mov	a,#0x1B
01B8 : B9 DF			    "  "	[2]		mov	r1,#0xDF
01BA : 91			    " "		[2]		movx	@r1,a
01BB : 14 49			    " I"	[2]		call	sub_0049
01BD : F4 21			    " !"	[2]		call	sub_ctx_page_C_0723
01BF : E4 1C			    "  "	[2]		jmp	sub_ctx_page_C_071E
							;
01C1 : B8 28 F0 97 13 FC F6 D5	    " (      "			db	0xB8, 0x28, 0xF0, 0x97, 0x13, 0xFC, 0xF6, 0xD5
01C9 : F0 03 D9 A3 B9 FD 91 34	    "       4"			db	0xF0, 0x03, 0xD9, 0xA3, 0xB9, 0xFD, 0x91, 0x34
01D1 : 86 34 86 83 B0 00 24 C9	    " 4    $ "			db	0x86, 0x34, 0x86, 0x83, 0xB0, 0x00, 0x24, 0xC9
01D9 : BE BB AF BF		    "    "			db	0xBE, 0xBB, 0xAF, 0xBF
							;
01DD							L01DD:
01DD : B8 40			    " @"	[2]		mov	r0,#0x40
01DF : B0 00			    "  "	[2]		mov	@r0,#0x00
01E1 : E4 21			    " !"	[2]		jmp	sub_ctx_page_C_0723
							;
01E3							L01E3:
01E3 : 99 FB			    "  "	[2]		anl	p1,#0xFB
01E5 : 89 40			    " @"	[2]		orl	p1,#0x40
01E7 : 14 E4			    "  "	[2]		call	sub_00E4
01E9 : BD 03			    "  "	[2]		mov	r5,#0x03
01EB							L01EB:
01EB : 14 49			    " I"	[2]		call	sub_0049
01ED : ED EB			    "  "	[2]		djnz	r5,L01EB
01EF : 89 20			    "  "	[2]		orl	p1,#0x20
01F1 : 24 DD			    "$ "	[2]		jmp	L01DD
							;
01F3 : 34 35 36 37 38 39 3A 3B	    "456789:;"			db	0x34, 0x35, 0x36, 0x37, 0x38, 0x39, 0x3A, 0x3B
01FB : 3C 3D 3E 3F 40		    "<=>?@"			db	0x3C, 0x3D, 0x3E, 0x3F, 0x40
							;
0200							sub_0200:
0200 : B8 21			    " !"	[2]		mov	r0,#0x21
0202							L0202:
0202 : 54 1B			    "T "	[2]		call	sub_021B
0204 : 92 25			    " %"	[2]		jb4	L0225
0206 : 44 02			    "D "	[2]		jmp	L0202
							;
0208							L0208:
0208 : 54 1B			    "T "	[2]		call	sub_021B
020A : B2 4D			    " M"	[2]		jb5	L024D
020C : 44 08			    "D "	[2]		jmp	L0208
							;
020E							L020E:
020E : C8			    " "		[1]		dec	r0
020F							L020F:
020F : 54 1B			    "T "	[2]		call	sub_021B
0211 : D2 50			    " P"	[2]		jb6	L0250
0213 : 44 0F			    "D "	[2]		jmp	L020F
							;
0215							L0215:
0215 : 54 1B			    "T "	[2]		call	sub_021B
0217 : F2 55			    " U"	[2]		jb7	L0255
0219 : 44 15			    "D "	[2]		jmp	L0215
							;
021B							sub_021B:
021B : B9 FB			    "  "	[2]		mov	r1,#0xFB
021D							L021D:
021D : 81			    " "		[2]		movx	a,@r1
021E : AF			    " "		[1]		mov	r7,a
021F : 81			    " "		[2]		movx	a,@r1
0220 : DF			    " "		[1]		xrl	a,r7
0221 : 96 1D			    "  "	[2]		jnz	L021D
0223 : FF			    " "		[1]		mov	a,r7
0224 : 83			    " "		[2]		ret
							;
0225							L0225:
0225 : 47			    "G"		[1]		swap	a
0226 : D2 2E			    " ."	[2]		jb6	L022E
0228 : F2 44			    " D"	[2]		jb7	L0244
022A : BE C0			    "  "	[2]		mov	r6,#0xC0
022C : 44 46			    "DF"	[2]		jmp	L0246
							;
022E							L022E:
022E : F2 3A			    " :"	[2]		jb7	L023A
0230 : B2 36			    " 6"	[2]		jb5	L0236
0232 : BE 10			    "  "	[2]		mov	r6,#0x10
0234 : 44 46			    "DF"	[2]		jmp	L0246
							;
0236							L0236:
0236 : BE 70			    " p"	[2]		mov	r6,#0x70
							;
0238 : 44			    "D"				db	0x44
							;
0239							sub_0239:
0239 : 46 92			    "F "	[2]		jnt1	L0292
023B : 40			    "@"		[1]		orl	a,@r0
023C : BE 00			    "  "	[2]		mov	r6,#0x00
023E : 44 46			    "DF"	[2]		jmp	L0246
							;
0240 : BE F0 44 46		    "  DF"			db	0xBE, 0xF0, 0x44, 0x46
							;
0244							L0244:
0244 : BE A0			    "  "	[2]		mov	r6,#0xA0
0246							L0246:
0246 : 53 0F			    "S "	[2]		anl	a,#0x0F
0248 : 4E			    "N"		[1]		orl	a,r6
0249 : 30			    "0"		[1]		xchd	a,@r0
024A : A0			    " "		[1]		mov	@r0,a
024B : 44 08			    "D "	[2]		jmp	L0208
							;
024D							L024D:
024D : 30			    "0"		[1]		xchd	a,@r0
024E : 44 0E			    "D "	[2]		jmp	L020E
							;
0250							L0250:
0250 : 47			    "G"		[1]		swap	a
0251 : 30			    "0"		[1]		xchd	a,@r0
0252 : A0			    " "		[1]		mov	@r0,a
0253 : 44 15			    "D "	[2]		jmp	L0215
							;
0255							L0255:
0255 : 30			    "0"		[1]		xchd	a,@r0
0256 : B8 22			    " ""	[2]		mov	r0,#0x22
0258 : B0 00			    "  "	[2]		mov	@r0,#0x00
025A : 83			    " "		[2]		ret
							;
025B : B8 60 B0 00 B9 41 18 F5	    " `   A  "			db	0xB8, 0x60, 0xB0, 0x00, 0xB9, 0x41, 0x18, 0xF5
0263 : B4 00 C8 B9 61 54 EC B8	    "    aT  "			db	0xB4, 0x00, 0xC8, 0xB9, 0x61, 0x54, 0xEC, 0xB8
026B : 63 BF 08 94 15 EF	    "c     "			db	0x63, 0xBF, 0x08, 0x94, 0x15, 0xEF
							;
0271							sub_0271:
0271 : 6E			    "n"		[1]		add	a,r6
0272 : B8 57			    " W"	[2]		mov	r0,#0x57
0274 : B0 00			    "  "	[2]		mov	@r0,#0x00
0276 : B9 20			    "  "	[2]		mov	r1,#0x20
0278 : 18			    " "		[1]		inc	r0
0279 : B4 00			    "  "	[2]		call	sub_0500
027B : C8			    " "		[1]		dec	r0
027C : B9 58			    " X"	[2]		mov	r1,#0x58
027E : 54 EC			    "T "	[2]		call	sub_02EC
0280 : B8 5B			    " ["	[2]		mov	r0,#0x5B
0282 : E5			    " "		[1]		sel	mb0
0283 : 14 38			    " 8"	[2]		call	sub_0038
0285 : B9 21			    " !"	[2]		mov	r1,#0x21
0287 : F1			    " "		[1]		mov	a,@r1
0288 : 53 F0			    "S "	[2]		anl	a,#0xF0
028A : AF			    " "		[1]		mov	r7,a
028B : D3 A0			    "  "	[2]		xrl	a,#0xA0
028D : C6 D2			    "  "	[2]		jz	L02D2
028F : B8 28			    " ("	[2]		mov	r0,#0x28
0291 : F0			    " "		[1]		mov	a,@r0
0292							L0292:
0292 : D3 03			    "  "	[2]		xrl	a,#0x03
0294 : 96 AA			    "  "	[2]		jnz	L02AA
0296 : F1			    " "		[1]		mov	a,@r1
0297 : D3 10			    "  "	[2]		xrl	a,#0x10
0299 : C6 AA			    "  "	[2]		jz	L02AA
029B : F1			    " "		[1]		mov	a,@r1
029C : 53 0F			    "S "	[2]		anl	a,#0x0F
029E : AE			    " "		[1]		mov	r6,a
029F : C6 D2			    "  "	[2]		jz	L02D2
02A1 : B9 59			    " Y"	[2]		mov	r1,#0x59
02A3 : FF			    " "		[1]		mov	a,r7
02A4 : D3 F0			    "  "	[2]		xrl	a,#0xF0
02A6 : 96 AA			    "  "	[2]		jnz	L02AA
02A8 : FE			    " "		[1]		mov	a,r6
02A9 : A1			    " "		[1]		mov	@r1,a
02AA							L02AA:
02AA : F5			    " "		[1]		sel	mb1
02AB : 34 00			    "4 "	[2]		call	sub_0100
02AD : D4 CF			    "  "	[2]		call	sub_06CF
02AF : B8 5C			    " \"	[2]		mov	r0,#0x5C
02B1 : B9 5E			    " ^"	[2]		mov	r1,#0x5E
02B3 : 54 EC			    "T "	[2]		call	sub_02EC
02B5 : B9 5C			    " \"	[2]		mov	r1,#0x5C
02B7 : B8 20			    "  "	[2]		mov	r0,#0x20
02B9 : B4 04			    "  "	[2]		call	sub_0504
02BB : BC 09			    "  "	[2]		mov	r4,#0x09
02BD : 23 06			    "# "	[2]		mov	a,#0x06
02BF : B8 28			    " ("	[2]		mov	r0,#0x28
02C1 : 70			    "p"		[1]		addc	a,@r0
02C2 : 13 0D			    "  "	[2]		addc	a,#0x0D
02C4 : 53 0F			    "S "	[2]		anl	a,#0x0F
02C6 : AB			    " "		[1]		mov	r3,a
02C7 : E5			    " "		[1]		sel	mb0
02C8 : F4 B9			    "  "	[2]		call	sub_07B9
02CA : 85			    " "		[1]		clr	f0
02CB : A5			    " "		[1]		clr	f1
02CC							sub_02CC:
02CC : F4 11			    "  "	[2]		call	sub_ctx_page_C_0713
02CE : 34 86			    "4 "	[2]		call	sub_0186
02D0 : E4 1C			    "  "	[2]		jmp	sub_ctx_page_C_071E
							;
02D2							L02D2:
02D2 : BB 07			    "  "	[2]		mov	r3,#0x07
02D4 : BC 09			    "  "	[2]		mov	r4,#0x09
02D6 : BD 07			    "  "	[2]		mov	r5,#0x07
02D8 : 14 5B			    " ["	[2]		call	sub_005B
02DA : E4 1C			    "  "	[2]		jmp	sub_ctx_page_C_071E
							;
02DC : B8 6D F0 96 EE 18 F0 96	    " m      "			db	0xB8, 0x6D, 0xF0, 0x96, 0xEE, 0x18, 0xF0, 0x96
02E4 : EE 18 F0 97 13 FA F6 EE	    "        "			db	0xEE, 0x18, 0xF0, 0x97, 0x13, 0xFA, 0xF6, 0xEE
							;
02EC							sub_02EC:
02EC : B0 05			    "  "	[2]		mov	@r0,#0x05
02EE : 83			    " "		[2]		ret
							;
02EF : 31 32 33 34 35 36 37 38	    "12345678"			db	0x31, 0x32, 0x33, 0x34, 0x35, 0x36, 0x37, 0x38
02F7 : 39 3A 3B 3C 3D 3E 3F 40	    "9:;<=>?@"			db	0x39, 0x3A, 0x3B, 0x3C, 0x3D, 0x3E, 0x3F, 0x40
02FF : 41 F5 B4 0D B8 70 F0 B8	    "A    p  "			db	0x41, 0xF5, 0xB4, 0x0D, 0xB8, 0x70, 0xF0, 0xB8
0307 : 6D 37 03 12 F2 15 AE B4	    "m7      "			db	0x6D, 0x37, 0x03, 0x12, 0xF2, 0x15, 0xAE, 0xB4
030F : 5C EE 0E E5 64 17 94 D0	    "\   d   "			db	0x5C, 0xEE, 0x0E, 0xE5, 0x64, 0x17, 0x94, 0xD0
0317 : E5 B8 7C B0 0A 27 C8 A0	    "  |  '  "			db	0xE5, 0xB8, 0x7C, 0xB0, 0x0A, 0x27, 0xC8, 0xA0
031F : C8 A0 BD 00 BE 00 BF 0F	    "        "			db	0xC8, 0xA0, 0xBD, 0x00, 0xBE, 0x00, 0xBF, 0x0F
0327 : D4 A1 BA 00 BF 05 B6 EB	    "        "			db	0xD4, 0xA1, 0xBA, 0x00, 0xBF, 0x05, 0xB6, 0xEB
032F : BF 16 D4 A1 BA 01 BF 07	    "        "			db	0xBF, 0x16, 0xD4, 0xA1, 0xBA, 0x01, 0xBF, 0x07
0337 : B6 EB BF 21 D4 A1 BA 02	    "   !    "			db	0xB6, 0xEB, 0xBF, 0x21, 0xD4, 0xA1, 0xBA, 0x02
033F : BF 0B B6 EB BF 2F D4 A1	    "     /  "			db	0xBF, 0x0B, 0xB6, 0xEB, 0xBF, 0x2F, 0xD4, 0xA1
0347 : BA 03 BF 0E B6 EB BF 44	    "       D"			db	0xBA, 0x03, 0xBF, 0x0E, 0xB6, 0xEB, 0xBF, 0x44
034F : D4 A1 BA 04 BF 15 B6 EB	    "        "			db	0xD4, 0xA1, 0xBA, 0x04, 0xBF, 0x15, 0xB6, 0xEB
0357 : BF 64 D4 A1 BA 05 BF 20	    " d      "			db	0xBF, 0x64, 0xD4, 0xA1, 0xBA, 0x05, 0xBF, 0x20
035F : B6 EB BF 96 D4 A1 BA 06	    "        "			db	0xB6, 0xEB, 0xBF, 0x96, 0xD4, 0xA1, 0xBA, 0x06
0367 : BF 32 B6 EB BF DC D4 A1	    " 2      "			db	0xBF, 0x32, 0xB6, 0xEB, 0xBF, 0xDC, 0xD4, 0xA1
036F : BA 07 BF 46 B6 EB BE 01	    "   F    "			db	0xBA, 0x07, 0xBF, 0x46, 0xB6, 0xEB, 0xBE, 0x01
0377 : BF 4A D4 A1 BA 08 BF 6E	    " J     n"			db	0xBF, 0x4A, 0xD4, 0xA1, 0xBA, 0x08, 0xBF, 0x6E
037F : B6 EB BE 01 BF D6 D4 A1	    "        "			db	0xB6, 0xEB, 0xBE, 0x01, 0xBF, 0xD6, 0xD4, 0xA1
0387 : BA 09 BF 8C B6 EB BE 02	    "        "			db	0xBA, 0x09, 0xBF, 0x8C, 0xB6, 0xEB, 0xBE, 0x02
038F : BF A8 D4 A1 BA 0A BF D2	    "        "			db	0xBF, 0xA8, 0xD4, 0xA1, 0xBA, 0x0A, 0xBF, 0xD2
0397 : B6 EB BE 03 BF E8 D4 A1	    "        "			db	0xB6, 0xEB, 0xBE, 0x03, 0xBF, 0xE8, 0xD4, 0xA1
039F : BA 0B BE 01 BF 40 B6 EB	    "     @  "			db	0xBA, 0x0B, 0xBE, 0x01, 0xBF, 0x40, 0xB6, 0xEB
03A7 : BE 05 BF D5 D4 A1 BA 0C	    "        "			db	0xBE, 0x05, 0xBF, 0xD5, 0xD4, 0xA1, 0xBA, 0x0C
03AF : BE 01 BF F4 B6 EB BE 08	    "        "			db	0xBE, 0x01, 0xBF, 0xF4, 0xB6, 0xEB, 0xBE, 0x08
03B7 : BF 98 D4 A1 BA 0D BE 02	    "        "			db	0xBF, 0x98, 0xD4, 0xA1, 0xBA, 0x0D, 0xBE, 0x02
03BF : BF BC B6 EB BE 0C BF E4	    "        "			db	0xBF, 0xBC, 0xB6, 0xEB, 0xBE, 0x0C, 0xBF, 0xE4
03C7 : D4 A1 BA 0E BE 04 BF 4C	    "       L"			db	0xD4, 0xA1, 0xBA, 0x0E, 0xBE, 0x04, 0xBF, 0x4C
03CF : B6 EB BE 12 BF 5C D4 A1	    "     \  "			db	0xB6, 0xEB, 0xBE, 0x12, 0xBF, 0x5C, 0xD4, 0xA1
03D7 : BA 0F BE 05 BF 78 B6 EB	    "     x  "			db	0xBA, 0x0F, 0xBE, 0x05, 0xBF, 0x78, 0xB6, 0xEB
03DF : BE 1A BF 90 D4 A1 BA 10	    "        "			db	0xBE, 0x1A, 0xBF, 0x90, 0xD4, 0xA1, 0xBA, 0x10
03E7 : BE 08 BF 34 C4 8A 86 ED	    "   4    "			db	0xBE, 0x08, 0xBF, 0x34, 0xC4, 0x8A, 0x86, 0xED
03EF : 86 F3 64 EF 83 37 38 39	    "  d  789"			db	0x86, 0xF3, 0x64, 0xEF, 0x83, 0x37, 0x38, 0x39
03F7 : 3A 3B 3C 3D 3E 3F 40 41	    ":;<=>?@A"			db	0x3A, 0x3B, 0x3C, 0x3D, 0x3E, 0x3F, 0x40, 0x41
03FF : 42			    "B"				db	0x42
							;
0400							sub_0400:
0400 : F5			    " "		[1]		sel	mb1
0401 : B4 0D			    "  "	[2]		call	sub_050D
0403 : B4 E9			    "  "	[2]		call	sub_05E9
0405 : B9 70			    " p"	[2]		mov	r1,#0x70
0407 : F1			    " "		[1]		mov	a,@r1
0408 : 03 F6			    "  "	[2]		add	a,#0xF6
040A : AF			    " "		[1]		mov	r7,a
040B : B8 68			    " h"	[2]		mov	r0,#0x68
040D : F0			    " "		[1]		mov	a,@r0
040E : BE 00			    "  "	[2]		mov	r6,#0x00
0410 : 96 27			    " '"	[2]		jnz	L0427
0412 : 18			    " "		[1]		inc	r0
0413 : F0			    " "		[1]		mov	a,@r0
0414 : 03 F3			    "  "	[2]		add	a,#0xF3
0416 : E6 2A			    " *"	[2]		jnc	L042A
0418 : F0			    " "		[1]		mov	a,@r0
0419 : 03 F0			    "  "	[2]		add	a,#0xF0
041B : E6 62			    " b"	[2]		jnc	L0462
041D : F0			    " "		[1]		mov	a,@r0
041E : 03 E6			    "  "	[2]		add	a,#0xE6
0420 : E6 8C			    "  "	[2]		jnc	L048C
0422 : F0			    " "		[1]		mov	a,@r0
0423 : 03 CD			    "  "	[2]		add	a,#0xCD
0425 : E6 B6			    "  "	[2]		jnc	L04B6
0427							L0427:
0427 : E5			    " "		[1]		sel	mb0
0428 : C4 BE			    "  "	[2]		jmp	L06BE
							;
042A							L042A:
042A : B8 6D			    " m"	[2]		mov	r0,#0x6D
042C : FF			    " "		[1]		mov	a,r7
042D : 03 53			    " S"	[2]		add	a,#0x53
042F : A3			    " "		[2]		movp	a,@a
0430 : F2 3E			    " >"	[2]		jb7	L043E
0432 : AE			    " "		[1]		mov	r6,a
0433 : C6 3B			    " ;"	[2]		jz	L043B
0435							L0435:
0435 : B4 5C			    " \"	[2]		call	sub_055C
0437 : B6 E0			    "  "	[2]		jf0	L04E0
0439 : EE 35			    " 5"	[2]		djnz	r6,L0435
043B							L043B:
043B : E5			    " "		[1]		sel	mb0
043C : 84 44			    " D"	[2]		jmp	L0444
							;
043E							L043E:
043E : 53 0F			    "S "	[2]		anl	a,#0x0F
0440 : 94 D3			    "  "	[2]		call	sub_04D3
0442 : B6 50			    " P"	[2]		jf0	L0450
0444							L0444:
0444 : B9 7C			    " |"	[2]		mov	r1,#0x7C
0446 : B1 04			    "  "	[2]		mov	@r1,#0x04
0448 : C9			    " "		[1]		dec	r1
0449							sub_0449:
0449 : 27			    "'"		[1]		clr	a
044A : A1			    " "		[1]		mov	@r1,a
044B : C9			    " "		[1]		dec	r1
044C : A1			    " "		[1]		mov	@r1,a
044D : F5			    " "		[1]		sel	mb1
044E : 54 71			    "Tq"	[2]		call	sub_0271
0450							L0450:
0450 : 94 49			    " I"	[2]		call	sub_0449
0452 : 83			    " "		[2]		ret
							;
0453 : 0A 00 08 00 06 00 04 00	    "        "			db	0x0A, 0x00, 0x08, 0x00, 0x06, 0x00, 0x04, 0x00
045B : 02 00 00 00 F2 00 F4	    "       "			db	0x02, 0x00, 0x00, 0x00, 0xF2, 0x00, 0xF4
							;
0462							L0462:
0462 : B8 6D			    " m"	[2]		mov	r0,#0x6D
0464 : FF			    " "		[1]		mov	a,r7
0465 : 03 7D			    " }"	[2]		add	a,#0x7D
0467 : A3			    " "		[2]		movp	a,@a
0468 : F2 76			    " v"	[2]		jb7	L0476
046A : AE			    " "		[1]		mov	r6,a
046B : C6 73			    " s"	[2]		jz	L0473
046D							L046D:
046D : B4 5C			    " \"	[2]		call	sub_055C
046F : B6 E0			    "  "	[2]		jf0	L04E0
0471 : EE 6D			    " m"	[2]		djnz	r6,L046D
0473							L0473:
0473 : 94 49			    " I"	[2]		call	sub_0449
0475 : 83			    " "		[2]		ret
							;
0476							L0476:
0476 : 53 0F			    "S "	[2]		anl	a,#0x0F
0478 : 94 D3			    "  "	[2]		call	sub_04D3
047A : 94 49			    " I"	[2]		call	sub_0449
047C : 83			    " "		[2]		ret
							;
047D : 09 00 07 00 05 00 03 00	    "        "			db	0x09, 0x00, 0x07, 0x00, 0x05, 0x00, 0x03, 0x00
0485 : 01 00 F1 00 F3 00 F5	    "       "			db	0x01, 0x00, 0xF1, 0x00, 0xF3, 0x00, 0xF5
							;
048C							L048C:
048C : B8 6D			    " m"	[2]		mov	r0,#0x6D
048E : FF			    " "		[1]		mov	a,r7
048F : 03 A7			    "  "	[2]		add	a,#0xA7
0491 : A3			    " "		[2]		movp	a,@a
0492 : F2 A0			    "  "	[2]		jb7	L04A0
0494 : AE			    " "		[1]		mov	r6,a
0495 : C6 9D			    "  "	[2]		jz	L049D
0497							L0497:
0497 : B4 5C			    " \"	[2]		call	sub_055C
0499 : B6 E0			    "  "	[2]		jf0	L04E0
049B : EE 97			    "  "	[2]		djnz	r6,L0497
049D							L049D:
049D : 94 49			    " I"	[2]		call	sub_0449
049F : 83			    " "		[2]		ret
							;
04A0							L04A0:
04A0 : 53 0F			    "S "	[2]		anl	a,#0x0F
04A2 : 94 D3			    "  "	[2]		call	sub_04D3
04A4 : 94 49			    " I"	[2]		call	sub_0449
04A6 : 83			    " "		[2]		ret
							;
04A7 : 08 00 06			    "   "			db	0x08, 0x00, 0x06
							;
04AA							sub_04AA:
04AA : 00			    " "		[1]		nop
04AB : 04 00			    "  "	[2]		jmp	reset
							;
04AD : 02 00 00 00 F2 00 F4 00	    "        "			db	0x02, 0x00, 0x00, 0x00, 0xF2, 0x00, 0xF4, 0x00
04B5 : F6			    " "				db	0xF6
							;
04B6							L04B6:
04B6 : B8 6D			    " m"	[2]		mov	r0,#0x6D
04B8 : FF			    " "		[1]		mov	a,r7
04B9 : 03 D1			    "  "	[2]		add	a,#0xD1
04BB : A3			    " "		[2]		movp	a,@a
04BC : F2 CA			    "  "	[2]		jb7	L04CA
04BE : AE			    " "		[1]		mov	r6,a
04BF : C6 C7			    "  "	[2]		jz	L04C7
04C1							L04C1:
04C1 : B4 5C			    " \"	[2]		call	sub_055C
04C3 : B6 E0			    "  "	[2]		jf0	L04E0
04C5							sub_04C5:
04C5 : EE C1			    "  "	[2]		djnz	r6,L04C1
04C7							L04C7:
04C7 : 94 49			    " I"	[2]		call	sub_0449
04C9 : 83			    " "		[2]		ret
							;
04CA							L04CA:
04CA : 53 0F			    "S "	[2]		anl	a,#0x0F
04CC : 94 D3			    "  "	[2]		call	sub_04D3
04CE : 94 49			    " I"	[2]		call	sub_0449
04D0 : 83			    " "		[2]		ret
							;
04D1 : 07 00			    "  "			db	0x07, 0x00
							;
04D3							sub_04D3:
04D3 : 05			    " "		[1]		en	i
04D4 : 00			    " "		[1]		nop
04D5 : 03 00			    "  "	[2]		add	a,#0x00
							;
04D7 : 01 00 F1 00 F3 00 F5 00	    "        "			db	0x01, 0x00, 0xF1, 0x00, 0xF3, 0x00, 0xF5, 0x00
04DF : F7			    " "				db	0xF7
							;
04E0							L04E0:
04E0 : 94 C5			    "  "	[2]		call	sub_04C5
04E2 : 94 49			    " I"	[2]		call	sub_0449
04E4 : 83			    " "		[2]		ret
							;
04E5 : 29 2A 2B 2C 2D 2E 2F 30	    ")*+,-./0"			db	0x29, 0x2A, 0x2B, 0x2C, 0x2D, 0x2E, 0x2F, 0x30
04ED : 31 32 33 34 35 36 37 38	    "12345678"			db	0x31, 0x32, 0x33, 0x34, 0x35, 0x36, 0x37, 0x38
04F5 : 39 3A 3B 3C 3D 3E 3F 40	    "9:;<=>?@"			db	0x39, 0x3A, 0x3B, 0x3C, 0x3D, 0x3E, 0x3F, 0x40
04FD : 41 42 43			    "ABC"			db	0x41, 0x42, 0x43
							;
0500							sub_0500:
0500 : F5			    " "		[1]		sel	mb1
0501 : B8 66			    " f"	[2]		mov	r0,#0x66
							;
0503 : B0			    " "				db	0xB0
							;
0504							sub_0504:
0504 : 90			    " "		[2]		movx	@r0,a
0505 : C8			    " "		[1]		dec	r0
0506 : B0 41			    " A"	[2]		mov	@r0,#0x41
0508 : C8			    " "		[1]		dec	r0
0509 : B0 06			    "  "	[2]		mov	@r0,#0x06
050B : B8 71			    " q"	[2]		mov	r0,#0x71
050D							sub_050D:
050D : B0 11			    "  "	[2]		mov	@r0,#0x11
050F : B4 BD			    "  "	[2]		call	sub_05BD
0511 : B6 67			    " g"	[2]		jf0	L0567
0513 : B9 6D			    " m"	[2]		mov	r1,#0x6D
0515 : B8 64			    " d"	[2]		mov	r0,#0x64
0517 : B4 00			    "  "	[2]		call	sub_0500
0519 : B8 64			    " d"	[2]		mov	r0,#0x64
051B : B4 60			    " `"	[2]		call	sub_0560
051D : B6 32			    " 2"	[2]		jf0	L0532
051F : 54 00			    "T "	[2]		call	sub_0200
0521 : B9 64			    " d"	[2]		mov	r1,#0x64
0523 : B8 6D			    " m"	[2]		mov	r0,#0x6D
0525 : B4 00			    "  "	[2]		call	sub_0500
0527 : BE 0E			    "  "	[2]		mov	r6,#0x0E
0529 : B4 AC			    "  "	[2]		call	sub_05AC
052B : B8 6D			    " m"	[2]		mov	r0,#0x6D
052D : B4 69			    " i"	[2]		call	sub_0569
052F : E5			    " "		[1]		sel	mb0
0530 : A4 3A			    " :"	[2]		jmp	L053A
							;
0532							L0532:
0532 : B8 6D			    " m"	[2]		mov	r0,#0x6D
0534 : 54 00			    "T "	[2]		call	sub_0200
0536 : BE 0E			    "  "	[2]		mov	r6,#0x0E
0538 : B4 AC			    "  "	[2]		call	sub_05AC
053A							L053A:
053A : B8 6D			    " m"	[2]		mov	r0,#0x6D
053C : F5			    " "		[1]		sel	mb1
053D : B9 70			    " p"	[2]		mov	r1,#0x70
053F : F1			    " "		[1]		mov	a,@r1
0540 : 03 F6			    "  "	[2]		add	a,#0xF6
0542 : 03 58			    " X"	[2]		add	a,#0x58
0544 : A3			    " "		[2]		movp	a,@a
0545 : AE			    " "		[1]		mov	r6,a
0546 : C6 4E			    " N"	[2]		jz	L054E
0548 : F2 51			    " Q"	[2]		jb7	L0551
054A							L054A:
054A : B4 5C			    " \"	[2]		call	sub_055C
054C : EE 4A			    " J"	[2]		djnz	r6,L054A
054E							L054E:
054E : 94 49			    " I"	[2]		call	sub_0449
0550 : 83			    " "		[2]		ret
							;
0551							L0551:
0551 : 53 0F			    "S "	[2]		anl	a,#0x0F
0553 : 94 D3			    "  "	[2]		call	sub_04D3
0555 : 94 49			    " I"	[2]		call	sub_0449
0557 : 83			    " "		[2]		ret
							;
0558 : 03 00 02 00 01 00 00 00	    "        "			db	0x03, 0x00, 0x02, 0x00, 0x01, 0x00, 0x00, 0x00
							;
0560							sub_0560:
0560 : F1			    " "		[1]		mov	a,@r1
0561 : 00			    " "		[1]		nop
0562 : F2 00			    "  "	[2]		jb7	sub_0500
							;
0564 : F3 00 F4			    "   "			db	0xF3, 0x00, 0xF4
							;
0567							L0567:
0567 : B8 6D			    " m"	[2]		mov	r0,#0x6D
0569							sub_0569:
0569 : BE 04			    "  "	[2]		mov	r6,#0x04
056B : B4 AC			    "  "	[2]		call	sub_05AC
056D							sub_056D:
056D : B8 70			    " p"	[2]		mov	r0,#0x70
056F : F0			    " "		[1]		mov	a,@r0
0570 : 03 F6			    "  "	[2]		add	a,#0xF6
0572 : 03 99			    "  "	[2]		add	a,#0x99
0574 : A3			    " "		[2]		movp	a,@a
0575 : F2 83			    "  "	[2]		jb7	L0583
0577 : AE			    " "		[1]		mov	r6,a
0578 : C6 80			    "  "	[2]		jz	L0580
057A : B8 6D			    " m"	[2]		mov	r0,#0x6D
057C							L057C:
057C : B4 5C			    " \"	[2]		call	sub_055C
057E : EE 7C			    " |"	[2]		djnz	r6,L057C
0580							L0580:
0580 : E5			    " "		[1]		sel	mb0
0581 : A4 89			    "  "	[2]		jmp	L0589
							;
0583							L0583:
0583 : B8 6D			    " m"	[2]		mov	r0,#0x6D
0585 : 53 0F			    "S "	[2]		anl	a,#0x0F
0587 : 94 D3			    "  "	[2]		call	sub_04D3
0589							L0589:
0589 : F5			    " "		[1]		sel	mb1
058A : B9 7C			    " |"	[2]		mov	r1,#0x7C
058C : B1 10			    "  "	[2]		mov	@r1,#0x10
058E : C9			    " "		[1]		dec	r1
058F : B1 27			    " '"	[2]		mov	@r1,#0x27
0591 : C9			    " "		[1]		dec	r1
0592 : B1 00			    "  "	[2]		mov	@r1,#0x00
0594 : 94 00			    "  "	[2]		call	sub_0400
0596 : 94 49			    " I"	[2]		call	sub_0449
0598 : 83			    " "		[2]		ret
							;
0599 : 03 00 01 00 F1 00 F3 00	    "        "			db	0x03, 0x00, 0x01, 0x00, 0xF1, 0x00, 0xF3, 0x00
05A1 : F5 00 F7 00 F9 00 F9 F5	    "        "			db	0xF5, 0x00, 0xF7, 0x00, 0xF9, 0x00, 0xF9, 0xF5
05A9 : B8 7A B9			    " z "			db	0xB8, 0x7A, 0xB9
							;
05AC							sub_05AC:
05AC : 61			    "a"		[1]		add	a,@r1
05AD : 54 CC			    "T "	[2]		call	sub_02CC
05AF : B9 76			    " v"	[2]		mov	r1,#0x76
05B1 : 54 39			    "T9"	[2]		call	sub_0239
05B3 : B4 6D			    " m"	[2]		call	sub_056D
05B5 : B9 61			    " a"	[2]		mov	r1,#0x61
05B7 : 94 00			    "  "	[2]		call	sub_0400
05B9 : B8 7D			    " }"	[2]		mov	r0,#0x7D
05BB : B9 64			    " d"	[2]		mov	r1,#0x64
05BD							sub_05BD:
05BD : 54 CC			    "T "	[2]		call	sub_02CC
05BF : B9 76			    " v"	[2]		mov	r1,#0x76
05C1 : 54 39			    "T9"	[2]		call	sub_0239
05C3 : B4 6D			    " m"	[2]		call	sub_056D
05C5 : B9 64			    " d"	[2]		mov	r1,#0x64
05C7 : 94 00			    "  "	[2]		call	sub_0400
05C9 : B9 7A			    " z"	[2]		mov	r1,#0x7A
05CB : 54 CC			    "T "	[2]		call	sub_02CC
05CD : B9 6D			    " m"	[2]		mov	r1,#0x6D
05CF : 54 39			    "T9"	[2]		call	sub_0239
05D1 : B4 6D			    " m"	[2]		call	sub_056D
05D3 : B9 7A			    " z"	[2]		mov	r1,#0x7A
05D5 : 94 00			    "  "	[2]		call	sub_0400
05D7 : B4 69			    " i"	[2]		call	sub_0569
05D9 : B9 7D			    " }"	[2]		mov	r1,#0x7D
05DB : B8 6D			    " m"	[2]		mov	r0,#0x6D
05DD : B4 00			    "  "	[2]		call	sub_0500
05DF : 94 49			    " I"	[2]		call	sub_0449
05E1 : 83			    " "		[2]		ret
							;
05E2 : BA 05 A4 E8		    "    "			db	0xBA, 0x05, 0xA4, 0xE8
							;
05E6							sub_05E6:
05E6 : BA 04			    "  "	[2]		mov	r2,#0x04
05E8 : FA			    " "		[1]		mov	a,r2
05E9							sub_05E9:
05E9 : 68			    "h"		[1]		add	a,r0
05EA : A8			    " "		[1]		mov	r0,a
05EB : FA			    " "		[1]		mov	a,r2
05EC : 69			    "i"		[1]		add	a,r1
05ED : A9			    " "		[1]		mov	r1,a
05EE							L05EE:
05EE : C8			    " "		[1]		dec	r0
05EF : C9			    " "		[1]		dec	r1
05F0 : F0			    " "		[1]		mov	a,@r0
05F1 : A1			    " "		[1]		mov	@r1,a
05F2 : EA EE			    "  "	[2]		djnz	r2,L05EE
05F4 : 83			    " "		[2]		ret
							;
05F5 : 3A 3B 3C 3D 3E 3F 40 41	    ":;<=>?@A"			db	0x3A, 0x3B, 0x3C, 0x3D, 0x3E, 0x3F, 0x40, 0x41
05FD : 42 43 44 F5 B8 66 B0 20	    "BCD  f  "			db	0x42, 0x43, 0x44, 0xF5, 0xB8, 0x66, 0xB0, 0x20
0605 : C8 B0 4E C8 B0 00 B8 71	    "  N    q"			db	0xC8, 0xB0, 0x4E, 0xC8, 0xB0, 0x00, 0xB8, 0x71
060D : B0 12 B4 BD B6 3F B4 0D	    "     ?  "			db	0xB0, 0x12, 0xB4, 0xBD, 0xB6, 0x3F, 0xB4, 0x0D
0615 : B8 70 F0 37 03 13 C6 21	    " p 7   !"			db	0xB8, 0x70, 0xF0, 0x37, 0x03, 0x13, 0xC6, 0x21
061D : F2 2E 04 00 B9 66 E5 D4	    " .   f  "			db	0xF2, 0x2E, 0x04, 0x00, 0xB9, 0x66, 0xE5, 0xD4
0625 : 36 B8 64 B9 6D 54 CC B6	    "6 d mT  "			db	0x36, 0xB8, 0x64, 0xB9, 0x6D, 0x54, 0xCC, 0xB6
062D : 1F B9 6F E5 D4 36 94 49	    "  o  6 I"			db	0x1F, 0xB9, 0x6F, 0xE5, 0xD4, 0x36, 0x94, 0x49
0635 : 83 B1 64 27 C9 A1 C9 A1	    "  d'    "			db	0x83, 0xB1, 0x64, 0x27, 0xC9, 0xA1, 0xC9, 0xA1
063D : F5 83 B9 6D B8 64 B4 00	    "   m d  "			db	0xF5, 0x83, 0xB9, 0x6D, 0xB8, 0x64, 0xB4, 0x00
0645 : B8 64 B4 60 B6 5E 54 00	    " d ` ^T "			db	0xB8, 0x64, 0xB4, 0x60, 0xB6, 0x5E, 0x54, 0x00
064D : B9 64 B8 6D B4 00 BE 23	    " d m   #"			db	0xB9, 0x64, 0xB8, 0x6D, 0xB4, 0x00, 0xBE, 0x23
0655 : B4 AC B8 6D B4 69 E5 C4	    "   m i  "			db	0xB4, 0xAC, 0xB8, 0x6D, 0xB4, 0x69, 0xE5, 0xC4
065D : 66 B8 6D 54 00 BE 23 B4	    "f mT  # "			db	0x66, 0xB8, 0x6D, 0x54, 0x00, 0xBE, 0x23, 0xB4
0665 : AC F5 B8 70 F0 AF BE 08	    "   p    "			db	0xAC, 0xF5, 0xB8, 0x70, 0xF0, 0xAF, 0xBE, 0x08
066D : CE CF EF 6D FE C6 7C F2	    "   m  | "			db	0xCE, 0xCF, 0xEF, 0x6D, 0xFE, 0xC6, 0x7C, 0xF2
0675 : 7F B8 6D B4 5C EE 78 94	    "  m \ x "			db	0x7F, 0xB8, 0x6D, 0xB4, 0x5C, 0xEE, 0x78, 0x94
067D : 49 83 FE 37 03 01 B8 6D	    "I  7   m"			db	0x49, 0x83, 0xFE, 0x37, 0x03, 0x01, 0xB8, 0x6D
0685 : 94 D3 94 49 83 F5 B8 72	    "   I   r"			db	0x94, 0xD3, 0x94, 0x49, 0x83, 0xF5, 0xB8, 0x72
068D : FA A0 B8 7D 94 ED B8 6D	    "   }   m"			db	0xFA, 0xA0, 0xB8, 0x7D, 0x94, 0xED, 0xB8, 0x6D
0695 : B9 7A 54 CC B4 60 B9 7D	    " zT  ` }"			db	0xB9, 0x7A, 0x54, 0xCC, 0xB4, 0x60, 0xB9, 0x7D
069D : 54 71 E4 09 F5 B8 64 94	    "Tq    d "			db	0x54, 0x71, 0xE4, 0x09, 0xF5, 0xB8, 0x64, 0x94
06A5 : ED B9 6D B8 7D B4 00 B8	    "  m }   "			db	0xED, 0xB9, 0x6D, 0xB8, 0x7D, 0xB4, 0x00, 0xB8
06AD : 7D B9 64 54 CC B6 B8 B8	    "} dT    "			db	0x7D, 0xB9, 0x64, 0x54, 0xCC, 0xB6, 0xB8, 0xB8
06B5 : 7A 94 ED 27 AD AE AF E5	    "z  '    "			db	0x7A, 0x94, 0xED, 0x27, 0xAD, 0xAE, 0xAF, 0xE5
06BD : 83			    " "				db	0x83
							;
06BE							L06BE:
06BE : F5			    " "		[1]		sel	mb1
06BF : B8 6D			    " m"	[2]		mov	r0,#0x6D
06C1 : 27			    "'"		[1]		clr	a
06C2 : A0			    " "		[1]		mov	@r0,a
06C3 : 18			    " "		[1]		inc	r0
06C4 : A0			    " "		[1]		mov	@r0,a
06C5 : 18			    " "		[1]		inc	r0
06C6 : B0 0A			    "  "	[2]		mov	@r0,#0x0A
06C8 : 94 49			    " I"	[2]		call	sub_0449
06CA : 83			    " "		[2]		ret
							;
06CB							sub_06CB:
06CB : BB 03			    "  "	[2]		mov	r3,#0x03
06CD : B9 41			    " A"	[2]		mov	r1,#0x41
06CF							sub_06CF:
06CF : B8 20			    "  "	[2]		mov	r0,#0x20
06D1 : F5			    " "		[1]		sel	mb1
06D2 : B4 00			    "  "	[2]		call	sub_0500
06D4 : E5			    " "		[1]		sel	mb0
06D5 : B8 54			    " T"	[2]		mov	r0,#0x54
06D7 : B0 21			    " !"	[2]		mov	@r0,#0x21
06D9 : 18			    " "		[1]		inc	r0
06DA : B0 04			    "  "	[2]		mov	@r0,#0x04
06DC : 18			    " "		[1]		inc	r0
06DD : B0 7F			    "  "	[2]		mov	@r0,#0x7F
06DF : A5			    " "		[1]		clr	f1
06E0 : 85			    " "		[1]		clr	f0
06E1 : F4 08			    "  "	[2]		call	sub_ctx_page_C_070A
06E3 : B8 54			    " T"	[2]		mov	r0,#0x54
06E5 : B0 22			    " ""	[2]		mov	@r0,#0x22
06E7 : 18			    " "		[1]		inc	r0
06E8 : B0 06			    "  "	[2]		mov	@r0,#0x06
06EA : 18			    " "		[1]		inc	r0
06EB : B0 EF			    "  "	[2]		mov	@r0,#0xEF
06ED : 83			    " "		[2]		ret
							;
06EE : 34 35 36 37 38 39 3A 3B	    "456789:;"			db	0x34, 0x35, 0x36, 0x37, 0x38, 0x39, 0x3A, 0x3B
06F6 : 3C 3D 3E 3F 40 41 42 43	    "<=>?@ABC"			db	0x3C, 0x3D, 0x3E, 0x3F, 0x40, 0x41, 0x42, 0x43
06FE : 44 45 00 00 00 00 00 00	    "DE      "			db	0x44, 0x45, 0x00, 0x00, 0x00, 0x00, 0x00, 0x00
0706 : 64 00			    "d "			db	0x64, 0x00
							;
0708							sub_ctx_page_C_070A:
0708 : 89 02			    "  "	[2]		orl	p1,#0x02
070A : 00			    " "		[1]		nop
070B : 00			    " "		[1]		nop
070C : 00			    " "		[1]		nop
070D : 00			    " "		[1]		nop
070E : 00			    " "		[1]		nop
070F : 00			    " "		[1]		nop
0710 : 83			    " "		[2]		ret
							;
0711							sub_ctx_page_C_0713:
0711 : 89 02			    "  "	[2]		orl	p1,#0x02
0713 : 00			    " "		[1]		nop
0714 : 00			    " "		[1]		nop
0715 : 00			    " "		[1]		nop
0716 : 00			    " "		[1]		nop
0717 : 00			    " "		[1]		nop
0718 : 00			    " "		[1]		nop
0719 : 00			    " "		[1]		nop
071A : 00			    " "		[1]		nop
071B : 83			    " "		[2]		ret
							;
071C							sub_ctx_page_C_071E:
071C : 89 02			    "  "	[2]		orl	p1,#0x02
071E : 00			    " "		[1]		nop
071F : 00			    " "		[1]		nop
0720 : 00			    " "		[1]		nop
0721							sub_ctx_page_C_0723:
0721 : 89 02			    "  "	[2]		orl	p1,#0x02
0723 : 00			    " "		[1]		nop
0724 : 00			    " "		[1]		nop
0725 : 00			    " "		[1]		nop
0726 : 00			    " "		[1]		nop
0727 : 00			    " "		[1]		nop
0728							sub_ctx_page_C_072A:
0728 : 89 02			    "  "	[2]		orl	p1,#0x02
072A : F5			    " "		[1]		sel	mb1
072B : B8 66			    " f"	[2]		mov	r0,#0x66
072D : B0 10			    "  "	[2]		mov	@r0,#0x10
072F : C8			    " "		[1]		dec	r0
0730 : B0 27			    " '"	[2]		mov	@r0,#0x27
0732 : C8			    " "		[1]		dec	r0
0733 : B0 00			    "  "	[2]		mov	@r0,#0x00
0735 : B8 71			    " q"	[2]		mov	r0,#0x71
0737 : B0 12			    "  "	[2]		mov	@r0,#0x12
0739 : B4 BD			    "  "	[2]		call	sub_05BD
073B : B6 6E			    " n"	[2]		jf0	L076E
073D : B8 6D			    " m"	[2]		mov	r0,#0x6D
073F : BE 05			    "  "	[2]		mov	r6,#0x05
0741 : B4 AC			    "  "	[2]		call	sub_05AC
0743 : B8 70			    " p"	[2]		mov	r0,#0x70
0745 : F0			    " "		[1]		mov	a,@r0
0746 : 37			    "7"		[1]		cpl	a
0747 : 03 21			    " !"	[2]		add	a,#0x21
0749 : AF			    " "		[1]		mov	r7,a
074A : BE 08			    "  "	[2]		mov	r6,#0x08
074C							L074C:
074C : CE			    " "		[1]		dec	r6
074D : CF			    " "		[1]		dec	r7
074E : EF 4C			    " L"	[2]		djnz	r7,L074C
0750 : FE			    " "		[1]		mov	a,r6
0751 : C6 5A			    " Z"	[2]		jz	L075A
0753 : F2 5F			    " _"	[2]		jb7	L075F
0755 : 17			    " "		[1]		inc	a
0756 : B8 6D			    " m"	[2]		mov	r0,#0x6D
0758 : 94 D3			    "  "	[2]		call	sub_04D3
075A							L075A:
075A : 94 AA			    "  "	[2]		call	sub_04AA
075C : 94 49			    " I"	[2]		call	sub_0449
075E : 83			    " "		[2]		ret
							;
075F							L075F:
075F : 37			    "7"		[1]		cpl	a
0760 : 03 02			    "  "	[2]		add	a,#0x02
0762 : AE			    " "		[1]		mov	r6,a
0763 : B8 6D			    " m"	[2]		mov	r0,#0x6D
0765							L0765:
0765 : B4 5C			    " \"	[2]		call	sub_055C
0767 : EE 65			    " e"	[2]		djnz	r6,L0765
0769 : 94 AA			    "  "	[2]		call	sub_04AA
076B : 94 49			    " I"	[2]		call	sub_0449
076D : 83			    " "		[2]		ret
							;
076E							L076E:
076E : B9 6D			    " m"	[2]		mov	r1,#0x6D
0770 : B8 64			    " d"	[2]		mov	r0,#0x64
0772 : B4 00			    "  "	[2]		call	sub_0500
0774 : B8 64			    " d"	[2]		mov	r0,#0x64
0776 : B4 60			    " `"	[2]		call	sub_0560
0778 : B6 8D			    "  "	[2]		jf0	L078D
077A : 54 00			    "T "	[2]		call	sub_0200
077C : B9 64			    " d"	[2]		mov	r1,#0x64
077E : B8 6D			    " m"	[2]		mov	r0,#0x6D
0780 : B4 00			    "  "	[2]		call	sub_0500
0782 : BE 06			    "  "	[2]		mov	r6,#0x06
0784 : B4 AC			    "  "	[2]		call	sub_05AC
0786 : B8 6D			    " m"	[2]		mov	r0,#0x6D
0788 : B4 69			    " i"	[2]		call	sub_0569
078A : E5			    " "		[1]		sel	mb0
078B : E4 95			    "  "	[2]		jmp	L0795
							;
078D							L078D:
078D : B8 6D			    " m"	[2]		mov	r0,#0x6D
078F : 54 00			    "T "	[2]		call	sub_0200
0791 : BE 06			    "  "	[2]		mov	r6,#0x06
0793 : B4 AC			    "  "	[2]		call	sub_05AC
0795							L0795:
0795 : F5			    " "		[1]		sel	mb1
0796 : B8 70			    " p"	[2]		mov	r0,#0x70
0798 : F0			    " "		[1]		mov	a,@r0
0799 : AF			    " "		[1]		mov	r7,a
079A : BE 0A			    "  "	[2]		mov	r6,#0x0A
079C							L079C:
079C : CE			    " "		[1]		dec	r6
079D : CF			    " "		[1]		dec	r7
079E : EF 9C			    "  "	[2]		djnz	r7,L079C
07A0 : FE			    " "		[1]		mov	a,r6
07A1 : C6 AB			    "  "	[2]		jz	L07AB
07A3 : F2 AE			    "  "	[2]		jb7	L07AE
07A5 : B8 6D			    " m"	[2]		mov	r0,#0x6D
07A7							L07A7:
07A7 : B4 5C			    " \"	[2]		call	sub_055C
07A9 : EE A7			    "  "	[2]		djnz	r6,L07A7
07AB							L07AB:
07AB : 94 49			    " I"	[2]		call	sub_0449
07AD : 83			    " "		[2]		ret
							;
07AE							L07AE:
07AE : FE			    " "		[1]		mov	a,r6
07AF : 37			    "7"		[1]		cpl	a
07B0 : 03 01			    "  "	[2]		add	a,#0x01
07B2 : B8 6D			    " m"	[2]		mov	r0,#0x6D
07B4 : 94 D3			    "  "	[2]		call	sub_04D3
07B6 : 94 49			    " I"	[2]		call	sub_0449
07B8 : 83			    " "		[2]		ret
							;
07B9							sub_07B9:
07B9 : B8 22			    " ""	[2]		mov	r0,#0x22
07BB : F0			    " "		[1]		mov	a,@r0
07BC : C6 C1			    "  "	[2]		jz	L07C1
07BE : 14 9C			    "  "	[2]		call	sub_009C
07C0 : 1B			    " "		[1]		inc	r3
07C1							L07C1:
07C1 : B8 21			    " !"	[2]		mov	r0,#0x21
07C3 : F0			    " "		[1]		mov	a,@r0
07C4 : 53 F0			    "S "	[2]		anl	a,#0xF0
07C6 : C6 D8			    "  "	[2]		jz	L07D8
07C8 : D3 10			    "  "	[2]		xrl	a,#0x10
07CA : C6 D1			    "  "	[2]		jz	L07D1
07CC							L07CC:
07CC : 14 9C			    "  "	[2]		call	sub_009C
07CE : 1B			    " "		[1]		inc	r3
07CF : E4 D8			    "  "	[2]		jmp	L07D8
							;
07D1							L07D1:
07D1 : FB			    " "		[1]		mov	a,r3
07D2 : D3 06			    "  "	[2]		xrl	a,#0x06
07D4 : 96 D8			    "  "	[2]		jnz	L07D8
07D6 : E4 CC			    "  "	[2]		jmp	L07CC
							;
07D8							L07D8:
07D8 : BD 02			    "  "	[2]		mov	r5,#0x02
07DA : BC 09			    "  "	[2]		mov	r4,#0x09
07DC : FB			    " "		[1]		mov	a,r3
07DD : 13 F9			    "  "	[2]		addc	a,#0xF9
07DF : E6 E9			    "  "	[2]		jnc	L07E9
07E1 : BD 03			    "  "	[2]		mov	r5,#0x03
07E3 : FB			    " "		[1]		mov	a,r3
07E4 : 13 0C			    "  "	[2]		addc	a,#0x0C
07E6 : 53 0F			    "S "	[2]		anl	a,#0x0F
07E8 : AB			    " "		[1]		mov	r3,a
07E9							L07E9:
07E9 : 83			    " "		[2]		ret
							;
07EA : B8 6A FB A0 18 FC A0 18	    " j      "			db	0xB8, 0x6A, 0xFB, 0xA0, 0x18, 0xFC, 0xA0, 0x18
07F2 : FD A0 83 B8 6A F0 AB 18	    "    j   "			db	0xFD, 0xA0, 0x83, 0xB8, 0x6A, 0xF0, 0xAB, 0x18
07FA : F0 AC 85 83 45 46 B9 67	    "    EF g"			db	0xF0, 0xAC, 0x85, 0x83, 0x45, 0x46, 0xB9, 0x67
0802 : B8 76 B4 00 BE 02 BF 57	    " v     W"			db	0xB8, 0x76, 0xB4, 0x00, 0xBE, 0x02, 0xBF, 0x57
080A : 14 51 B6 5E BE 01 BF F3	    " Q ^    "			db	0x14, 0x51, 0xB6, 0x5E, 0xBE, 0x01, 0xBF, 0xF3
0812 : 14 51 B6 68 BE 01 BF 8F	    " Q h    "			db	0x14, 0x51, 0xB6, 0x68, 0xBE, 0x01, 0xBF, 0x8F
081A : 14 51 B6 72 BE 01 BF 2B	    " Q r   +"			db	0x14, 0x51, 0xB6, 0x72, 0xBE, 0x01, 0xBF, 0x2B
0822 : 14 51 B6 7C B8 78 F0 03	    " Q | x  "			db	0x14, 0x51, 0xB6, 0x7C, 0xB8, 0x78, 0xF0, 0x03
082A : 38 F6 86 F0 03 9C F6 90	    "8       "			db	0x38, 0xF6, 0x86, 0xF0, 0x03, 0x9C, 0xF6, 0x90
0832 : F0 03 CE F6 9A F0 03 E7	    "        "			db	0xF0, 0x03, 0xCE, 0xF6, 0x9A, 0xF0, 0x03, 0xE7
083A : F6 A4 F0 03 F1 F6 AE F0	    "        "			db	0xF6, 0xA4, 0xF0, 0x03, 0xF1, 0xF6, 0xAE, 0xF0
0842 : 03 F6 F6 B8 F0 03 FA F6	    "        "			db	0x03, 0xF6, 0xF6, 0xB8, 0xF0, 0x03, 0xFA, 0xF6
084A : C2 B8 78 B0 06 04 C2 BD	    "  x     "			db	0xC2, 0xB8, 0x78, 0xB0, 0x06, 0x04, 0xC2, 0xBD
0852 : 00 B8 64 94 ED B8 64 B9	    "  d   d "			db	0x00, 0xB8, 0x64, 0x94, 0xED, 0xB8, 0x64, 0xB9
085A : 76 54 CC 83 BA 0A BB 64	    "vT     d"			db	0x76, 0x54, 0xCC, 0x83, 0xBA, 0x0A, 0xBB, 0x64
0862 : BE 02 BF 58 04 CC BA 09	    "   X    "			db	0xBE, 0x02, 0xBF, 0x58, 0x04, 0xCC, 0xBA, 0x09
086A : BB 64 BE 01 BF F4 04 CC	    " d      "			db	0xBB, 0x64, 0xBE, 0x01, 0xBF, 0xF4, 0x04, 0xCC
0872 : BA 08 BB 64 BE 01 BF 90	    "   d    "			db	0xBA, 0x08, 0xBB, 0x64, 0xBE, 0x01, 0xBF, 0x90
087A : 04 CC BA 07 BB 64 BE 01	    "     d  "			db	0x04, 0xCC, 0xBA, 0x07, 0xBB, 0x64, 0xBE, 0x01
0882 : BF 2C 04 CC BA 06 BB 64	    " ,     d"			db	0xBF, 0x2C, 0x04, 0xCC, 0xBA, 0x06, 0xBB, 0x64
088A : BE 00 BF C8 04 CC BA 05	    "        "			db	0xBE, 0x00, 0xBF, 0xC8, 0x04, 0xCC, 0xBA, 0x05
0892 : BB 64 BE 00 BF 64 04 CC	    " d   d  "			db	0xBB, 0x64, 0xBE, 0x00, 0xBF, 0x64, 0x04, 0xCC
089A : BA 04 BB 32 BE 00 BF 32	    "   2   2"			db	0xBA, 0x04, 0xBB, 0x32, 0xBE, 0x00, 0xBF, 0x32
08A2 : 04 CC BA 03 BB 1F BE 00	    "        "			db	0x04, 0xCC, 0xBA, 0x03, 0xBB, 0x1F, 0xBE, 0x00
08AA : BF 1F 04 CC BA 02 BB 0A	    "        "			db	0xBF, 0x1F, 0x04, 0xCC, 0xBA, 0x02, 0xBB, 0x0A
08B2 : BE 00 BF 0F 04 CC BA 01	    "        "			db	0xBE, 0x00, 0xBF, 0x0F, 0x04, 0xCC, 0xBA, 0x01
08BA : BB 05 BE 00 BF 0A 04 CC	    "        "			db	0xBB, 0x05, 0xBE, 0x00, 0xBF, 0x0A, 0x04, 0xCC
08C2 : BA 00 BB 04 BE 00 BF 06	    "        "			db	0xBA, 0x00, 0xBB, 0x04, 0xBE, 0x00, 0xBF, 0x06
08CA : 04 CC B8 73 FA A0 18 FB	    "   s    "			db	0x04, 0xCC, 0xB8, 0x73, 0xFA, 0xA0, 0x18, 0xFB
08D2 : A0 BD 00 B8 64 94 ED B8	    "    d   "			db	0xA0, 0xBD, 0x00, 0xB8, 0x64, 0x94, 0xED, 0xB8
08DA : 76 B9 64 54 CC B4 60 B8	    "v dT  ` "			db	0x76, 0xB9, 0x64, 0x54, 0xCC, 0xB4, 0x60, 0xB8
08E2 : 74 F0 AF 27 AE AD B8 64	    "t  '   d"			db	0x74, 0xF0, 0xAF, 0x27, 0xAE, 0xAD, 0xB8, 0x64
08EA : 94 ED B8 76 B9 64 54 71	    "   v dTq"			db	0x94, 0xED, 0xB8, 0x76, 0xB9, 0x64, 0x54, 0x71
08F2 : E5 64 00 3D 3E 3F 40 41	    " d =>?@A"			db	0xE5, 0x64, 0x00, 0x3D, 0x3E, 0x3F, 0x40, 0x41
08FA : 42 43 44 45 46 47 B9 5E	    "BCDEFG ^"			db	0x42, 0x43, 0x44, 0x45, 0x46, 0x47, 0xB9, 0x5E
0902 : BF 04 27 A1 C9 EF 05 B9	    "  '     "			db	0xBF, 0x04, 0x27, 0xA1, 0xC9, 0xEF, 0x05, 0xB9
090A : 63 34 7F B9 5A 34 7F 34	    "c4  Z4 4"			db	0x63, 0x34, 0x7F, 0xB9, 0x5A, 0x34, 0x7F, 0x34
0912 : A5 27 B9 60 D4 B7 BC 06	    " ' `    "			db	0xA5, 0x27, 0xB9, 0x60, 0xD4, 0xB7, 0xBC, 0x06
091A : B9 60 D4 B5 EC 1A B8 63	    " `     c"			db	0xB9, 0x60, 0xD4, 0xB5, 0xEC, 0x1A, 0xB8, 0x63
0922 : BE 04 BF 5B 85 34 5E 24	    "   [ 4^$"			db	0xBE, 0x04, 0xBF, 0x5B, 0x85, 0x34, 0x5E, 0x24
092A : 4C BB 00 27 B9 63 BA 04	    "L  ' c  "			db	0x4C, 0xBB, 0x00, 0x27, 0xB9, 0x63, 0xBA, 0x04
0932 : D4 C5 BC 0A B8 63 B9 5A	    "     c Z"			db	0xD4, 0xC5, 0xBC, 0x0A, 0xB8, 0x63, 0xB9, 0x5A
093A : BD 04 97 F0 71 57 C8 C9	    "    qW  "			db	0xBD, 0x04, 0x97, 0xF0, 0x71, 0x57, 0xC8, 0xC9
0942 : ED 3D E6 4C 34 6F 1B EC	    " = L4o  "			db	0xED, 0x3D, 0xE6, 0x4C, 0x34, 0x6F, 0x1B, 0xEC
094A : 36 83 FF A8 FB 95 B6 5A	    "6      Z"			db	0x36, 0x83, 0xFF, 0xA8, 0xFB, 0x95, 0xB6, 0x5A
0952 : 40 A0 1F EE 2B 34 C3 83	    "@   +4  "			db	0x40, 0xA0, 0x1F, 0xEE, 0x2B, 0x34, 0xC3, 0x83
095A : 47 A0 24 2B B9 5A BD 04	    "G $+ Z  "			db	0x47, 0xA0, 0x24, 0x2B, 0xB9, 0x5A, 0xBD, 0x04
0962 : 97 A7 F1 37 17 13 99 A1	    "   7    "			db	0x97, 0xA7, 0xF1, 0x37, 0x17, 0x13, 0x99, 0xA1
096A : C9 97 ED 64 83 B8 63 B9	    "   d  c "			db	0xC9, 0x97, 0xED, 0x64, 0x83, 0xB8, 0x63, 0xB9
0972 : 5A BD 04 97 F0 71 57 A0	    "Z    qW "			db	0x5A, 0xBD, 0x04, 0x97, 0xF0, 0x71, 0x57, 0xA0
097A : C8 C9 ED 76 83 F9 AC BB	    "   v    "			db	0xC8, 0xC9, 0xED, 0x76, 0x83, 0xF9, 0xAC, 0xBB
0982 : 07 C9 C9 C9 F1 53 0F 96	    "     S  "			db	0x07, 0xC9, 0xC9, 0xC9, 0xF1, 0x53, 0x0F, 0x96
098A : 94 CB FC A9 23 00 D4 C3	    "    #   "			db	0x94, 0xCB, 0xFC, 0xA9, 0x23, 0x00, 0xD4, 0xC3
0992 : C6 A0 47 6B 47 AF FC A9	    "  GkG   "			db	0xC6, 0xA0, 0x47, 0x6B, 0x47, 0xAF, 0xFC, 0xA9
099A : FF C9 C9 C9 A1 83 EB 8C	    "        "			db	0xFF, 0xC9, 0xC9, 0xC9, 0xA1, 0x83, 0xEB, 0x8C
09A2 : 1B 24 94 B9 60 F1 47 53	    " $  ` GS"			db	0x1B, 0x24, 0x94, 0xB9, 0x60, 0xF1, 0x47, 0x53
09AA : 0F AB F1 53 0F A1 B9 57	    "   S   W"			db	0x0F, 0xAB, 0xF1, 0x53, 0x0F, 0xA1, 0xB9, 0x57
09B2 : F1 47 53 0F 37 17 6B 03	    " GS 7 k "			db	0xF1, 0x47, 0x53, 0x0F, 0x37, 0x17, 0x6B, 0x03
09BA : 02 53 0F AB F1 53 0F A1	    " S   S  "			db	0x02, 0x53, 0x0F, 0xAB, 0xF1, 0x53, 0x0F, 0xA1
09C2 : 83 B9 5A F1 53 0F 96 CF	    "  Z S   "			db	0x83, 0xB9, 0x5A, 0xF1, 0x53, 0x0F, 0x96, 0xCF
09CA : F1 47 A1 D4 B7 83 B8 67	    " G     g"			db	0xF1, 0x47, 0xA1, 0xD4, 0xB7, 0x83, 0xB8, 0x67
09D2 : 34 DA B8 4A 34 DA E5 83	    "4  J4   "			db	0x34, 0xDA, 0xB8, 0x4A, 0x34, 0xDA, 0xE5, 0x83
09DA : BA 03 F0 96 E4 18 EA DC	    "        "			db	0xBA, 0x03, 0xF0, 0x96, 0xE4, 0x18, 0xEA, 0xDC
09E2 : 85 95 83 BF FF EF E7 EE	    "        "			db	0x85, 0x95, 0x83, 0xBF, 0xFF, 0xEF, 0xE7, 0xEE
09EA : E5 83 BB 04 BC 09 BD 04	    "        "			db	0xE5, 0x83, 0xBB, 0x04, 0xBC, 0x09, 0xBD, 0x04
09F2 : B8 1B F0 F2 FD 34 D0 B6	    "     4  "			db	0xB8, 0x1B, 0xF0, 0xF2, 0xFD, 0x34, 0xD0, 0xB6
09FA : FD BD 0D E5 04 5B 23 07	    "     [# "			db	0xFD, 0xBD, 0x0D, 0xE5, 0x04, 0x5B, 0x23, 0x07
0A02 : B9 7F A1 F8 A9 94 E2 B8	    "        "			db	0xB9, 0x7F, 0xA1, 0xF8, 0xA9, 0x94, 0xE2, 0xB8
0A0A : 7C 94 ED B8 79 94 ED BB	    "|   y   "			db	0x7C, 0x94, 0xED, 0xB8, 0x79, 0x94, 0xED, 0xBB
0A12 : 09 94 22 EB 13 B8 7C 94	    "  "   | "			db	0x09, 0x94, 0x22, 0xEB, 0x13, 0xB8, 0x7C, 0x94
0A1A : E2 F9 A8 94 ED B9 79 54	    "      yT"			db	0xE2, 0xF9, 0xA8, 0x94, 0xED, 0xB9, 0x79, 0x54
0A22 : 71 94 00 94 23 94 E2 F8	    "q   #   "			db	0x71, 0x94, 0x00, 0x94, 0x23, 0x94, 0xE2, 0xF8
0A2A : A9 B8 79 94 ED B8 7F F0	    "  y     "			db	0xA9, 0xB8, 0x79, 0x94, 0xED, 0xB8, 0x7F, 0xF0
0A32 : 07 A0 96 17 F9 A8 83 BC	    "        "			db	0x07, 0xA0, 0x96, 0x17, 0xF9, 0xA8, 0x83, 0xBC
0A3A : 18 F8 AB B8 57 F4 E5 FB	    "    W   "			db	0x18, 0xF8, 0xAB, 0xB8, 0x57, 0xF4, 0xE5, 0xFB
0A42 : A8 18 18 F0 12 54 B8 57	    "     T W"			db	0xA8, 0x18, 0x18, 0xF0, 0x12, 0x54, 0xB8, 0x57
0A4A : 94 22 FB A8 94 23 EC 41	    " "   # A"			db	0x94, 0x22, 0xFB, 0xA8, 0x94, 0x23, 0xEC, 0x41
0A52 : 44 60 B8 57 94 00 94 23	    "D` W   #"			db	0x44, 0x60, 0xB8, 0x57, 0x94, 0x00, 0x94, 0x23
0A5A : FB A8 94 23 EC 41 BA 03	    "   # A  "			db	0xFB, 0xA8, 0x94, 0x23, 0xEC, 0x41, 0xBA, 0x03
0A62 : B8 57 85 F0 96 6D 18 EA	    " W   m  "			db	0xB8, 0x57, 0x85, 0xF0, 0x96, 0x6D, 0x18, 0xEA
0A6A : 65 44 6E 95 FB A8 83 F8	    "eDn     "			db	0x65, 0x44, 0x6E, 0x95, 0xFB, 0xA8, 0x83, 0xF8
0A72 : AC B8 57 F4 E5 BB 00 FC	    "  W     "			db	0xAC, 0xB8, 0x57, 0xF4, 0xE5, 0xBB, 0x00, 0xFC
0A7A : A8 94 E2 54 CC 94 ED B6	    "   T    "			db	0xA8, 0x94, 0xE2, 0x54, 0xCC, 0x94, 0xED, 0xB6
0A82 : B6 1B FB 03 E7 96 8D 85	    "        "			db	0xB6, 0x1B, 0xFB, 0x03, 0xE7, 0x96, 0x8D, 0x85
0A8A : 95 44 B6 94 22 B8 57 94	    " D  " W "			db	0x95, 0x44, 0xB6, 0x94, 0x22, 0xB8, 0x57, 0x94
0A92 : 23 FC A8 94 E2 54 CC 94	    "#    T  "			db	0x23, 0xFC, 0xA8, 0x94, 0xE2, 0x54, 0xCC, 0x94
0A9A : ED B6 9F 44 83 B8 57 94	    "   D  W "			db	0xED, 0xB6, 0x9F, 0x44, 0x83, 0xB8, 0x57, 0x94
0AA2 : 2F FC A8 94 30 54 CC 97	    "/   0T  "			db	0x2F, 0xFC, 0xA8, 0x94, 0x30, 0x54, 0xCC, 0x97
0AAA : A7 B8 57 94 30 FC A8 94	    "  W 0   "			db	0xA7, 0xB8, 0x57, 0x94, 0x30, 0xFC, 0xA8, 0x94
0AB2 : 30 EB BF 85 B8 57 94 E2	    "0    W  "			db	0x30, 0xEB, 0xBF, 0x85, 0xB8, 0x57, 0x94, 0xE2
0ABA : FC A8 94 ED 83 94 E2 54	    "       T"			db	0xFC, 0xA8, 0x94, 0xED, 0x83, 0x94, 0xE2, 0x54
0AC2 : CC B6 C7 44 A9 94 ED 97	    "   D    "			db	0xCC, 0xB6, 0xC7, 0x44, 0xA9, 0x94, 0xED, 0x97
0ACA : 44 AB BA 03 97 A7 18 18	    "D       "			db	0x44, 0xAB, 0xBA, 0x03, 0x97, 0xA7, 0x18, 0x18
0AD2 : 19 19 F1 E6 D9 C6 E1 A7	    "        "			db	0x19, 0x19, 0xF1, 0xE6, 0xD9, 0xC6, 0xE1, 0xA7
0ADA : 13 00 37 03 01 60 A0 C8	    "  7  `  "			db	0x13, 0x00, 0x37, 0x03, 0x01, 0x60, 0xA0, 0xC8
0AE2 : C9 EA D4 85 F6 E9 95 18	    "        "			db	0xC9, 0xEA, 0xD4, 0x85, 0xF6, 0xE9, 0x95, 0x18
0AEA : 19 83 F0 AA F1 A0 FA A1	    "        "			db	0x19, 0x83, 0xF0, 0xAA, 0xF1, 0xA0, 0xFA, 0xA1
0AF2 : 83 B8 57 B9 59 54 EC 83	    "  W YT  "			db	0x83, 0xB8, 0x57, 0xB9, 0x59, 0x54, 0xEC, 0x83
0AFA : 44 45 46 47 48 49 E5 34	    "DEFGHI 4"			db	0x44, 0x45, 0x46, 0x47, 0x48, 0x49, 0xE5, 0x34
0B02 : 1F 85 BA FF B8 40 F0 53	    "     @ S"			db	0x1F, 0x85, 0xBA, 0xFF, 0xB8, 0x40, 0xF0, 0x53
0B0A : 7F D3 05 96 10 AA 23 1F	    "      # "			db	0x7F, 0xD3, 0x05, 0x96, 0x10, 0xAA, 0x23, 0x1F
0B12 : B9 DF 91 99 1F 89 04 34	    "       4"			db	0xB9, 0xDF, 0x91, 0x99, 0x1F, 0x89, 0x04, 0x34
0B1A : C1 B8 28 F0 D3 03 BB 04	    "  (     "			db	0xC1, 0xB8, 0x28, 0xF0, 0xD3, 0x03, 0xBB, 0x04
0B22 : C6 26 96 2A 34 86 EB 26	    " & *4  &"			db	0xC6, 0x26, 0x96, 0x2A, 0x34, 0x86, 0xEB, 0x26
0B2A : 74 ED 54 00 B8 28 B9 21	    "t T  ( !"			db	0x74, 0xED, 0x54, 0x00, 0xB8, 0x28, 0xB9, 0x21
0B32 : F1 53 F0 AC D3 70 C6 60	    " S   p `"			db	0xF1, 0x53, 0xF0, 0xAC, 0xD3, 0x70, 0xC6, 0x60
0B3A : FC D3 F0 C6 44 FC D3 A0	    "    D   "			db	0xFC, 0xD3, 0xF0, 0xC6, 0x44, 0xFC, 0xD3, 0xA0
0B42 : 96 8D BB 03 FA 96 54 B8	    "      T "			db	0x96, 0x8D, 0xBB, 0x03, 0xFA, 0x96, 0x54, 0xB8
0B4A : 1B F0 BB 02 F2 54 03 F2	    "     T  "			db	0x1B, 0xF0, 0xBB, 0x02, 0xF2, 0x54, 0x03, 0xF2
0B52 : A3 AB FB B8 28 D0 C6 6A	    "    (  j"			db	0xA3, 0xAB, 0xFB, 0xB8, 0x28, 0xD0, 0xC6, 0x6A
0B5A : B6 8D 10 27 C6 19 F0 C6	    "   '    "			db	0xB6, 0x8D, 0x10, 0x27, 0xC6, 0x19, 0xF0, 0xC6
0B62 : 78 85 95 07 A0 27 C6 19	    "x    '  "			db	0x78, 0x85, 0x95, 0x07, 0xA0, 0x27, 0xC6, 0x19
0B6A : F0 D3 02 96 8D FC D3 A0	    "        "			db	0xF0, 0xD3, 0x02, 0x96, 0x8D, 0xFC, 0xD3, 0xA0
0B72 : 96 8D B1 0A C6 8D FA C6	    "        "			db	0x96, 0x8D, 0xB1, 0x0A, 0xC6, 0x8D, 0xFA, 0xC6
0B7A : 88 B8 20 F5 F4 E5 BB 06	    "        "			db	0x88, 0xB8, 0x20, 0xF5, 0xF4, 0xE5, 0xBB, 0x06
0B82 : BC 09 BD 07 64 D3 F5 D4	    "    d   "			db	0xBC, 0x09, 0xBD, 0x07, 0x64, 0xD3, 0xF5, 0xD4
0B8A : 96 24 EC FA C6 93 E5 44	    " $     D"			db	0x96, 0x24, 0xEC, 0xFA, 0xC6, 0x93, 0xE5, 0x44
0B92 : 5B B9 21 F1 53 F0 D3 F0	    "[ ! S   "			db	0x5B, 0xB9, 0x21, 0xF1, 0x53, 0xF0, 0xD3, 0xF0
0B9A : 96 A0 F1 53 0F A1 F5 D4	    "   S    "			db	0x96, 0xA0, 0xF1, 0x53, 0x0F, 0xA1, 0xF5, 0xD4
0BA2 : 96 A5 B8 28 F0 D3 01 96	    "   (    "			db	0x96, 0xA5, 0xB8, 0x28, 0xF0, 0xD3, 0x01, 0x96
0BAA : BA F1 53 F0 D3 10 96 BA	    "  S     "			db	0xBA, 0xF1, 0x53, 0xF0, 0xD3, 0x10, 0x96, 0xBA
0BB2 : BB 03 BC 09 BD 04 C6 CE	    "        "			db	0xBB, 0x03, 0xBC, 0x09, 0xBD, 0x04, 0xC6, 0xCE
0BBA : F0 03 EE A3 AB F0 D3 00	    "        "			db	0xF0, 0x03, 0xEE, 0xA3, 0xAB, 0xF0, 0xD3, 0x00
0BC2 : C6 CA BC 09 BD 00 96 CE	    "        "			db	0xC6, 0xCA, 0xBC, 0x09, 0xBD, 0x00, 0x96, 0xCE
0BCA : BC 09 BD 04 B6 DB E5 14	    "        "			db	0xBC, 0x09, 0xBD, 0x04, 0xB6, 0xDB, 0xE5, 0x14
0BD2 : B7 E5 85 F4 11 34 86 E4	    "     4  "			db	0xB7, 0xE5, 0x85, 0xF4, 0x11, 0x34, 0x86, 0xE4
0BDA : 1C E5 85 14 B7 FD D3 0C	    "        "			db	0x1C, 0xE5, 0x85, 0x14, 0xB7, 0xFD, 0xD3, 0x0C
0BE2 : 96 E5 AD FD D3 0D 96 D3	    "        "			db	0x96, 0xE5, 0xAD, 0xFD, 0xD3, 0x0D, 0x96, 0xD3
0BEA : BD 04 C6 D3 04 06 05 04	    "        "			db	0xBD, 0x04, 0xC6, 0xD3, 0x04, 0x06, 0x05, 0x04
0BF2 : 03 03 03 02 02 03 03 03	    "        "			db	0x03, 0x03, 0x03, 0x02, 0x02, 0x03, 0x03, 0x03
0BFA : 03 46 47 48 49 4A BA 03	    " FGHIJ  "			db	0x03, 0x46, 0x47, 0x48, 0x49, 0x4A, 0xBA, 0x03
0C02 : 97 18 18 19 19 F0 71 A0	    "      q "			db	0x97, 0x18, 0x18, 0x19, 0x19, 0xF0, 0x71, 0xA0
0C0A : C8 C9 EA 07 85 E6 12 95	    "        "			db	0xC8, 0xC9, 0xEA, 0x07, 0x85, 0xE6, 0x12, 0x95
0C12 : 18 19 83 97 BA 03 F0 67	    "       g"			db	0x18, 0x19, 0x83, 0x97, 0xBA, 0x03, 0xF0, 0x67
0C1A : A0 C8 EA 18 18 18 18 83	    "        "			db	0xA0, 0xC8, 0xEA, 0x18, 0x18, 0x18, 0x18, 0x83
0C22 : 97 BA 03 F0 67 A0 18 EA	    "    g   "			db	0x97, 0xBA, 0x03, 0xF0, 0x67, 0xA0, 0x18, 0xEA
0C2A : 25 C8 C8 C8 83 97 BA 03	    "%       "			db	0x25, 0xC8, 0xC8, 0xC8, 0x83, 0x97, 0xBA, 0x03
0C32 : 18 18 F0 F7 A0 C8 EA 34	    "       4"			db	0x18, 0x18, 0xF0, 0xF7, 0xA0, 0xC8, 0xEA, 0x34
0C3A : 18 83 97 BA 03 F0 F7 A0	    "        "			db	0x18, 0x83, 0x97, 0xBA, 0x03, 0xF0, 0xF7, 0xA0
0C42 : 18 EA 3F C8 C8 C8 83 E5	    "  ?     "			db	0x18, 0xEA, 0x3F, 0xC8, 0xC8, 0xC8, 0x83, 0xE5
0C4A : 54 DC F5 B8 21 F0 53 F0	    "T   ! S "			db	0x54, 0xDC, 0xF5, 0xB8, 0x21, 0xF0, 0x53, 0xF0
0C52 : A8 D3 A0 C6 94 F8 D3 C0	    "        "			db	0xA8, 0xD3, 0xA0, 0xC6, 0x94, 0xF8, 0xD3, 0xC0
0C5A : C6 94 B9 20 B8 32 B4 00	    "     2  "			db	0xC6, 0x94, 0xB9, 0x20, 0xB8, 0x32, 0xB4, 0x00
0C62 : B4 92 D4 00 54 F3 B9 57	    "    T  W"			db	0xB4, 0x92, 0xD4, 0x00, 0x54, 0xF3, 0xB9, 0x57
0C6A : B8 7D B4 00 B8 6C F0 B8	    " }   l  "			db	0xB8, 0x7D, 0xB4, 0x00, 0xB8, 0x6C, 0xF0, 0xB8
0C72 : 6A A5 96 80 F0 07 07 07	    "j       "			db	0x6A, 0xA5, 0x96, 0x80, 0xF0, 0x07, 0x07, 0x07
0C7A : 07 AE C6 8C 84 86 B5 F0	    "        "			db	0x07, 0xAE, 0xC6, 0x8C, 0x84, 0x86, 0xB5, 0xF0
0C82 : 07 AE C6 8C B8 7D B4 5C	    "     } \"			db	0x07, 0xAE, 0xC6, 0x8C, 0xB8, 0x7D, 0xB4, 0x5C
0C8A : EE 88 B9 7D B8 6D 54 CC	    "   } mT "			db	0xEE, 0x88, 0xB9, 0x7D, 0xB8, 0x6D, 0x54, 0xCC
0C92 : B6 9F 76 9A BD 0B E5 83	    "  v     "			db	0xB6, 0x9F, 0x76, 0x9A, 0xBD, 0x0B, 0xE5, 0x83
0C9A : BD 10 E5 A5 83 76 A5 BD	    "     v  "			db	0xBD, 0x10, 0xE5, 0xA5, 0x83, 0x76, 0xA5, 0xBD
0CA2 : 0C E5 83 BD 0D E5 A5 83	    "        "			db	0x0C, 0xE5, 0x83, 0xBD, 0x0D, 0xE5, 0xA5, 0x83
0CAA : B8 7C B0 0C C8 B0 FE C8	    " |      "			db	0xB8, 0x7C, 0xB0, 0x0C, 0xC8, 0xB0, 0xFE, 0xC8
0CB2 : B0 FF B9 6D 94 00 B6 C4	    "   m    "			db	0xB0, 0xFF, 0xB9, 0x6D, 0x94, 0x00, 0xB6, 0xC4
0CBA : B8 6D B0 00 18 B0 01 18	    " m      "			db	0xB8, 0x6D, 0xB0, 0x00, 0x18, 0xB0, 0x01, 0x18
0CC2 : B0 F4 83 B8 6D BA 03 23	    "    m  #"			db	0xB0, 0xF4, 0x83, 0xB8, 0x6D, 0xBA, 0x03, 0x23
0CCA : FF A0 18 EA CB 83 37 03	    "      7 "			db	0xFF, 0xA0, 0x18, 0xEA, 0xCB, 0x83, 0x37, 0x03
0CD2 : 01 B9 72 A1 B4 69 B6 E1	    "  r  i  "			db	0x01, 0xB9, 0x72, 0xA1, 0xB4, 0x69, 0xB6, 0xE1
0CDA : B9 72 F1 07 A1 96 D6 83	    " r      "			db	0xB9, 0x72, 0xF1, 0x07, 0xA1, 0x96, 0xD6, 0x83
0CE2 : F0 AD 18 F0 AE 18 F0 AF	    "        "			db	0xF0, 0xAD, 0x18, 0xF0, 0xAE, 0x18, 0xF0, 0xAF
0CEA : C8 C8 83 FD A0 18 FE A0	    "        "			db	0xC8, 0xC8, 0x83, 0xFD, 0xA0, 0x18, 0xFE, 0xA0
0CF2 : 18 FF A0 C8 C8 83 44 45	    "      DE"			db	0x18, 0xFF, 0xA0, 0xC8, 0xC8, 0x83, 0x44, 0x45
0CFA : 46 47 48 49 4A 4B BA 03	    "FGHIJK  "			db	0x46, 0x47, 0x48, 0x49, 0x4A, 0x4B, 0xBA, 0x03
0D02 : A4 06 BA 04 F1 A0 18 19	    "        "			db	0xA4, 0x06, 0xBA, 0x04, 0xF1, 0xA0, 0x18, 0x19
0D0A : EA 06 83 B9 4A B8 32 BA	    "    J 2 "			db	0xEA, 0x06, 0x83, 0xB9, 0x4A, 0xB8, 0x32, 0xBA
0D12 : 03 B4 06 B8 4D F0 37 03	    "    M 7 "			db	0x03, 0xB4, 0x06, 0xB8, 0x4D, 0xF0, 0x37, 0x03
0D1A : 07 18 60 03 0A B8 70 A0	    "  `   p "			db	0x07, 0x18, 0x60, 0x03, 0x0A, 0xB8, 0x70, 0xA0
0D22 : BF 06 B9 32 F1 53 0F 96	    "   2 S  "			db	0xBF, 0x06, 0xB9, 0x32, 0xF1, 0x53, 0x0F, 0x96
0D2A : 3A B8 34 BE 04 94 15 EE	    ": 4     "			db	0x3A, 0xB8, 0x34, 0xBE, 0x04, 0x94, 0x15, 0xEE
0D32 : 2F B9 70 F1 07 A1 EF 24	    "/ p    $"			db	0x2F, 0xB9, 0x70, 0xF1, 0x07, 0xA1, 0xEF, 0x24
0D3A : B9 70 F1 AF EF 42 A4 46	    " p   B F"			db	0xB9, 0x70, 0xF1, 0xAF, 0xEF, 0x42, 0xA4, 0x46
0D42 : EF 3E A4 51 B8 32 BE 04	    " > Q 2  "			db	0xEF, 0x3E, 0xA4, 0x51, 0xB8, 0x32, 0xBE, 0x04
0D4A : 94 3C EE 4A B9 70 11 D4	    " < J p  "			db	0x94, 0x3C, 0xEE, 0x4A, 0xB9, 0x70, 0x11, 0xD4
0D52 : 00 54 F3 B9 57 B8 6D B4	    " T  W m "			db	0x00, 0x54, 0xF3, 0xB9, 0x57, 0xB8, 0x6D, 0xB4
0D5A : 00 83 B4 76 A4 66 B4 7C	    "   v f |"			db	0x00, 0x83, 0xB4, 0x76, 0xA4, 0x66, 0xB4, 0x7C
0D62 : A4 66 B4 82 54 39 83 B4	    " f  T9  "			db	0xA4, 0x66, 0xB4, 0x82, 0x54, 0x39, 0x83, 0xB4
0D6A : 76 A4 73 B4 7C A4 73 B4	    "v s | s "			db	0x76, 0xA4, 0x73, 0xB4, 0x7C, 0xA4, 0x73, 0xB4
0D72 : 82 54 71 83 B9 5C B1 0A	    " Tq  \  "			db	0x82, 0x54, 0x71, 0x83, 0xB9, 0x5C, 0xB1, 0x0A
0D7A : A4 8B B9 5C B1 64 A4 8B	    "   \ d  "			db	0xA4, 0x8B, 0xB9, 0x5C, 0xB1, 0x64, 0xA4, 0x8B
0D82 : B9 5C B1 E8 C9 B1 03 A4	    " \      "			db	0xB9, 0x5C, 0xB1, 0xE8, 0xC9, 0xB1, 0x03, 0xA4
0D8A : 8E C9 27 A1 C9 27 A1 83	    "  '  '  "			db	0x8E, 0xC9, 0x27, 0xA1, 0xC9, 0x27, 0xA1, 0x83
0D92 : B8 33 F0 53 F0 03 60 E6	    " 3 S  ` "			db	0xB8, 0x33, 0xF0, 0x53, 0xF0, 0x03, 0x60, 0xE6
0D9A : 9F 27 30 A0 B5 83 B8 6C	    " '0    l"			db	0x9F, 0x27, 0x30, 0xA0, 0xB5, 0x83, 0xB8, 0x6C
0DA2 : F0 BD 00 A5 C6 AB BD 06	    "        "			db	0xF0, 0xBD, 0x00, 0xA5, 0xC6, 0xAB, 0xBD, 0x06
0DAA : B5 83 B8 57 F4 E5 B9 6D	    "   W   m"			db	0xB5, 0x83, 0xB8, 0x57, 0xF4, 0xE5, 0xB9, 0x6D
0DB2 : 94 00 EE B2 B9 57 B8 6D	    "     W m"			db	0x94, 0x00, 0xEE, 0xB2, 0xB9, 0x57, 0xB8, 0x6D
0DBA : B4 00 83 B4 0D B9 6D B8	    "      m "			db	0xB4, 0x00, 0x83, 0xB4, 0x0D, 0xB9, 0x6D, 0xB8
0DC2 : 61 B4 00 B4 E9 B8 70 F0	    "a     p "			db	0x61, 0xB4, 0x00, 0xB4, 0xE9, 0xB8, 0x70, 0xF0
0DCA : 37 18 60 AE F2 E8 C6 DA	    "7 `     "			db	0x37, 0x18, 0x60, 0xAE, 0xF2, 0xE8, 0xC6, 0xDA
0DD2 : B8 61 B4 5C B6 E8 EE D4	    " a \    "			db	0xB8, 0x61, 0xB4, 0x5C, 0xB6, 0xE8, 0xEE, 0xD4
0DDA : B8 61 B9 67 54 39 B6 E8	    " a gT9  "			db	0xB8, 0x61, 0xB9, 0x67, 0x54, 0x39, 0xB6, 0xE8
0DE2 : B8 64 B9 61 54 CC 83 B8	    " d aT   "			db	0xB8, 0x64, 0xB9, 0x61, 0x54, 0xCC, 0x83, 0xB8
0DEA : 6D B9 67 54 39 83 3D 3E	    "m gT9 =>"			db	0x6D, 0xB9, 0x67, 0x54, 0x39, 0x83, 0x3D, 0x3E
0DF2 : 3F 40 41 42 43 44 45 46	    "?@ABCDEF"			db	0x3F, 0x40, 0x41, 0x42, 0x43, 0x44, 0x45, 0x46
0DFA : 47 48 49 4A 4B 4C B8 57	    "GHIJKL W"			db	0x47, 0x48, 0x49, 0x4A, 0x4B, 0x4C, 0xB8, 0x57
0E02 : D4 6D BF 07 B8 32 F0 53	    " m   2 S"			db	0xD4, 0x6D, 0xBF, 0x07, 0xB8, 0x32, 0xF0, 0x53
0E0A : 0F B8 57 A0 D4 5D FF 37	    "  W  ] 7"			db	0x0F, 0xB8, 0x57, 0xA0, 0xD4, 0x5D, 0xFF, 0x37
0E12 : 17 03 08 AE B8 5A D4 6D	    "     Z m"			db	0x17, 0x03, 0x08, 0xAE, 0xB8, 0x5A, 0xD4, 0x6D
0E1A : B8 32 F0 53 0F B8 5A A0	    " 2 S  Z "			db	0xB8, 0x32, 0xF0, 0x53, 0x0F, 0xB8, 0x5A, 0xA0
0E22 : B8 5D D4 6D B8 5A B9 5D	    " ] m Z ]"			db	0xB8, 0x5D, 0xD4, 0x6D, 0xB8, 0x5A, 0xB9, 0x5D
0E2A : D4 78 BD 03 97 B8 5D F0	    " x    ] "			db	0xD4, 0x78, 0xBD, 0x03, 0x97, 0xB8, 0x5D, 0xF0
0E32 : F7 A0 18 ED 31 B8 5D B9	    "    1 ] "			db	0xF7, 0xA0, 0x18, 0xED, 0x31, 0xB8, 0x5D, 0xB9
0E3A : 5A D4 78 BC 02 BD 03 97	    "Z x     "			db	0x5A, 0xD4, 0x78, 0xBC, 0x02, 0xBD, 0x03, 0x97
0E42 : B8 5D F0 F7 A0 18 ED 44	    " ]     D"			db	0xB8, 0x5D, 0xF0, 0xF7, 0xA0, 0x18, 0xED, 0x44
0E4A : EC 3F B8 5D B9 5A D4 8B	    " ? ] Z  "			db	0xEC, 0x3F, 0xB8, 0x5D, 0xB9, 0x5A, 0xD4, 0x8B
0E52 : EE 22 B8 5A B9 57 D4 8B	    " " Z W  "			db	0xEE, 0x22, 0xB8, 0x5A, 0xB9, 0x57, 0xD4, 0x8B
0E5A : EF 0E 83 BC 04 BD 03 B8	    "        "			db	0xEF, 0x0E, 0x83, 0xBC, 0x04, 0xBD, 0x03, 0xB8
0E62 : 34 97 F0 67 A0 C8 ED 64	    "4  g   d"			db	0x34, 0x97, 0xF0, 0x67, 0xA0, 0xC8, 0xED, 0x64
0E6A : EC 5F 83 BA 03 FA 68 A8	    " _    h "			db	0xEC, 0x5F, 0x83, 0xBA, 0x03, 0xFA, 0x68, 0xA8
0E72 : 27 C8 A0 EA 73 83 BA 03	    "'   s   "			db	0x27, 0xC8, 0xA0, 0xEA, 0x73, 0x83, 0xBA, 0x03
0E7A : C4 7E BA 04 FA 68 A8 FA	    " ~   h  "			db	0xC4, 0x7E, 0xBA, 0x04, 0xFA, 0x68, 0xA8, 0xFA
0E82 : 69 A9 C8 C9 F0 A1 EA 84	    "i       "			db	0x69, 0xA9, 0xC8, 0xC9, 0xF0, 0xA1, 0xEA, 0x84
0E8A : 83 BD 03 97 F0 71 A1 18	    "     q  "			db	0x83, 0xBD, 0x03, 0x97, 0xF0, 0x71, 0xA1, 0x18
0E92 : 19 ED 8E 83 85 95 B8 28	    "       ("			db	0x19, 0xED, 0x8E, 0x83, 0x85, 0x95, 0xB8, 0x28
0E9A : F0 AA B8 52 D0 AB FA A0	    "   R    "			db	0xF0, 0xAA, 0xB8, 0x52, 0xD0, 0xAB, 0xFA, 0xA0
0EA2 : 18 FB C6 AC F0 D3 04 C6	    "        "			db	0x18, 0xFB, 0xC6, 0xAC, 0xF0, 0xD3, 0x04, 0xC6
0EAA : B3 83 F0 D3 04 C6 B3 10	    "        "			db	0xB3, 0x83, 0xF0, 0xD3, 0x04, 0xC6, 0xB3, 0x10
0EB2 : 83 85 83 F1 47 19 19 19	    "    G   "			db	0x83, 0x85, 0x83, 0xF1, 0x47, 0x19, 0x19, 0x19
0EBA : BA 04 C4 C5 F1 47 19 19	    "     G  "			db	0xBA, 0x04, 0xC4, 0xC5, 0xF1, 0x47, 0x19, 0x19
0EC2 : 19 BA 03 21 47 31 21 C9	    "   !G1! "			db	0x19, 0xBA, 0x03, 0x21, 0x47, 0x31, 0x21, 0xC9
0ECA : EA C5 53 0F 83 B9 5B 27	    "  S   ['"			db	0xEA, 0xC5, 0x53, 0x0F, 0x83, 0xB9, 0x5B, 0x27
0ED2 : D4 B7 AE AD B9 5B D4 B5	    "     [  "			db	0xD4, 0xB7, 0xAE, 0xAD, 0xB9, 0x5B, 0xD4, 0xB5
0EDA : EE D6 FD 37 17 03 08 C6	    "   7    "			db	0xEE, 0xD6, 0xFD, 0x37, 0x17, 0x03, 0x08, 0xC6
0EE2 : E5 F6 E6 83 AD B8 5B F0	    "      [ "			db	0xE5, 0xF6, 0xE6, 0x83, 0xAD, 0xB8, 0x5B, 0xF0
0EEA : 53 0F A0 ED F0 83 27 30	    "S     '0"			db	0x53, 0x0F, 0xA0, 0xED, 0xF0, 0x83, 0x27, 0x30
0EF2 : 18 ED E9 83 44 45 46 47	    "    DEFG"			db	0x18, 0xED, 0xE9, 0x83, 0x44, 0x45, 0x46, 0x47
0EFA : 48 49 4A 4B 4C 4D 00 00	    "HIJKLM  "			db	0x48, 0x49, 0x4A, 0x4B, 0x4C, 0x4D, 0x00, 0x00
0F02 : 00 E5 34 33 89 03 00 B8	    "  43    "			db	0x00, 0xE5, 0x34, 0x33, 0x89, 0x03, 0x00, 0xB8
0F0A : 73 F0 AC 03 4C A3 AB FC	    "s   L   "			db	0x73, 0xF0, 0xAC, 0x03, 0x4C, 0xA3, 0xAB, 0xFC
0F12 : 17 03 4C A3 AC C8 F0 6B	    "  L    k"			db	0x17, 0x03, 0x4C, 0xA3, 0xAC, 0xC8, 0xF0, 0x6B
0F1A : AB F0 6C AC FB A3 AF B8	    "  l     "			db	0xAB, 0xF0, 0x6C, 0xAC, 0xFB, 0xA3, 0xAF, 0xB8
0F22 : 61 94 ED 1B FB A3 AF B8	    "a       "			db	0x61, 0x94, 0xED, 0x1B, 0xFB, 0xA3, 0xAF, 0xB8
0F2A : 64 94 ED FC A3 B8 7A 94	    "d     z "			db	0x64, 0x94, 0xED, 0xFC, 0xA3, 0xB8, 0x7A, 0x94
0F32 : ED 1C FC A3 AF B8 7D 94	    "      } "			db	0xED, 0x1C, 0xFC, 0xA3, 0xAF, 0xB8, 0x7D, 0x94
0F3A : ED B4 60 B8 7A B4 60 B8	    "  ` z ` "			db	0xED, 0xB4, 0x60, 0xB8, 0x7A, 0xB4, 0x60, 0xB8
0F42 : 64 B4 60 B8 61 B4 60 E5	    "d ` a ` "			db	0x64, 0xB4, 0x60, 0xB8, 0x61, 0xB4, 0x60, 0xE5
0F4A : A4 A8 58 6A 7C 8D 9D AB	    "  Xj|   "			db	0xA4, 0xA8, 0x58, 0x6A, 0x7C, 0x8D, 0x9D, 0xAB
0F52 : B7 C1 CA D2 D9 DF 0A 0A	    "        "			db	0xB7, 0xC1, 0xCA, 0xD2, 0xD9, 0xDF, 0x0A, 0x0A
0F5A : 0A 0A 0A 0A 10 16 1C 22	    "       ""			db	0x0A, 0x0A, 0x0A, 0x0A, 0x10, 0x16, 0x1C, 0x22
0F62 : 28 32 64 96 C8 C8 BE DC	    "(2d     "			db	0x28, 0x32, 0x64, 0x96, 0xC8, 0xC8, 0xBE, 0xDC
0F6A : 0A 0A 0A 0A 0A 0F 14 19	    "        "			db	0x0A, 0x0A, 0x0A, 0x0A, 0x0A, 0x0F, 0x14, 0x19
0F72 : 1E 32 64 96 96 C8 C8 C8	    " 2d     "			db	0x1E, 0x32, 0x64, 0x96, 0x96, 0xC8, 0xC8, 0xC8
0F7A : F0 FF 0A 0A 0A 0A 0F 14	    "        "			db	0xF0, 0xFF, 0x0A, 0x0A, 0x0A, 0x0A, 0x0F, 0x14
0F82 : 19 1E 32 4B 64 96 C8 C8	    "  2Kd   "			db	0x19, 0x1E, 0x32, 0x4B, 0x64, 0x96, 0xC8, 0xC8
0F8A : C8 FA FF 0A 0A 0F 14 19	    "        "			db	0xC8, 0xFA, 0xFF, 0x0A, 0x0A, 0x0F, 0x14, 0x19
0F92 : 1E 28 46 64 64 96 96 AA	    " (Fdd   "			db	0x1E, 0x28, 0x46, 0x64, 0x64, 0x96, 0x96, 0xAA
0F9A : D2 FF FF 0A 14 14 1E 23	    "       #"			db	0xD2, 0xFF, 0xFF, 0x0A, 0x14, 0x14, 0x1E, 0x23
0FA2 : 41 4E 60 78 8C AA C8 FA	    "AN`x    "			db	0x41, 0x4E, 0x60, 0x78, 0x8C, 0xAA, 0xC8, 0xFA
0FAA : FF 23 2B 34 40 4C 5B 6E	    " #+4@L[n"			db	0xFF, 0x23, 0x2B, 0x34, 0x40, 0x4C, 0x5B, 0x6E
0FB2 : 8C A0 C8 F0 FF 31 3D 49	    "     1=I"			db	0x8C, 0xA0, 0xC8, 0xF0, 0xFF, 0x31, 0x3D, 0x49
0FBA : 5A 6E 82 A0 BE E6 FF 3D	    "Zn     ="			db	0x5A, 0x6E, 0x82, 0xA0, 0xBE, 0xE6, 0xFF, 0x3D
0FC2 : 4A 5A 6E 82 A0 BE E6 FF	    "JZn     "			db	0x4A, 0x5A, 0x6E, 0x82, 0xA0, 0xBE, 0xE6, 0xFF
0FCA : 46 56 64 82 96 B4 DC FF	    "FVd     "			db	0x46, 0x56, 0x64, 0x82, 0x96, 0xB4, 0xDC, 0xFF
0FD2 : 4E 60 78 8C AA C8 FA 56	    "N`x    V"			db	0x4E, 0x60, 0x78, 0x8C, 0xAA, 0xC8, 0xFA, 0x56
0FDA : 6E 82 A0 BE DC 56 6E 82	    "n    Vn "			db	0x6E, 0x82, 0xA0, 0xBE, 0xDC, 0x56, 0x6E, 0x82
0FE2 : A0 BE DC BA 03 27 A0 18	    "     '  "			db	0xA0, 0xBE, 0xDC, 0xBA, 0x03, 0x27, 0xA0, 0x18
0FEA : EA E8 C8 C8 C8 83 3F 40	    "      ?@"			db	0xEA, 0xE8, 0xC8, 0xC8, 0xC8, 0x83, 0x3F, 0x40
0FF2 : 41 42 43 44 45 46 47 48	    "ABCDEFGH"			db	0x41, 0x42, 0x43, 0x44, 0x45, 0x46, 0x47, 0x48
0FFA : 49 4A 4B 4C 4D 4E	    "IJKLMN"			db	0x49, 0x4A, 0x4B, 0x4C, 0x4D, 0x4E

;--------------------------------------------------------------
Symbol table
============

Value		Type	Name
-----		----	----
0000		Code	reset
0003		Code	INT
0007		Code	timer
0010		Code	start
001C		Code	L001C
0035		Code	L0035
0037		Code	L0037
0038		Code	sub_0038
0040		Code	L0040
0044		Code	L0044
0049		Code	sub_0049
004B		Code	L004B
004D		Code	L004D
005B		Code	sub_005B
0073		Code	L0073
009C		Code	sub_009C
00AD		Code	L00AD
00E4		Code	sub_00E4
0100		Code	sub_0100
016F		Code	sub_016F
0171		Code	L0171
0183		Code	L0183
0184		Code	L0184
0186		Code	sub_0186
0188		Code	L0188
018A		Code	L018A
0192		Code	L0192
019F		Code	L019F
01A0		Code	L01A0
01A7		Code	L01A7
01B0		Code	L01B0
01DD		Code	L01DD
01E3		Code	L01E3
01EB		Code	L01EB
0200		Code	sub_0200
0202		Code	L0202
0208		Code	L0208
020E		Code	L020E
020F		Code	L020F
0215		Code	L0215
021B		Code	sub_021B
021D		Code	L021D
0225		Code	L0225
022E		Code	L022E
0236		Code	L0236
0239		Code	sub_0239
023A		Code	L023A
0244		Code	L0244
0246		Code	L0246
024D		Code	L024D
0250		Code	L0250
0255		Code	L0255
0271		Code	sub_0271
0292		Code	L0292
02AA		Code	L02AA
02CC		Code	sub_02CC
02D2		Code	L02D2
02EC		Code	sub_02EC
0400		Code	sub_0400
0427		Code	L0427
042A		Code	L042A
0435		Code	L0435
043B		Code	L043B
043E		Code	L043E
0444		Code	L0444
0449		Code	sub_0449
0450		Code	L0450
0462		Code	L0462
046D		Code	L046D
0473		Code	L0473
0476		Code	L0476
048C		Code	L048C
0497		Code	L0497
049D		Code	L049D
04A0		Code	L04A0
04AA		Code	sub_04AA
04B6		Code	L04B6
04C1		Code	L04C1
04C5		Code	sub_04C5
04C7		Code	L04C7
04CA		Code	L04CA
04D3		Code	sub_04D3
04E0		Code	L04E0
0500		Code	sub_0500
0504		Code	sub_0504
050D		Code	sub_050D
0532		Code	L0532
053A		Code	L053A
054A		Code	L054A
054E		Code	L054E
0551		Code	L0551
055C		Code	sub_055C
0560		Code	sub_0560
0567		Code	L0567
0569		Code	sub_0569
056D		Code	sub_056D
057C		Code	L057C
0580		Code	L0580
0583		Code	L0583
0589		Code	L0589
05AC		Code	sub_05AC
05BD		Code	sub_05BD
05E6		Code	sub_05E6
05E9		Code	sub_05E9
05EE		Code	L05EE
06BE		Code	L06BE
06CB		Code	sub_06CB
06CF		Code	sub_06CF
0708		Code	sub_ctx_page_C_070A
0711		Code	sub_ctx_page_C_0713
071C		Code	sub_ctx_page_C_071E
0721		Code	sub_ctx_page_C_0723
0728		Code	sub_ctx_page_C_072A
074C		Code	L074C
075A		Code	L075A
075F		Code	L075F
0765		Code	L0765
076E		Code	L076E
078D		Code	L078D
0795		Code	L0795
079C		Code	L079C
07A7		Code	L07A7
07AB		Code	L07AB
07AE		Code	L07AE
07B9		Code	sub_07B9
07C1		Code	L07C1
07CC		Code	L07CC
07D1		Code	L07D1
07D8		Code	L07D8
07E9		Code	L07E9

Number of symbols:			130

;--------------------------------------------------------------
