							;
							;	Disassembled by:
							;		DASMx object code disassembler
							;		(c) Copyright 1996-2003   Conquest Consultants
							;		Version 1.40 (Oct 18 2003)
							;
							;	File:		B.bin
							;
							;	Size:		4096 bytes
							;	Checksum:	E344
							;	CRC-32:		3C9710B4
							;
							;	Date:		Sat Jun 02 10:05:11 2018
							;
							;	CPU:		Intel 8048 (MCS-48 family)
							;
							;
							;
								org	0x0000
							;
0000							reset:
0000 : F5			    " "		[1]		sel	mb1
0001 : 14 8E			    "  "	[2]		call	sub_008E
0003							INT:
0003 : 04 0F			    "  "	[2]		jmp	L000F
							;
0005 : 55 56			    "UV"			db	0x55, 0x56
							;
0007							timer:
0007 : 1B			    " "		[1]		inc	r3
0008 : 93			    " "		[2]		retr
							;
0009 : 00 00 5B 5C 5D 5E	    "  [\]^"			db	0x00, 0x00, 0x5B, 0x5C, 0x5D, 0x5E
							;
000F							L000F:
000F : 27			    "'"		[1]		clr	a
0010							start:
0010 : B9 F7			    "  "	[2]		mov	r1,#0xF7
0012 : 91			    " "		[2]		movx	@r1,a
0013 : B9 FB			    "  "	[2]		mov	r1,#0xFB
0015 : 91			    " "		[2]		movx	@r1,a
0016 : B8 7F			    "  "	[2]		mov	r0,#0x7F
0018 : 27			    "'"		[1]		clr	a
0019							L0019:
0019 : A0			    " "		[1]		mov	@r0,a
001A : E8 19			    "  "	[2]		djnz	r0,L0019
001C : F5			    " "		[1]		sel	mb1
001D : 74 BB			    "t "	[2]		call	sub_03BB
001F : E5			    " "		[1]		sel	mb0
0020 : B8 31			    " 1"	[2]		mov	r0,#0x31
0022 : B0 00			    "  "	[2]		mov	@r0,#0x00
0024 : B8 1B			    "  "	[2]		mov	r0,#0x1B
0026 : B0 F9			    "  "	[2]		mov	@r0,#0xF9
0028 : B8 50			    " P"	[2]		mov	r0,#0x50
002A : B0 BA			    "  "	[2]		mov	@r0,#0xBA
002C : 99 FB			    "  "	[2]		anl	p1,#0xFB
002E : 9A 7F			    "  "	[2]		anl	p2,#0x7F
0030 : 14 8E			    "  "	[2]		call	sub_008E
0032 : B8 BF			    "  "	[2]		mov	r0,#0xBF
0034 : 80			    " "		[2]		movx	a,@r0
0035 : B8 7F			    "  "	[2]		mov	r0,#0x7F
0037 : 80			    " "		[2]		movx	a,@r0
0038 : 74 8F			    "t "	[2]		call	sub_038F
003A							sub_003A:
003A : 14 3A			    " :"	[2]		call	sub_003A
003C							L003C:
003C : 23 1B			    "# "	[2]		mov	a,#0x1B
003E : B9 DF			    "  "	[2]		mov	r1,#0xDF
0040 : 91			    " "		[2]		movx	@r1,a
0041 : 14 4B			    " K"	[2]		call	sub_004B
0043 : 23 18			    "# "	[2]		mov	a,#0x18
0045 : B9 DF			    "  "	[2]		mov	r1,#0xDF
0047 : 91			    " "		[2]		movx	@r1,a
0048 : 14 4B			    " K"	[2]		call	sub_004B
004A : 83			    " "		[2]		ret
							;
004B							sub_004B:
004B : 94 A0			    "  "	[2]		call	sub_04A0
004D : D4 9C			    "  "	[2]		call	sub_069C
004F : B8 21			    " !"	[2]		mov	r0,#0x21
0051 : F0			    " "		[1]		mov	a,@r0
0052 : 53 F0			    "S "	[2]		anl	a,#0xF0
0054 : AA			    " "		[1]		mov	r2,a
0055 : D3 C0			    "  "	[2]		xrl	a,#0xC0
0057 : C6 74			    " t"	[2]		jz	L0074
0059 : FA			    " "		[1]		mov	a,r2
005A : D3 10			    "  "	[2]		xrl	a,#0x10
005C : C6 74			    " t"	[2]		jz	L0074
005E : FA			    " "		[1]		mov	a,r2
005F : D3 70			    " p"	[2]		xrl	a,#0x70
0061 : C6 74			    " t"	[2]		jz	L0074
0063 : F0			    " "		[1]		mov	a,@r0
0064 : 53 0F			    "S "	[2]		anl	a,#0x0F
0066 : 96 74			    " t"	[2]		jnz	L0074
0068 : C8			    " "		[1]		dec	r0
0069 : F0			    " "		[1]		mov	a,@r0
006A : 53 F0			    "S "	[2]		anl	a,#0xF0
006C : 97			    " "		[1]		clr	c
006D : 37			    "7"		[1]		cpl	a
006E : 03 50			    " P"	[2]		add	a,#0x50
0070 : E6 74			    " t"	[2]		jnc	L0074
0072 : 04 A7			    "  "	[2]		jmp	L00A7
							;
0074							L0074:
0074 : B8 20			    "  "	[2]		mov	r0,#0x20
0076 : B0 AA			    "  "	[2]		mov	@r0,#0xAA
0078 : 18			    " "		[1]		inc	r0
0079 : B0 AA			    "  "	[2]		mov	@r0,#0xAA
007B							sub_007B:
007B : 18			    " "		[1]		inc	r0
007C : B0 00			    "  "	[2]		mov	@r0,#0x00
007E : 85			    " "		[1]		clr	f0
007F : A5			    " "		[1]		clr	f1
0080 : BB 07			    "  "	[2]		mov	r3,#0x07
0082 : BC 09			    "  "	[2]		mov	r4,#0x09
0084 : BD 13			    "  "	[2]		mov	r5,#0x13
0086 : D4 00			    "  "	[2]		call	sub_0600
0088 : BC 00			    "  "	[2]		mov	r4,#0x00
008A : 74 BB			    "t "	[2]		call	sub_03BB
008C : 04 4B			    " K"	[2]		jmp	sub_004B
							;
008E							sub_008E:
008E : 89 F8			    "  "	[2]		orl	p1,#0xF8
0090 : 8A 7F			    "  "	[2]		orl	p2,#0x7F
0092 : 23 18			    "# "	[2]		mov	a,#0x18
0094 : B9 DF			    "  "	[2]		mov	r1,#0xDF
0096 : 91			    " "		[2]		movx	@r1,a
0097 : 23 33			    "#3"	[2]		mov	a,#0x33
0099 : B9 BF			    "  "	[2]		mov	r1,#0xBF
009B : 91			    " "		[2]		movx	@r1,a
009C : F9			    " "		[1]		mov	a,r1
009D : B9 FD			    "  "	[2]		mov	r1,#0xFD
009F : 91			    " "		[2]		movx	@r1,a
00A0 : 23 FF			    "# "	[2]		mov	a,#0xFF
00A2 : B9 FE			    "  "	[2]		mov	r1,#0xFE
00A4 : 91			    " "		[2]		movx	@r1,a
00A5 : 04 3C			    " <"	[2]		jmp	L003C
							;
00A7							L00A7:
00A7 : 23 18			    "# "	[2]		mov	a,#0x18
00A9 : B9 DF			    "  "	[2]		mov	r1,#0xDF
00AB : 91			    " "		[2]		movx	@r1,a
00AC : 83			    " "		[2]		ret
							;
00AD							L00AD:
00AD : 00			    " "		[1]		nop
00AE : BA 04			    "  "	[2]		mov	r2,#0x04
00B0 : B8 3E			    " >"	[2]		mov	r0,#0x3E
00B2							L00B2:
00B2 : F0			    " "		[1]		mov	a,@r0
00B3 : 47			    "G"		[1]		swap	a
00B4 : 18			    " "		[1]		inc	r0
00B5 : 30			    "0"		[1]		xchd	a,@r0
00B6 : C8			    " "		[1]		dec	r0
00B7 : A0			    " "		[1]		mov	@r0,a
00B8 : C8			    " "		[1]		dec	r0
00B9 : C8			    " "		[1]		dec	r0
00BA : EA B2			    "  "	[2]		djnz	r2,L00B2
00BC : BA 02			    "  "	[2]		mov	r2,#0x02
00BE : B9 3D			    " ="	[2]		mov	r1,#0x3D
00C0 : B8 3E			    " >"	[2]		mov	r0,#0x3E
00C2							L00C2:
00C2 : F0			    " "		[1]		mov	a,@r0
00C3 : AB			    " "		[1]		mov	r3,a
00C4 : F1			    " "		[1]		mov	a,@r1
00C5 : A0			    " "		[1]		mov	@r0,a
00C6 : C9			    " "		[1]		dec	r1
00C7 : C8			    " "		[1]		dec	r0
00C8 : F1			    " "		[1]		mov	a,@r1
00C9 : A0			    " "		[1]		mov	@r0,a
00CA : FB			    " "		[1]		mov	a,r3
00CB : A1			    " "		[1]		mov	@r1,a
00CC : B9 39			    " 9"	[2]		mov	r1,#0x39
00CE : B8 3A			    " :"	[2]		mov	r0,#0x3A
00D0 : EA C2			    "  "	[2]		djnz	r2,L00C2
00D2 : BB 04			    "  "	[2]		mov	r3,#0x04
00D4							L00D4:
00D4 : B8 38			    " 8"	[2]		mov	r0,#0x38
00D6 : F0			    " "		[1]		mov	a,@r0
00D7 : BA 08			    "  "	[2]		mov	r2,#0x08
00D9 : B8 3F			    " ?"	[2]		mov	r0,#0x3F
00DB							L00DB:
00DB : 20			    " "		[1]		xch	a,@r0
00DC : C8			    " "		[1]		dec	r0
00DD : EA DB			    "  "	[2]		djnz	r2,L00DB
00DF : EB D4			    "  "	[2]		djnz	r3,L00D4
00E1 : F5			    " "		[1]		sel	mb1
00E2 : B8 54			    " T"	[2]		mov	r0,#0x54
00E4 : F0			    " "		[1]		mov	a,@r0
00E5 : D3 21			    " !"	[2]		xrl	a,#0x21
00E7 : B9 6F			    " o"	[2]		mov	r1,#0x6F
00E9 : B8 3B			    " ;"	[2]		mov	r0,#0x3B
00EB : C6 F5			    "  "	[2]		jz	L00F5
00ED : B8 3F			    " ?"	[2]		mov	r0,#0x3F
00EF : B9 EF			    "  "	[2]		mov	r1,#0xEF
00F1 : 14 7B			    " {"	[2]		call	sub_007B
00F3 : B9 7F			    "  "	[2]		mov	r1,#0x7F
00F5							L00F5:
00F5 : 14 7B			    " {"	[2]		call	sub_007B
00F7 : E5			    " "		[1]		sel	mb0
00F8 : 83			    " "		[2]		ret
							;
00F9 : 49 4A 4B 4C 4D 4E 4F	    "IJKLMNO"			db	0x49, 0x4A, 0x4B, 0x4C, 0x4D, 0x4E, 0x4F
							;
0100							sub_ctx_page_C_0102:
0100 : 89 02			    "  "	[2]		orl	p1,#0x02
0102 : 00			    " "		[1]		nop
0103 : 00			    " "		[1]		nop
0104 : 00			    " "		[1]		nop
0105							sub_ctx_page_C_0107:
0105 : 89 02			    "  "	[2]		orl	p1,#0x02
0107 : 00			    " "		[1]		nop
0108 : 00			    " "		[1]		nop
0109 : 00			    " "		[1]		nop
010A							sub_ctx_page_C_010C:
010A : 89 02			    "  "	[2]		orl	p1,#0x02
010C : 00			    " "		[1]		nop
010D : 00			    " "		[1]		nop
010E : 00			    " "		[1]		nop
010F : 00			    " "		[1]		nop
0110 : 00			    " "		[1]		nop
0111							sub_ctx_in_B_0111:
0111 : 00			    " "		[1]		nop
0112 : 64 00			    "d "	[2]		jmp	L0300
							;
0114 : 00 00 00 00 00 00 94 A9	    "        "			db	0x00, 0x00, 0x00, 0x00, 0x00, 0x00, 0x94, 0xA9
011C : 89 02 00 00 00 00 24 14	    "      $ "			db	0x89, 0x02, 0x00, 0x00, 0x00, 0x00, 0x24, 0x14
0124 : 89 02 00 00 00 89 02 00	    "        "			db	0x89, 0x02, 0x00, 0x00, 0x00, 0x89, 0x02, 0x00
012C : 00 00 89 02 00 00 00 89	    "        "			db	0x00, 0x00, 0x89, 0x02, 0x00, 0x00, 0x00, 0x89
0134 : 02 00 00 00 89 02 00 00	    "        "			db	0x02, 0x00, 0x00, 0x00, 0x89, 0x02, 0x00, 0x00
013C : 00 00 00 00 89 02 00 00	    "        "			db	0x00, 0x00, 0x00, 0x00, 0x89, 0x02, 0x00, 0x00
0144 : 00 00 00 00 89 02 00 00	    "        "			db	0x00, 0x00, 0x00, 0x00, 0x89, 0x02, 0x00, 0x00
014C : 00 00 89 02 00 00 00 89	    "        "			db	0x00, 0x00, 0x89, 0x02, 0x00, 0x00, 0x00, 0x89
0154 : 02 00 00 00 00 00 00 89	    "        "			db	0x02, 0x00, 0x00, 0x00, 0x00, 0x00, 0x00, 0x89
015C : 02 00 00 00 00 00 00 00	    "        "			db	0x02, 0x00, 0x00, 0x00, 0x00, 0x00, 0x00, 0x00
0164 : 89 02 00 00 00 00 00 00	    "        "			db	0x89, 0x02, 0x00, 0x00, 0x00, 0x00, 0x00, 0x00
016C : 00 89 02 00 00 00 24 0F	    "      $ "			db	0x00, 0x89, 0x02, 0x00, 0x00, 0x00, 0x24, 0x0F
							;
0174							L0174:
0174 : B8 1B			    "  "	[2]		mov	r0,#0x1B
0176 : B9 40			    " @"	[2]		mov	r1,#0x40
0178 : 53 1F			    "S "	[2]		anl	a,#0x1F
017A : 03 7D			    " }"	[2]		add	a,#0x7D
017C : B3			    " "		[2]		jmpp	@a						;INFO: indirect jump
							;
017D : 33 BA BE 40 48 C8 53 5B	    "3  @H S["			db	0x33, 0xBA, 0xBE, 0x40, 0x48, 0xC8, 0x53, 0x5B
0185 : 64 6D 24 C2 94 98 9C A0	    "dm$     "			db	0x64, 0x6D, 0x24, 0xC2, 0x94, 0x98, 0x9C, 0xA0
018D : A4 A8 AC B0 B4 CE D6 B0	    "        "			db	0xA4, 0xA8, 0xAC, 0xB0, 0xB4, 0xCE, 0xD6, 0xB0
0195 : 03 24 B6 B0 04 24 B6 B0	    " $   $  "			db	0x03, 0x24, 0xB6, 0xB0, 0x04, 0x24, 0xB6, 0xB0
019D : 05 24 B6 B0 06 24 B6 B0	    " $   $  "			db	0x05, 0x24, 0xB6, 0xB0, 0x06, 0x24, 0xB6, 0xB0
01A5 : 02 24 B6 B0 01 24 B6 B0	    " $   $  "			db	0x02, 0x24, 0xB6, 0xB0, 0x01, 0x24, 0xB6, 0xB0
01AD : 00 24 B6 B0 07 24 B6 B0	    " $   $  "			db	0x00, 0x24, 0xB6, 0xB0, 0x07, 0x24, 0xB6, 0xB0
01B5 : 08 B1 16 24 05 B1 16 24	    "   $   $"			db	0x08, 0xB1, 0x16, 0x24, 0x05, 0xB1, 0x16, 0x24
01BD : 33 B1 16 24 38 B8 1A B0	    "3  $8   "			db	0x33, 0xB1, 0x16, 0x24, 0x38, 0xB8, 0x1A, 0xB0
01C5 : 02 24 4E B8 1A B0 01 24	    " $N    $"			db	0x02, 0x24, 0x4E, 0xB8, 0x1A, 0xB0, 0x01, 0x24
01CD : 4E B8 40 B0 00 74 8F 24	    "N @  t $"			db	0x4E, 0xB8, 0x40, 0xB0, 0x00, 0x74, 0x8F, 0x24
01D5 : 0A 74 8F B8 20 27 A0 18	    " t   '  "			db	0x0A, 0x74, 0x8F, 0xB8, 0x20, 0x27, 0xA0, 0x18
01DD : A0 18 B0 BB BB 06 BC 09	    "        "			db	0xA0, 0x18, 0xB0, 0xBB, 0xBB, 0x06, 0xBC, 0x09
01E5 : BD 09 85 A5 54 00 24 05	    "    T $ "			db	0xBD, 0x09, 0x85, 0xA5, 0x54, 0x00, 0x24, 0x05
01ED : 3E 3F 40 41 42 43 44 45	    ">?@ABCDE"			db	0x3E, 0x3F, 0x40, 0x41, 0x42, 0x43, 0x44, 0x45
01F5 : 46 47 48 49 4A 4B 4C 4D	    "FGHIJKLM"			db	0x46, 0x47, 0x48, 0x49, 0x4A, 0x4B, 0x4C, 0x4D
01FD : 4E 4F 50			    "NOP"			db	0x4E, 0x4F, 0x50
							;
0200							sub_0200:
0200 : 23 FF			    "# "	[2]		mov	a,#0xFF
0202 : 3F			    "?"		[2]		movd	p7,a
0203 : 0E			    " "		[2]		movd	a,p6
0204 : 52 42			    "RB"	[2]		jb2	L0242
0206 : F4 52			    " R"	[2]		call	sub_0752
0208 : FD			    " "		[1]		mov	a,r5
0209 : D3 11			    "  "	[2]		xrl	a,#0x11
020B : C6 43			    " C"	[2]		jz	L0243
020D : AF			    " "		[1]		mov	r7,a
020E : BE 03			    "  "	[2]		mov	r6,#0x03
0210 : B8 22			    " ""	[2]		mov	r0,#0x22
0212 : FB			    " "		[1]		mov	a,r3
0213 : AF			    " "		[1]		mov	r7,a
0214 : D3 07			    "  "	[2]		xrl	a,#0x07
0216 : 96 1A			    "  "	[2]		jnz	L021A
0218 : BF 06			    "  "	[2]		mov	r7,#0x06
021A							L021A:
021A : F0			    " "		[1]		mov	a,@r0
021B : 47			    "G"		[1]		swap	a
021C : 53 0F			    "S "	[2]		anl	a,#0x0F
021E : 54 68			    "Th"	[2]		call	sub_0268
0220 : 54 80			    "T "	[2]		call	sub_0280
0222 : CF			    " "		[1]		dec	r7
0223 : FF			    " "		[1]		mov	a,r7
0224 : 96 28			    " ("	[2]		jnz	L0228
0226 : 54 7B			    "T{"	[2]		call	sub_027B
0228							L0228:
0228 : F0			    " "		[1]		mov	a,@r0
0229 : 53 0F			    "S "	[2]		anl	a,#0x0F
022B : 54 68			    "Th"	[2]		call	sub_0268
022D : 54 80			    "T "	[2]		call	sub_0280
022F : CF			    " "		[1]		dec	r7
0230 : FF			    " "		[1]		mov	a,r7
0231 : 96 35			    " 5"	[2]		jnz	L0235
0233 : 54 7B			    "T{"	[2]		call	sub_027B
0235							L0235:
0235 : C8			    " "		[1]		dec	r0
0236 : EE 1A			    "  "	[2]		djnz	r6,L021A
0238 : B4 00			    "  "	[2]		call	sub_0500
023A							L023A:
023A : 23 0D			    "# "	[2]		mov	a,#0x0D
023C : 54 80			    "T "	[2]		call	sub_0280
023E : 23 0A			    "# "	[2]		mov	a,#0x0A
0240 : 54 80			    "T "	[2]		call	sub_0280
0242							L0242:
0242 : 83			    " "		[2]		ret
							;
0243							L0243:
0243 : BE 05			    "  "	[2]		mov	r6,#0x05
0245 : 03 63			    " c"	[2]		add	a,#0x63
0247 : AF			    " "		[1]		mov	r7,a
0248							L0248:
0248 : A3			    " "		[2]		movp	a,@a
0249 : 54 80			    "T "	[2]		call	sub_0280
024B : 1F			    " "		[1]		inc	r7
024C : FF			    " "		[1]		mov	a,r7
024D : EE 48			    " H"	[2]		djnz	r6,L0248
024F : B8 20			    "  "	[2]		mov	r0,#0x20
0251 : F0			    " "		[1]		mov	a,@r0
0252 : 53 0F			    "S "	[2]		anl	a,#0x0F
0254 : 54 68			    "Th"	[2]		call	sub_0268
0256 : 54 80			    "T "	[2]		call	sub_0280
0258 : BE 09			    "  "	[2]		mov	r6,#0x09
025A : BF 20			    "  "	[2]		mov	r7,#0x20
025C							L025C:
025C : FF			    " "		[1]		mov	a,r7
025D : 54 80			    "T "	[2]		call	sub_0280
025F : EE 5C			    " \"	[2]		djnz	r6,L025C
0261 : 44 3A			    "D:"	[2]		jmp	L023A
							;
0263 : 45 52 52 20 30		    "ERR 0"			db	0x45, 0x52, 0x52, 0x20, 0x30
							;
0268							sub_0268:
0268 : 03 F6			    "  "	[2]		add	a,#0xF6
026A : F6 73			    " s"	[2]		jc	L0273
026C : 03 0A			    "  "	[2]		add	a,#0x0A
026E : 53 0F			    "S "	[2]		anl	a,#0x0F
0270 : 43 30			    "C0"	[2]		orl	a,#0x30
0272 : 83			    " "		[2]		ret
							;
0273							L0273:
0273 : C6 78			    " x"	[2]		jz	L0278
0275 : 23 20			    "# "	[2]		mov	a,#0x20
0277 : 83			    " "		[2]		ret
							;
0278							L0278:
0278 : 23 2D			    "#-"	[2]		mov	a,#0x2D
027A : 83			    " "		[2]		ret
							;
027B							sub_027B:
027B : 23 2E			    "#."	[2]		mov	a,#0x2E
027D : 54 80			    "T "	[2]		call	sub_0280
027F : 83			    " "		[2]		ret
							;
0280							sub_0280:
0280 : 3C			    "<"		[2]		movd	p4,a
0281 : 47			    "G"		[1]		swap	a
0282 : 3D			    "="		[2]		movd	p5,a
0283 : 23 FB			    "# "	[2]		mov	a,#0xFB
0285 : 9F			    " "		[2]		anld	p7,a
0286 : BA FF			    "  "	[2]		mov	r2,#0xFF
0288							L0288:
0288 : 0E			    " "		[2]		movd	a,p6
0289 : 37			    "7"		[1]		cpl	a
028A : 72 8E			    "r "	[2]		jb3	L028E
028C : EA 88			    "  "	[2]		djnz	r2,L0288
028E							L028E:
028E : 23 04			    "# "	[2]		mov	a,#0x04
0290 : 8F			    " "		[2]		orld	p7,a
0291 : 83			    " "		[2]		ret
							;
0292 : 14 8E			    "  "			db	0x14, 0x8E
							;
0294							L0294:
0294 : B8 40			    " @"	[2]		mov	r0,#0x40
0296 : B0 16			    "  "	[2]		mov	@r0,#0x16
0298 : 94 A0			    "  "	[2]		call	sub_04A0
029A : B8 20			    "  "	[2]		mov	r0,#0x20
029C : FB			    " "		[1]		mov	a,r3
029D : 43 E0			    "C "	[2]		orl	a,#0xE0
029F : A0			    " "		[1]		mov	@r0,a
02A0 : 18			    " "		[1]		inc	r0
02A1 : B0 EF			    "  "	[2]		mov	@r0,#0xEF
02A3 : 18			    " "		[1]		inc	r0
02A4 : B0 DE			    "  "	[2]		mov	@r0,#0xDE
02A6 : BB 06			    "  "	[2]		mov	r3,#0x06
02A8 : BC 09			    "  "	[2]		mov	r4,#0x09
02AA : BD 11			    "  "	[2]		mov	r5,#0x11
02AC : 85			    " "		[1]		clr	f0
02AD : A5			    " "		[1]		clr	f1
02AE : 54 00			    "T "	[2]		call	sub_0200
02B0 : D4 00			    "  "	[2]		call	sub_0600
02B2 : 94 97			    "  "	[2]		call	sub_0497
02B4 : 94 97			    "  "	[2]		call	sub_0497
02B6 : 74 8F			    "t "	[2]		call	sub_038F
02B8 : 24 00			    "$ "	[2]		jmp	sub_ctx_page_C_0102
							;
02BA							sub_02BA:
02BA : 23 05			    "# "	[2]		mov	a,#0x05
02BC : DE			    " "		[1]		xrl	a,r6
02BD : C6 C7			    "  "	[2]		jz	L02C7
02BF : 23 0B			    "# "	[2]		mov	a,#0x0B
02C1 : DE			    " "		[1]		xrl	a,r6
02C2 : C6 C7			    "  "	[2]		jz	L02C7
02C4 : 74 8F			    "t "	[2]		call	sub_038F
02C6 : 83			    " "		[2]		ret
							;
02C7							L02C7:
02C7 : 99 FB			    "  "	[2]		anl	p1,#0xFB
02C9 : 89 40			    " @"	[2]		orl	p1,#0x40
02CB : 54 D8			    "T "	[2]		call	sub_02D8
02CD : BD 04			    "  "	[2]		mov	r5,#0x04
02CF							L02CF:
02CF : 94 97			    "  "	[2]		call	sub_0497
02D1 : ED CF			    "  "	[2]		djnz	r5,L02CF
02D3 : 89 20			    "  "	[2]		orl	p1,#0x20
02D5 : 74 8F			    "t "	[2]		call	sub_038F
02D7 : 83			    " "		[2]		ret
							;
02D8							sub_02D8:
02D8 : B8 20			    "  "	[2]		mov	r0,#0x20
02DA : B0 AA			    "  "	[2]		mov	@r0,#0xAA
02DC : 18			    " "		[1]		inc	r0
02DD : B0 AA			    "  "	[2]		mov	@r0,#0xAA
02DF : 18			    " "		[1]		inc	r0
02E0 : B0 00			    "  "	[2]		mov	@r0,#0x00
02E2 : 85			    " "		[1]		clr	f0
02E3 : A5			    " "		[1]		clr	f1
02E4 : BB 07			    "  "	[2]		mov	r3,#0x07
02E6 : BC 09			    "  "	[2]		mov	r4,#0x09
02E8 : BD 13			    "  "	[2]		mov	r5,#0x13
02EA : D4 00			    "  "	[2]		call	sub_0600
02EC : BC 00			    "  "	[2]		mov	r4,#0x00
02EE : 74 BB			    "t "	[2]		call	sub_03BB
02F0 : 83			    " "		[2]		ret
							;
02F1 : 43 44 45 46 47 48 49 4A	    "CDEFGHIJ"			db	0x43, 0x44, 0x45, 0x46, 0x47, 0x48, 0x49, 0x4A
02F9 : 4B 4C 4D 4E 4F 50 51	    "KLMNOPQ"			db	0x4B, 0x4C, 0x4D, 0x4E, 0x4F, 0x50, 0x51
							;
0300							L0300:
0300 : 85			    " "		[1]		clr	f0
0301 : 0C			    " "		[2]		movd	a,p4
0302 : 0D			    " "		[2]		movd	a,p5
0303 : 0E			    " "		[2]		movd	a,p6
0304 : 23 FF			    "# "	[2]		mov	a,#0xFF
0306 : 3F			    "?"		[2]		movd	p7,a
0307 : BA FF			    "  "	[2]		mov	r2,#0xFF
0309 : B8 7F			    "  "	[2]		mov	r0,#0x7F
030B : 23 FE			    "# "	[2]		mov	a,#0xFE
030D : 3F			    "?"		[2]		movd	p7,a
030E							L030E:
030E : 0E			    " "		[2]		movd	a,p6
030F : 37			    "7"		[1]		cpl	a
0310 : 12 24			    " $"	[2]		jb0	L0324
0312 : EA 0E			    "  "	[2]		djnz	r2,L030E
0314 : 23 FF			    "# "	[2]		mov	a,#0xFF
0316 : 3F			    "?"		[2]		movd	p7,a
0317 : B8 40			    " @"	[2]		mov	r0,#0x40
0319 : F0			    " "		[1]		mov	a,@r0
031A : F2 20			    "  "	[2]		jb7	L0320
031C : C6 22			    " ""	[2]		jz	L0322
031E : 24 74			    "$t"	[2]		jmp	L0174
							;
0320							L0320:
0320 : B0 00			    "  "	[2]		mov	@r0,#0x00
0322							L0322:
0322 : 24 0A			    "$ "	[2]		jmp	sub_ctx_page_C_010C
							;
0324							L0324:
0324 : 74 69			    "ti"	[2]		call	sub_0369
0326 : 53 7F			    "S "	[2]		anl	a,#0x7F
0328 : AF			    " "		[1]		mov	r7,a
0329 : D3 2D			    " -"	[2]		xrl	a,#0x2D
032B : C6 5E			    " ^"	[2]		jz	L035E
032D : FF			    " "		[1]		mov	a,r7
032E : D3 2B			    " +"	[2]		xrl	a,#0x2B
0330 : C6 5E			    " ^"	[2]		jz	L035E
0332 : FF			    " "		[1]		mov	a,r7
0333 : D3 25			    " %"	[2]		xrl	a,#0x25
0335 : C6 5E			    " ^"	[2]		jz	L035E
0337 : FF			    " "		[1]		mov	a,r7
0338 : D3 2E			    " ."	[2]		xrl	a,#0x2E
033A : C6 5E			    " ^"	[2]		jz	L035E
033C : FF			    " "		[1]		mov	a,r7
033D : D3 2F			    " /"	[2]		xrl	a,#0x2F
033F : C6 5E			    " ^"	[2]		jz	L035E
0341 : FF			    " "		[1]		mov	a,r7
0342 : D3 0A			    "  "	[2]		xrl	a,#0x0A
0344 : C6 5E			    " ^"	[2]		jz	L035E
0346 : FF			    " "		[1]		mov	a,r7
0347 : 03 D1			    "  "	[2]		add	a,#0xD1
0349 : F6 4D			    " M"	[2]		jc	L034D
034B : 64 24			    "d$"	[2]		jmp	L0324
							;
034D							L034D:
034D : FF			    " "		[1]		mov	a,r7
034E : 03 C6			    "  "	[2]		add	a,#0xC6
0350 : E6 5C			    " \"	[2]		jnc	L035C
0352 : FF			    " "		[1]		mov	a,r7
0353 : 03 A5			    "  "	[2]		add	a,#0xA5
0355 : F6 5E			    " ^"	[2]		jc	L035E
0357							sub_0357:
0357 : FF			    " "		[1]		mov	a,r7
0358 : 03 20			    "  "	[2]		add	a,#0x20
035A : 64 5F			    "d_"	[2]		jmp	L035F
							;
035C							L035C:
035C : 85			    " "		[1]		clr	f0
035D : 95			    " "		[1]		cpl	f0
035E							L035E:
035E : FF			    " "		[1]		mov	a,r7
035F							L035F:
035F : A0			    " "		[1]		mov	@r0,a
0360 : D3 0A			    "  "	[2]		xrl	a,#0x0A
0362 : C6 67			    " g"	[2]		jz	L0367
0364 : C8			    " "		[1]		dec	r0
0365 : 64 24			    "d$"	[2]		jmp	L0324
0367							L0367:
0367 : 84 00			    "  "	[2]		jmp	L0400
							;
0369							sub_0369:
0369 : BA FF			    "  "	[2]		mov	r2,#0xFF
036B							L036B:
036B : 0E			    " "		[2]		movd	a,p6
036C : 37			    "7"		[1]		cpl	a
036D : 12 7D			    " }"	[2]		jb0	L037D
036F : EA 6B			    " k"	[2]		djnz	r2,L036B
0371 : 23 FF			    "# "	[2]		mov	a,#0xFF
0373 : 3F			    "?"		[2]		movd	p7,a
0374 : B8 40			    " @"	[2]		mov	r0,#0x40
0376 : F0			    " "		[1]		mov	a,@r0
0377 : C6 7B			    " {"	[2]		jz	L037B
0379 : 24 74			    "$t"	[2]		jmp	L0174
037B							L037B:
037B : 24 0A			    "$ "	[2]		jmp	sub_ctx_page_C_010C
							;
037D							L037D:
037D : 0D			    " "		[2]		movd	a,p5
037E : 47			    "G"		[1]		swap	a
037F : AF			    " "		[1]		mov	r7,a
0380 : 0C			    " "		[2]		movd	a,p4
0381 : 4F			    "O"		[1]		orl	a,r7
0382 : AF			    " "		[1]		mov	r7,a
0383 : 23 FD			    "# "	[2]		mov	a,#0xFD
0385 : 9F			    " "		[2]		anld	p7,a
0386							L0386:
0386 : 0E			    " "		[2]		movd	a,p6
0387 : 37			    "7"		[1]		cpl	a
0388 : 12 86			    "  "	[2]		jb0	L0386
038A : 23 02			    "# "	[2]		mov	a,#0x02
038C : 8F			    " "		[2]		orld	p7,a
038D : FF			    " "		[1]		mov	a,r7
038E : 83			    " "		[2]		ret
							;
038F							sub_038F:
038F : 14 8E			    "  "	[2]		call	sub_008E
0391 : B8 20			    "  "	[2]		mov	r0,#0x20
0393 : B0 00			    "  "	[2]		mov	@r0,#0x00
0395 : 18			    " "		[1]		inc	r0
0396 : B0 00			    "  "	[2]		mov	@r0,#0x00
0398 : 18			    " "		[1]		inc	r0
0399 : B0 BB			    "  "	[2]		mov	@r0,#0xBB
039B : 27			    "'"		[1]		clr	a
039C : B8 28			    " ("	[2]		mov	r0,#0x28
039E : A0			    " "		[1]		mov	@r0,a
039F : B8 53			    " S"	[2]		mov	r0,#0x53
03A1 : A0			    " "		[1]		mov	@r0,a
03A2 : A5			    " "		[1]		clr	f1
03A3 : BB 07			    "  "	[2]		mov	r3,#0x07
03A5 : BC 09			    "  "	[2]		mov	r4,#0x09
03A7 : BD 09			    "  "	[2]		mov	r5,#0x09
03A9 : 85			    " "		[1]		clr	f0
03AA : 95			    " "		[1]		cpl	f0
03AB : D4 00			    "  "	[2]		call	sub_0600
03AD : BC 09			    "  "	[2]		mov	r4,#0x09
03AF : 74 BB			    "t "	[2]		call	sub_03BB
03B1 : B8 31			    " 1"	[2]		mov	r0,#0x31
03B3 : F0			    " "		[1]		mov	a,@r0
03B4 : 53 01			    "S "	[2]		anl	a,#0x01
03B6 : A0			    " "		[1]		mov	@r0,a
03B7 : 18			    " "		[1]		inc	r0
03B8 : F4 26			    " &"	[2]		call	sub_0726
03BA : 83			    " "		[2]		ret
							;
03BB							sub_03BB:
03BB : BB 03			    "  "	[2]		mov	r3,#0x03
03BD : B9 41			    " A"	[2]		mov	r1,#0x41
03BF : B8 20			    "  "	[2]		mov	r0,#0x20
03C1 : F5			    " "		[1]		sel	mb1
03C2 : 74 57			    "tW"	[2]		call	sub_0357
03C4 : E5			    " "		[1]		sel	mb0
03C5 : B8 54			    " T"	[2]		mov	r0,#0x54
03C7 : B0 21			    " !"	[2]		mov	@r0,#0x21
03C9 : 18			    " "		[1]		inc	r0
03CA : B0 04			    "  "	[2]		mov	@r0,#0x04
03CC : 18			    " "		[1]		inc	r0
03CD : B0 7F			    "  "	[2]		mov	@r0,#0x7F
03CF : A5			    " "		[1]		clr	f1
03D0 : 85			    " "		[1]		clr	f0
03D1 : D4 00			    "  "	[2]		call	sub_0600
03D3 : B8 54			    " T"	[2]		mov	r0,#0x54
03D5 : B0 22			    " ""	[2]		mov	@r0,#0x22
03D7 : 18			    " "		[1]		inc	r0
03D8 : B0 06			    "  "	[2]		mov	@r0,#0x06
03DA : 18			    " "		[1]		inc	r0
03DB : B0 EF			    "  "	[2]		mov	@r0,#0xEF
03DD : 83			    " "		[2]		ret
							;
03DE : 31 32 33 34 35 36 37 38	    "12345678"			db	0x31, 0x32, 0x33, 0x34, 0x35, 0x36, 0x37, 0x38
03E6 : 39 3A 3B 3C 3D 3E 3F 40	    "9:;<=>?@"			db	0x39, 0x3A, 0x3B, 0x3C, 0x3D, 0x3E, 0x3F, 0x40
03EE : 41 42 43 44 45 46 47 48	    "ABCDEFGH"			db	0x41, 0x42, 0x43, 0x44, 0x45, 0x46, 0x47, 0x48
03F6 : 49 4A 4B 4C 4D 4E 4F 50	    "IJKLMNOP"			db	0x49, 0x4A, 0x4B, 0x4C, 0x4D, 0x4E, 0x4F, 0x50
03FE : 51 52			    "QR"			db	0x51, 0x52
							;
0400							L0400:
0400 : 94 90			    "  "	[2]		call	sub_0490
0402 : B6 41			    " A"	[2]		jf0	L0441
0404 : BA 16			    "  "	[2]		mov	r2,#0x16
0406 : B9 4E			    " N"	[2]		mov	r1,#0x4E
0408							L0408:
0408 : B8 7F			    "  "	[2]		mov	r0,#0x7F
040A : BD 00			    "  "	[2]		mov	r5,#0x00
040C : BE 02			    "  "	[2]		mov	r6,#0x02
040E : F9			    " "		[1]		mov	a,r1
040F : A3			    " "		[2]		movp	a,@a
0410 : 60			    "`"		[1]		add	a,@r0
0411 : C6 15			    "  "	[2]		jz	L0415
0413 : BD FF			    "  "	[2]		mov	r5,#0xFF
0415							L0415:
0415 : C8			    " "		[1]		dec	r0
0416 : 19			    " "		[1]		inc	r1
0417 : F9			    " "		[1]		mov	a,r1
0418 : A3			    " "		[2]		movp	a,@a
0419 : 70			    "p"		[1]		addc	a,@r0
041A : C6 1E			    "  "	[2]		jz	L041E
041C : BD FF			    "  "	[2]		mov	r5,#0xFF
041E							L041E:
041E : EE 15			    "  "	[2]		djnz	r6,L0415
0420 : FD			    " "		[1]		mov	a,r5
0421 : C6 28			    " ("	[2]		jz	L0428
0423 : 19			    " "		[1]		inc	r1
0424 : EA 08			    "  "	[2]		djnz	r2,L0408
0426 : 84 4A			    " J"	[2]		jmp	L044A
							;
0428							L0428:
0428 : 85			    " "		[1]		clr	f0
0429 : 95			    " "		[1]		cpl	f0
042A : B8 40			    " @"	[2]		mov	r0,#0x40
042C : F0			    " "		[1]		mov	a,@r0
042D : AE			    " "		[1]		mov	r6,a
042E : DF			    " "		[1]		xrl	a,r7
042F : C6 32			    " 2"	[2]		jz	L0432
0431 : 85			    " "		[1]		clr	f0
0432							L0432:
0432 : FA			    " "		[1]		mov	a,r2
0433 : B8 40			    " @"	[2]		mov	r0,#0x40
0435 : A0			    " "		[1]		mov	@r0,a
0436 : E5			    " "		[1]		sel	mb0
0437 : B6 3B			    " ;"	[2]		jf0	L043B
0439 : 54 BA			    "T "	[2]		call	sub_02BA
043B							L043B:
043B : B8 40			    " @"	[2]		mov	r0,#0x40
043D : F0			    " "		[1]		mov	a,@r0
043E : 85			    " "		[1]		clr	f0
043F : 24 74			    "$t"	[2]		jmp	L0174
							;
0441							L0441:
0441 : B8 40			    " @"	[2]		mov	r0,#0x40
0443 : F0			    " "		[1]		mov	a,@r0
0444 : AE			    " "		[1]		mov	r6,a
0445 : 54 BA			    "T "	[2]		call	sub_02BA
0447 : F5			    " "		[1]		sel	mb1
0448 : 04 00			    "  "	[2]		jmp	reset
							;
044A							L044A:
044A : BB 06			    "  "	[2]		mov	r3,#0x06
044C : 44 94			    "D "	[2]		jmp	L0294
							;
044E : 92 99 9C 9D 8F 90 8D 8F	    "        "			db	0x92, 0x99, 0x9C, 0x9D, 0x8F, 0x90, 0x8D, 0x8F
0456 : 8D 9F 90 9C 8D 88 87 87	    "        "			db	0x8D, 0x9F, 0x90, 0x9C, 0x8D, 0x88, 0x87, 0x87
045E : 99 9D 9D 90 93 9D 9A 8D	    "        "			db	0x99, 0x9D, 0x9D, 0x90, 0x93, 0x9D, 0x9A, 0x8D
0466 : 8C 9E 91 9C 9D 93 9F 93	    "        "			db	0x8C, 0x9E, 0x91, 0x9C, 0x9D, 0x93, 0x9F, 0x93
046E : 92 94 94 8D FF FF FF 8E	    "        "			db	0x92, 0x94, 0x94, 0x8D, 0xFF, 0xFF, 0xFF, 0x8E
0476 : 96 91 97 91 9B 9B 8C 8D	    "        "			db	0x96, 0x91, 0x97, 0x91, 0x9B, 0x9B, 0x8C, 0x8D
047E : 9C D0 9E 94 94 96 9D 9E	    "        "			db	0x9C, 0xD0, 0x9E, 0x94, 0x94, 0x96, 0x9D, 0x9E
0486 : 8F FF FF FF 94 9B 8C 94	    "        "			db	0x8F, 0xFF, 0xFF, 0xFF, 0x94, 0x9B, 0x8C, 0x94
048E : 9B 90			    "  "			db	0x9B, 0x90
							;
0490							sub_0490:
0490 : B8 BF			    "  "	[2]		mov	r0,#0xBF
0492 : 80			    " "		[2]		movx	a,@r0
0493 : B8 7F			    "  "	[2]		mov	r0,#0x7F
0495 : 80			    " "		[2]		movx	a,@r0
0496 : 83			    " "		[2]		ret
							;
0497							sub_0497:
0497 : BE FF			    "  "	[2]		mov	r6,#0xFF
0499							L0499:
0499 : BF FF			    "  "	[2]		mov	r7,#0xFF
049B							L049B:
049B : EF 9B			    "  "	[2]		djnz	r7,L049B
049D : EE 99			    "  "	[2]		djnz	r6,L0499
049F : 83			    " "		[2]		ret
							;
04A0							sub_04A0:
04A0 : BE 18			    "  "	[2]		mov	r6,#0x18
04A2							L04A2:
04A2 : BF FF			    "  "	[2]		mov	r7,#0xFF
04A4							L04A4:
04A4 : EF A4			    "  "	[2]		djnz	r7,L04A4
04A6 : EE A2			    "  "	[2]		djnz	r6,L04A2
04A8 : 83			    " "		[2]		ret
							;
04A9 : B8 40 F0 53 1F 03 DC B3	    " @ S    "			db	0xB8, 0x40, 0xF0, 0x53, 0x1F, 0x03, 0xDC, 0xB3
04B1 : B8 21 F0 96 D9 C8 F0 53	    " !     S"			db	0xB8, 0x21, 0xF0, 0x96, 0xD9, 0xC8, 0xF0, 0x53
04B9 : F0 96 D9 B9 36 F1 F2 C3	    "    6   "			db	0xF0, 0x96, 0xD9, 0xB9, 0x36, 0xF1, 0xF2, 0xC3
04C1 : 23 05 53 0F AA F0 43 80	    "# S   C "			db	0x23, 0x05, 0x53, 0x0F, 0xAA, 0xF0, 0x43, 0x80
04C9 : A1 53 0F 6A 97 13 F7 F6	    " S j    "			db	0xA1, 0x53, 0x0F, 0x6A, 0x97, 0x13, 0xF7, 0xF6
04D1 : D3 27 AA F0 53 F0 6A A0	    " '  S j "			db	0xD3, 0x27, 0xAA, 0xF0, 0x53, 0xF0, 0x6A, 0xA0
04D9 : 54 00 83 D9 D9 D9 D9 B1	    "T       "			db	0x54, 0x00, 0x83, 0xD9, 0xD9, 0xD9, 0xD9, 0xB1
04E1 : B1 D9 B1 B1 D9 D9 B1 3C	    "       <"			db	0xB1, 0xD9, 0xB1, 0xB1, 0xD9, 0xD9, 0xB1, 0x3C
04E9 : 3D 3E 3F 40 41 42 43 44	    "=>?@ABCD"			db	0x3D, 0x3E, 0x3F, 0x40, 0x41, 0x42, 0x43, 0x44
04F1 : 45 46 47 48 49 4A 4B 4C	    "EFGHIJKL"			db	0x45, 0x46, 0x47, 0x48, 0x49, 0x4A, 0x4B, 0x4C
04F9 : 4D 4E 4F 50 51 52 53	    "MNOPQRS"			db	0x4D, 0x4E, 0x4F, 0x50, 0x51, 0x52, 0x53
							;
0500							sub_0500:
0500 : FC			    " "		[1]		mov	a,r4
0501 : D3 09			    "  "	[2]		xrl	a,#0x09
0503 : BE 05			    "  "	[2]		mov	r6,#0x05
0505 : C6 46			    " F"	[2]		jz	L0546
0507 : BE 04			    "  "	[2]		mov	r6,#0x04
0509 : FC			    " "		[1]		mov	a,r4
050A : E7			    " "		[1]		rl	a
050B : E7			    " "		[1]		rl	a
050C : 03 1A			    "  "	[2]		add	a,#0x1A
050E : AF			    " "		[1]		mov	r7,a
050F							L050F:
050F : A3			    " "		[2]		movp	a,@a
0510 : 54 80			    "T "	[2]		call	sub_0280
0512 : 1F			    " "		[1]		inc	r7
0513 : FF			    " "		[1]		mov	a,r7
0514 : EE 0F			    "  "	[2]		djnz	r6,L050F
0516 : BE 01			    "  "	[2]		mov	r6,#0x01
0518 : A4 46			    " F"	[2]		jmp	L0546
							;
051A : 45 2D 30 33 45 2B 30 30	    "E-03E+00"			db	0x45, 0x2D, 0x30, 0x33, 0x45, 0x2B, 0x30, 0x30
0522 : 45 2D 30 36 45 2D 31 32	    "E-06E-12"			db	0x45, 0x2D, 0x30, 0x36, 0x45, 0x2D, 0x31, 0x32
052A : 45 2D 30 36 20 20 20 20	    "E-06    "			db	0x45, 0x2D, 0x30, 0x36, 0x20, 0x20, 0x20, 0x20
0532 : 45 2B 30 30 45 2B 30 30	    "E+00E+00"			db	0x45, 0x2B, 0x30, 0x30, 0x45, 0x2B, 0x30, 0x30
053A : 20 20 20 20 20 20 20 20	    "        "			db	0x20, 0x20, 0x20, 0x20, 0x20, 0x20, 0x20, 0x20
0542 : 20 20 20 20		    "    "			db	0x20, 0x20, 0x20, 0x20
							;
0546							L0546:
0546 : FD			    " "		[1]		mov	a,r5
0547 : E7			    " "		[1]		rl	a
0548 : E7			    " "		[1]		rl	a
0549 : E7			    " "		[1]		rl	a
054A : 03 55			    " U"	[2]		add	a,#0x55
054C : AF			    " "		[1]		mov	r7,a
054D							L054D:
054D : A3			    " "		[2]		movp	a,@a
054E : 54 80			    "T "	[2]		call	sub_0280
0550 : 1F			    " "		[1]		inc	r7
0551 : FF			    " "		[1]		mov	a,r7
0552 : EE 4D			    " M"	[2]		djnz	r6,L054D
0554 : 83			    " "		[2]		ret
							;
0555 : 45 2D 30 36 20 20 20 20	    "E-06    "			db	0x45, 0x2D, 0x30, 0x36, 0x20, 0x20, 0x20, 0x20
055D : 47 20 20 20 20 20 20 20	    "G       "			db	0x47, 0x20, 0x20, 0x20, 0x20, 0x20, 0x20, 0x20
0565 : 45 2B 30 33 20 20 20 20	    "E+03    "			db	0x45, 0x2B, 0x30, 0x33, 0x20, 0x20, 0x20, 0x20
056D : 45 2B 30 36 20 20 20 20	    "E+06    "			db	0x45, 0x2B, 0x30, 0x36, 0x20, 0x20, 0x20, 0x20
0575 : 45 2D 30 33 20 20 20 20	    "E-03    "			db	0x45, 0x2D, 0x30, 0x33, 0x20, 0x20, 0x20, 0x20
057D : 45 2B 30 30 20 20 20 20	    "E+00    "			db	0x45, 0x2B, 0x30, 0x30, 0x20, 0x20, 0x20, 0x20
0585 : 42 20 20 20 20 20 20 20	    "B       "			db	0x42, 0x20, 0x20, 0x20, 0x20, 0x20, 0x20, 0x20
058D : 45 2B 30 30 20 20 20 20	    "E+00    "			db	0x45, 0x2B, 0x30, 0x30, 0x20, 0x20, 0x20, 0x20
0595 : 45 2B 30 30 47 20 20 20	    "E+00G   "			db	0x45, 0x2B, 0x30, 0x30, 0x47, 0x20, 0x20, 0x20
059D : 20 20 20 20 20 20 20 20	    "        "			db	0x20, 0x20, 0x20, 0x20, 0x20, 0x20, 0x20, 0x20
05A5 : 45 2B 30 30 42 20 20 20	    "E+00B   "			db	0x45, 0x2B, 0x30, 0x30, 0x42, 0x20, 0x20, 0x20
05AD : 45 2D 30 36 47 20 20 20	    "E-06G   "			db	0x45, 0x2D, 0x30, 0x36, 0x47, 0x20, 0x20, 0x20
05B5 : 45 2D 30 36 42 20 20 20	    "E-06B   "			db	0x45, 0x2D, 0x30, 0x36, 0x42, 0x20, 0x20, 0x20
05BD : 45 2D 30 33 42 20 20 20	    "E-03B   "			db	0x45, 0x2D, 0x30, 0x33, 0x42, 0x20, 0x20, 0x20
05C5 : 45 2B 30 30 47 20 20 20	    "E+00G   "			db	0x45, 0x2B, 0x30, 0x30, 0x47, 0x20, 0x20, 0x20
05CD : 45 2B 30 30 42 20 20 20	    "E+00B   "			db	0x45, 0x2B, 0x30, 0x30, 0x42, 0x20, 0x20, 0x20
05D5 : 45 2D 30 33 42 20 20 20	    "E-03B   "			db	0x45, 0x2D, 0x30, 0x33, 0x42, 0x20, 0x20, 0x20
05DD : 20 20 20 20 20 20 20 20	    "        "			db	0x20, 0x20, 0x20, 0x20, 0x20, 0x20, 0x20, 0x20
05E5 : 20 20 20 20 20 20 20 20	    "        "			db	0x20, 0x20, 0x20, 0x20, 0x20, 0x20, 0x20, 0x20
05ED : 20 20 20 20 20 20 20 20	    "        "			db	0x20, 0x20, 0x20, 0x20, 0x20, 0x20, 0x20, 0x20
05F5 : 4A 4B 4C 4D 4E 4F 50 51	    "JKLMNOPQ"			db	0x4A, 0x4B, 0x4C, 0x4D, 0x4E, 0x4F, 0x50, 0x51
05FD : 52 53 54			    "RST"			db	0x52, 0x53, 0x54
							;
0600							sub_0600:
0600 : B8 54			    " T"	[2]		mov	r0,#0x54
0602 : F0			    " "		[1]		mov	a,@r0
0603 : A9			    " "		[1]		mov	r1,a
0604 : B8 55			    " U"	[2]		mov	r0,#0x55
0606 : F0			    " "		[1]		mov	a,@r0
0607 : AF			    " "		[1]		mov	r7,a
0608 : B8 3F			    " ?"	[2]		mov	r0,#0x3F
060A							L060A:
060A : F4 0A			    "  "	[2]		call	sub_070A
060C : E5			    " "		[1]		sel	mb0
060D : BA 8C			    "  "	[2]		mov	r2,#0x8C
060F : 6A			    "j"		[1]		add	a,r2
0610 : A3			    " "		[2]		movp	a,@a
0611 : EB 15			    "  "	[2]		djnz	r3,L0615
0613 : 43 10			    "C "	[2]		orl	a,#0x10
0615							L0615:
0615 : AE			    " "		[1]		mov	r6,a
0616 : B6 20			    "  "	[2]		jf0	L0620
0618 : 95			    " "		[1]		cpl	f0
0619 : D3 EE			    "  "	[2]		xrl	a,#0xEE
061B : 96 1F			    "  "	[2]		jnz	L061F
061D : 95			    " "		[1]		cpl	f0
061E : AE			    " "		[1]		mov	r6,a
061F							L061F:
061F : FE			    " "		[1]		mov	a,r6
0620							L0620:
0620 : A0			    " "		[1]		mov	@r0,a
0621 : C8			    " "		[1]		dec	r0
0622 : C9			    " "		[1]		dec	r1
0623 : EF 0A			    "  "	[2]		djnz	r7,L060A
0625 : FC			    " "		[1]		mov	a,r4
0626 : 03 6D			    " m"	[2]		add	a,#0x6D
0628 : A3			    " "		[2]		movp	a,@a
0629 : A0			    " "		[1]		mov	@r0,a
062A : C8			    " "		[1]		dec	r0
062B : FD			    " "		[1]		mov	a,r5
062C : 03 78			    " x"	[2]		add	a,#0x78
062E : A3			    " "		[2]		movp	a,@a
062F : A0			    " "		[1]		mov	@r0,a
0630 : B8 3A			    " :"	[2]		mov	r0,#0x3A
0632 : F0			    " "		[1]		mov	a,@r0
0633 : D3 10			    "  "	[2]		xrl	a,#0x10
0635 : C6 39			    " 9"	[2]		jz	L0639
0637 : 76 60			    "v`"	[2]		jf1	L0660
0639							L0639:
0639 : B8 54			    " T"	[2]		mov	r0,#0x54
063B : F0			    " "		[1]		mov	a,@r0
063C : D3 21			    " !"	[2]		xrl	a,#0x21
063E : 96 53			    " S"	[2]		jnz	L0653
0640 : B8 3D			    " ="	[2]		mov	r0,#0x3D
0642 : 23 EF			    "# "	[2]		mov	a,#0xEF
0644 : 50			    "P"		[1]		anl	a,@r0
0645 : A0			    " "		[1]		mov	@r0,a
0646 : FC			    " "		[1]		mov	a,r4
0647 : 03 FB			    "  "	[2]		add	a,#0xFB
0649 : F6 53			    " S"	[2]		jc	L0653
064B : FC			    " "		[1]		mov	a,r4
064C : 03 3C			    " <"	[2]		add	a,#0x3C
064E : A8			    " "		[1]		mov	r0,a
064F : 23 10			    "# "	[2]		mov	a,#0x10
0651 : 40			    "@"		[1]		orl	a,@r0
0652 : A0			    " "		[1]		mov	@r0,a
0653							L0653:
0653 : B8 31			    " 1"	[2]		mov	r0,#0x31
0655 : F0			    " "		[1]		mov	a,@r0
0656 : 72 5E			    "r^"	[2]		jb3	L065E
0658 : B8 3A			    " :"	[2]		mov	r0,#0x3A
065A : F0			    " "		[1]		mov	a,@r0
065B : 53 EF			    "S "	[2]		anl	a,#0xEF
065D : A0			    " "		[1]		mov	@r0,a
065E							L065E:
065E : 04 AD			    "  "	[2]		jmp	L00AD
							;
0660							L0660:
0660 : B8 3E			    " >"	[2]		mov	r0,#0x3E
0662							L0662:
0662 : F0			    " "		[1]		mov	a,@r0
0663 : 96 68			    " h"	[2]		jnz	L0668
0665 : C8			    " "		[1]		dec	r0
0666 : C4 62			    " b"	[2]		jmp	L0662
							;
0668							L0668:
0668 : 18			    " "		[1]		inc	r0
0669 : B0 01			    "  "	[2]		mov	@r0,#0x01
066B : C4 39			    " 9"	[2]		jmp	L0639
							;
066D : 04 20 18 03 80 10 40 02	    "      @ "			db	0x04, 0x20, 0x18, 0x03, 0x80, 0x10, 0x40, 0x02
0675 : 00 00 00 04 10 40 08 02	    "     @  "			db	0x00, 0x00, 0x00, 0x04, 0x10, 0x40, 0x08, 0x02
067D : 01 20 80 90 00 A0 14 24	    "       $"			db	0x01, 0x20, 0x80, 0x90, 0x00, 0xA0, 0x14, 0x24
0685 : 22 11 21 12 00 00 00 EE	    "" !     "			db	0x22, 0x11, 0x21, 0x12, 0x00, 0x00, 0x00, 0xEE
068D : 28 CD 6D 2B 67 E7 2C EF	    "( m+g , "			db	0x28, 0xCD, 0x6D, 0x2B, 0x67, 0xE7, 0x2C, 0xEF
0695 : 2F 01 00 29 C7 81 E1	    "/  )   "			db	0x2F, 0x01, 0x00, 0x29, 0xC7, 0x81, 0xE1
							;
069C							sub_069C:
069C : B8 21			    " !"	[2]		mov	r0,#0x21
069E							L069E:
069E : D4 B7			    "  "	[2]		call	sub_06B7
06A0 : 92 C1			    "  "	[2]		jb4	L06C1
06A2 : C4 9E			    "  "	[2]		jmp	L069E
							;
06A4							L06A4:
06A4 : D4 B7			    "  "	[2]		call	sub_06B7
06A6 : B2 E9			    "  "	[2]		jb5	L06E9
06A8 : C4 A4			    "  "	[2]		jmp	L06A4
							;
06AA							L06AA:
06AA : C8			    " "		[1]		dec	r0
06AB							L06AB:
06AB : D4 B7			    "  "	[2]		call	sub_06B7
06AD : D2 EC			    "  "	[2]		jb6	L06EC
06AF : C4 AB			    "  "	[2]		jmp	L06AB
							;
06B1							L06B1:
06B1 : D4 B7			    "  "	[2]		call	sub_06B7
06B3 : F2 F1			    "  "	[2]		jb7	L06F1
06B5 : C4 B1			    "  "	[2]		jmp	L06B1
							;
06B7							sub_06B7:
06B7 : B9 FB			    "  "	[2]		mov	r1,#0xFB
06B9							L06B9:
06B9 : 81			    " "		[2]		movx	a,@r1
06BA : AF			    " "		[1]		mov	r7,a
06BB : 81			    " "		[2]		movx	a,@r1
06BC : DF			    " "		[1]		xrl	a,r7
06BD : 96 B9			    "  "	[2]		jnz	L06B9
06BF : FF			    " "		[1]		mov	a,r7
06C0 : 83			    " "		[2]		ret
							;
06C1							L06C1:
06C1 : 47			    "G"		[1]		swap	a
06C2 : D2 CA			    "  "	[2]		jb6	L06CA
06C4 : F2 E0			    "  "	[2]		jb7	L06E0
06C6 : BE C0			    "  "	[2]		mov	r6,#0xC0
06C8 : C4 E2			    "  "	[2]		jmp	L06E2
							;
06CA							L06CA:
06CA : F2 D6			    "  "	[2]		jb7	L06D6
06CC : B2 D2			    "  "	[2]		jb5	L06D2
06CE : BE 10			    "  "	[2]		mov	r6,#0x10
06D0 : C4 E2			    "  "	[2]		jmp	L06E2
							;
06D2							L06D2:
06D2 : BE 70			    " p"	[2]		mov	r6,#0x70
06D4 : C4 E2			    "  "	[2]		jmp	L06E2
							;
06D6							L06D6:
06D6 : 92 DC			    "  "	[2]		jb4	L06DC
06D8 : BE 00			    "  "	[2]		mov	r6,#0x00
06DA : C4 E2			    "  "	[2]		jmp	L06E2
							;
06DC							L06DC:
06DC : BE F0			    "  "	[2]		mov	r6,#0xF0
06DE : C4 E2			    "  "	[2]		jmp	L06E2
							;
06E0							L06E0:
06E0 : BE A0			    "  "	[2]		mov	r6,#0xA0
06E2							L06E2:
06E2 : 53 0F			    "S "	[2]		anl	a,#0x0F
06E4 : 4E			    "N"		[1]		orl	a,r6
06E5 : 30			    "0"		[1]		xchd	a,@r0
06E6 : A0			    " "		[1]		mov	@r0,a
06E7 : C4 A4			    "  "	[2]		jmp	L06A4
							;
06E9							L06E9:
06E9 : 30			    "0"		[1]		xchd	a,@r0
06EA : C4 AA			    "  "	[2]		jmp	L06AA
							;
06EC							L06EC:
06EC : 47			    "G"		[1]		swap	a
06ED : 30			    "0"		[1]		xchd	a,@r0
06EE : A0			    " "		[1]		mov	@r0,a
06EF : C4 B1			    "  "	[2]		jmp	L06B1
							;
06F1							L06F1:
06F1 : 30			    "0"		[1]		xchd	a,@r0
06F2 : B8 22			    " ""	[2]		mov	r0,#0x22
06F4 : B0 00			    "  "	[2]		mov	@r0,#0x00
06F6 : 83			    " "		[2]		ret
							;
06F7 : 4D 4E 4F 50 51 52 53 54	    "MNOPQRST"			db	0x4D, 0x4E, 0x4F, 0x50, 0x51, 0x52, 0x53, 0x54
06FF : 55 F1 47 C9 C9 C9 C9 BA	    "U G     "			db	0x55, 0xF1, 0x47, 0xC9, 0xC9, 0xC9, 0xC9, 0xBA
0707 : 05 E4 1C			    "   "			db	0x05, 0xE4, 0x1C
							;
070A							sub_070A:
070A : F1			    " "		[1]		mov	a,@r1
070B : 47			    "G"		[1]		swap	a
070C : C9			    " "		[1]		dec	r1
070D : C9			    " "		[1]		dec	r1
070E : D5			    " "		[1]		sel	rb1
070F : B8 54			    " T"	[2]		mov	r0,#0x54
0711 : F0			    " "		[1]		mov	a,@r0
0712 : C5			    " "		[1]		sel	rb0
0713 : BA 03			    "  "	[2]		mov	r2,#0x03
0715 : D3 22			    " ""	[2]		xrl	a,#0x22
0717 : 96 1C			    "  "	[2]		jnz	L071C
0719 : C9			    " "		[1]		dec	r1
071A : BA 04			    "  "	[2]		mov	r2,#0x04
071C							L071C:
071C : 21			    "!"		[1]		xch	a,@r1
071D : 47			    "G"		[1]		swap	a
071E : 31			    "1"		[1]		xchd	a,@r1
071F : 21			    "!"		[1]		xch	a,@r1
0720 : 19			    " "		[1]		inc	r1
0721 : EA 1C			    "  "	[2]		djnz	r2,L071C
0723 : 53 0F			    "S "	[2]		anl	a,#0x0F
0725 : 83			    " "		[2]		ret
							;
0726							sub_0726:
0726 : BA 04			    "  "	[2]		mov	r2,#0x04
0728 : E4 2E			    " ."	[2]		jmp	L072E
							;
072A : B8 20 BA 05		    "    "			db	0xB8, 0x20, 0xBA, 0x05
							;
072E							L072E:
072E : FA			    " "		[1]		mov	a,r2
072F : 68			    "h"		[1]		add	a,r0
0730 : A8			    " "		[1]		mov	r0,a
0731 : 27			    "'"		[1]		clr	a
0732							L0732:
0732 : C8			    " "		[1]		dec	r0
0733 : A0			    " "		[1]		mov	@r0,a
0734 : EA 32			    " 2"	[2]		djnz	r2,L0732
0736 : 83			    " "		[2]		ret
							;
0737 : 85 B9 32 BF 03 B8 20 F1	    "  2     "			db	0x85, 0xB9, 0x32, 0xBF, 0x03, 0xB8, 0x20, 0xF1
073F : A0 18 19 EF 3E B8 35 F0	    "    > 5 "			db	0xA0, 0x18, 0x19, 0xEF, 0x3E, 0xB8, 0x35, 0xF0
0747 : AB A5 D4 00 B8 31 F0 43	    "     1 C"			db	0xAB, 0xA5, 0xD4, 0x00, 0xB8, 0x31, 0xF0, 0x43
074F : 60 A0 83			    "`  "			db	0x60, 0xA0, 0x83
							;
0752							sub_0752:
0752 : FC			    " "		[1]		mov	a,r4
0753 : D3 0A			    "  "	[2]		xrl	a,#0x0A
0755 : 96 5B			    " ["	[2]		jnz	L075B
0757 : 23 17			    "# "	[2]		mov	a,#0x17
0759 : E4 78			    " x"	[2]		jmp	L0778
							;
075B							L075B:
075B : FD			    " "		[1]		mov	a,r5
075C : D3 12			    "  "	[2]		xrl	a,#0x12
075E : 96 64			    " d"	[2]		jnz	L0764
0760 : 23 18			    "# "	[2]		mov	a,#0x18
0762 : E4 78			    " x"	[2]		jmp	L0778
							;
0764							L0764:
0764 : FD			    " "		[1]		mov	a,r5
0765 : D3 13			    "  "	[2]		xrl	a,#0x13
0767 : 96 6D			    " m"	[2]		jnz	L076D
0769 : 23 19			    "# "	[2]		mov	a,#0x19
076B : E4 78			    " x"	[2]		jmp	L0778
							;
076D							L076D:
076D : FD			    " "		[1]		mov	a,r5
076E : D3 11			    "  "	[2]		xrl	a,#0x11
0770 : 96 73			    " s"	[2]		jnz	L0773
0772 : 83			    " "		[2]		ret
							;
0773							L0773:
0773 : B8 40			    " @"	[2]		mov	r0,#0x40
0775 : F0			    " "		[1]		mov	a,@r0
0776 : F2 EF			    "  "	[2]		jb7	L07EF
0778							L0778:
0778 : E7			    " "		[1]		rl	a
0779 : E7			    " "		[1]		rl	a
077A : 03 87			    "  "	[2]		add	a,#0x87
077C : BE 03			    "  "	[2]		mov	r6,#0x03
077E : AF			    " "		[1]		mov	r7,a
077F							L077F:
077F : A3			    " "		[2]		movp	a,@a
0780 : 54 80			    "T "	[2]		call	sub_0280
0782 : 1F			    " "		[1]		inc	r7
0783 : FF			    " "		[1]		mov	a,r7
0784 : EE 7F			    "  "	[2]		djnz	r6,L077F
0786 : 83			    " "		[2]		ret
							;
0787 : 43 50 4F 20 4F 50 5A 20	    "CPO OPZ "			db	0x43, 0x50, 0x4F, 0x20, 0x4F, 0x50, 0x5A, 0x20
078F : 53 48 5A 20 42 41 54 20	    "SHZ BAT "			db	0x53, 0x48, 0x5A, 0x20, 0x42, 0x41, 0x54, 0x20
0797 : 43 41 50 20 4C 4B 49 20	    "CAP LKI "			db	0x43, 0x41, 0x50, 0x20, 0x4C, 0x4B, 0x49, 0x20
079F : 44 2F 41 20 45 53 52 20	    "D/A ESR "			db	0x44, 0x2F, 0x41, 0x20, 0x45, 0x53, 0x52, 0x20
07A7 : 49 4E 44 20 52 49 4E 20	    "IND RIN "			db	0x49, 0x4E, 0x44, 0x20, 0x52, 0x49, 0x4E, 0x20
07AF : 43 4C 52 20 4C 4B 52 20	    "CLR LKR "			db	0x43, 0x4C, 0x52, 0x20, 0x4C, 0x4B, 0x52, 0x20
07B7 : 41 4C 4D 20 44 42 4C 20	    "ALM DBL "			db	0x41, 0x4C, 0x4D, 0x20, 0x44, 0x42, 0x4C, 0x20
07BF : 54 41 4E 20 43 45 52 20	    "TAN CER "			db	0x54, 0x41, 0x4E, 0x20, 0x43, 0x45, 0x52, 0x20
07C7 : 43 4F 4C 20 59 46 42 20	    "COL YFB "			db	0x43, 0x4F, 0x4C, 0x20, 0x59, 0x46, 0x42, 0x20
07CF : 53 57 58 20 41 4F 43 20	    "SWX AOC "			db	0x53, 0x57, 0x58, 0x20, 0x41, 0x4F, 0x43, 0x20
07D7 : 53 50 52 20 43 50 4F 20	    "SPR CPO "			db	0x53, 0x50, 0x52, 0x20, 0x43, 0x50, 0x4F, 0x20
07DF : 4E 46 43 20 53 48 54 20	    "NFC SHT "			db	0x4E, 0x46, 0x43, 0x20, 0x53, 0x48, 0x54, 0x20
07E7 : 4F 50 4E 20 57 41 49 20	    "OPN WAI "			db	0x4F, 0x50, 0x4E, 0x20, 0x57, 0x41, 0x49, 0x20
							;
07EF							L07EF:
07EF : 53 0F			    "S "	[2]		anl	a,#0x0F
07F1 : B0 00			    "  "	[2]		mov	@r0,#0x00
07F3 : E4 78			    " x"	[2]		jmp	L0778
							;
07F5 : 4C 4D 4E 4F 50 51 52 53	    "LMNOPQRS"			db	0x4C, 0x4D, 0x4E, 0x4F, 0x50, 0x51, 0x52, 0x53
07FD : 54 55 56 B9 40 B1 16 B9	    "TUV @   "			db	0x54, 0x55, 0x56, 0xB9, 0x40, 0xB1, 0x16, 0xB9
0805 : 7F BF 06 BE 06 85 14 63	    "       c"			db	0x7F, 0xBF, 0x06, 0xBE, 0x06, 0x85, 0x14, 0x63
080D : B8 32 BD 04 74 3C ED 11	    " 2  t<  "			db	0xB8, 0x32, 0xBD, 0x04, 0x74, 0x3C, 0xED, 0x11
0815 : B8 32 F1 53 0F 40 A0 C9	    " 2 S @  "			db	0xB8, 0x32, 0xF1, 0x53, 0x0F, 0x40, 0xA0, 0xC9
081D : EF 0B BB 06 E5 44 94 B8	    "     D  "			db	0xEF, 0x0B, 0xBB, 0x06, 0xE5, 0x44, 0x94, 0xB8
0825 : 35 FE A0 BF 09 B8 51 BD	    "5     Q "			db	0x35, 0xFE, 0xA0, 0xBF, 0x09, 0xB8, 0x51, 0xBD
082D : 00 F8 A3 61 C6 35 BD FF	    "   a 5  "			db	0x00, 0xF8, 0xA3, 0x61, 0xC6, 0x35, 0xBD, 0xFF
0835 : C9 18 F8 A3 71 C6 3E BD	    "    q > "			db	0xC9, 0x18, 0xF8, 0xA3, 0x71, 0xC6, 0x3E, 0xBD
083D : FF FD C6 4A 18 19 EF 2C	    "   J   ,"			db	0xFF, 0xFD, 0xC6, 0x4A, 0x18, 0x19, 0xEF, 0x2C
0845 : BB 06 E5 44 94 FF 07 24	    "   D   $"			db	0xBB, 0x06, 0xE5, 0x44, 0x94, 0xFF, 0x07, 0x24
084D : 00 95 C9 83 D3 DA D5 DA	    "        "			db	0x00, 0x95, 0xC9, 0x83, 0xD3, 0xDA, 0xD5, 0xDA
0855 : 8A F5 90 99 8B 99 9A F5	    "        "			db	0x8A, 0xF5, 0x90, 0x99, 0x8B, 0x99, 0x9A, 0xF5
085D : 8B 97 93 97 98 F5 F1 D3	    "        "			db	0x8B, 0x97, 0x93, 0x97, 0x98, 0xF5, 0xF1, 0xD3
0865 : 2E C6 4E B6 6C 04 6D CE	    ". N l m "			db	0x2E, 0xC6, 0x4E, 0xB6, 0x6C, 0x04, 0x6D, 0xCE
086D : F1 53 F0 D3 30 96 24 83	    " S  0 $ "			db	0xF1, 0x53, 0xF0, 0xD3, 0x30, 0x96, 0x24, 0x83
0875 : B8 40 B0 00 24 0A BB 04	    " @  $   "			db	0xB8, 0x40, 0xB0, 0x00, 0x24, 0x0A, 0xBB, 0x04
087D : 23 FF 91 91 F0 BA 08 91	    "#       "			db	0x23, 0xFF, 0x91, 0x91, 0xF0, 0xBA, 0x08, 0x91
0885 : E7 EA 84 C8 EB 81 91 91	    "        "			db	0xE7, 0xEA, 0x84, 0xC8, 0xEB, 0x81, 0x91, 0x91
088D : 83 23 FF B8 EF 14 9F B8	    " #      "			db	0x83, 0x23, 0xFF, 0xB8, 0xEF, 0x14, 0x9F, 0xB8
0895 : 7F 14 9F B8 6F 14 9F E5	    "    o   "			db	0x7F, 0x14, 0x9F, 0xB8, 0x6F, 0x14, 0x9F, 0xE5
089D : 04 0F 90 27 B9 23 90 E9	    "   ' #  "			db	0x04, 0x0F, 0x90, 0x27, 0xB9, 0x23, 0x90, 0xE9
08A5 : A3 37 90 27 B9 23 90 E9	    " 7 ' #  "			db	0xA3, 0x37, 0x90, 0x27, 0xB9, 0x23, 0x90, 0xE9
08AD : AB 37 83 08 09 0A 0B 0C	    " 7      "			db	0xAB, 0x37, 0x83, 0x08, 0x09, 0x0A, 0x0B, 0x0C
08B5 : 0D 0E 0F 10 11 12 13 14	    "        "			db	0x0D, 0x0E, 0x0F, 0x10, 0x11, 0x12, 0x13, 0x14
08BD : 15 16 17 18 19 1A 1B 1C	    "        "			db	0x15, 0x16, 0x17, 0x18, 0x19, 0x1A, 0x1B, 0x1C
08C5 : 1D 1E 1F 20 21 22 23 24	    "    !"#$"			db	0x1D, 0x1E, 0x1F, 0x20, 0x21, 0x22, 0x23, 0x24
08CD : 25 26 27 28 29 2A 2B 2C	    "%&'()*+,"			db	0x25, 0x26, 0x27, 0x28, 0x29, 0x2A, 0x2B, 0x2C
08D5 : 2D 2E 2F 30 31 32 33 34	    "-./01234"			db	0x2D, 0x2E, 0x2F, 0x30, 0x31, 0x32, 0x33, 0x34
08DD : 35 36 37 38 39 3A 3B 3C	    "56789:;<"			db	0x35, 0x36, 0x37, 0x38, 0x39, 0x3A, 0x3B, 0x3C
08E5 : 3D 3E 3F 40 41 42 43 44	    "=>?@ABCD"			db	0x3D, 0x3E, 0x3F, 0x40, 0x41, 0x42, 0x43, 0x44
08ED : 45 46 47 48 49 4A 4B 4C	    "EFGHIJKL"			db	0x45, 0x46, 0x47, 0x48, 0x49, 0x4A, 0x4B, 0x4C
08F5 : 4D 4E 4F 50 51 52 53 54	    "MNOPQRST"			db	0x4D, 0x4E, 0x4F, 0x50, 0x51, 0x52, 0x53, 0x54
08FD : 55 56 57 BD 09 B8 32 03	    "UVW   2 "			db	0x55, 0x56, 0x57, 0xBD, 0x09, 0xB8, 0x32, 0x03
0905 : 07 B3 AA A2 97 D4 CC C1	    "        "			db	0x07, 0xB3, 0xAA, 0xA2, 0x97, 0xD4, 0xCC, 0xC1
090D : 10 1A 53 B4 09 F5 BC 01	    "  S     "			db	0x10, 0x1A, 0x53, 0xB4, 0x09, 0xF5, 0xBC, 0x01
0915 : BD 09 85 24 EA B8 35 F0	    "   $  5 "			db	0xBD, 0x09, 0x85, 0x24, 0xEA, 0xB8, 0x35, 0xF0
091D : D3 06 96 F0 C8 F0 96 F0	    "        "			db	0xD3, 0x06, 0x96, 0xF0, 0xC8, 0xF0, 0x96, 0xF0
0925 : C8 F0 D3 01 C6 38 F0 96	    "     8  "			db	0xC8, 0xF0, 0xD3, 0x01, 0xC6, 0x38, 0xF0, 0x96
092D : F0 B9 50 B1 BA 19 C8 F0	    "  P     "			db	0xF0, 0xB9, 0x50, 0xB1, 0xBA, 0x19, 0xC8, 0xF0
0935 : A1 24 6B C8 F0 96 F0 B9	    " $k     "			db	0xA1, 0x24, 0x6B, 0xC8, 0xF0, 0x96, 0xF0, 0xB9
093D : 33 F1 47 A1 F0 47 30 F1	    "3 G  G0 "			db	0x33, 0xF1, 0x47, 0xA1, 0xF0, 0x47, 0x30, 0xF1
0945 : 47 53 F0 43 0A B9 50 A1	    "GS C  P "			db	0x47, 0x53, 0xF0, 0x43, 0x0A, 0xB9, 0x50, 0xA1
094D : 18 19 F0 A1 24 6B B8 35	    "    $k 5"			db	0x18, 0x19, 0xF0, 0xA1, 0x24, 0x6B, 0xB8, 0x35
0955 : F0 D3 06 96 F0 C8 F0 96	    "        "			db	0xF0, 0xD3, 0x06, 0x96, 0xF0, 0xC8, 0xF0, 0x96
095D : F0 C8 F0 96 F0 C8 B9 4F	    "       O"			db	0xF0, 0xC8, 0xF0, 0x96, 0xF0, 0xC8, 0xB9, 0x4F
0965 : F0 A1 19 23 0A 31 95 BF	    "   # 1  "			db	0xF0, 0xA1, 0x19, 0x23, 0x0A, 0x31, 0x95, 0xBF
096D : 03 B8 32 B9 4F F1 A0 18	    "  2 O   "			db	0x03, 0xB8, 0x32, 0xB9, 0x4F, 0xF1, 0xA0, 0x18
0975 : 19 EF 72 BB 06 BD 05 BC	    "  r     "			db	0x19, 0xEF, 0x72, 0xBB, 0x06, 0xBD, 0x05, 0xBC
097D : 09 E5 F4 38 BC 02 74 BB	    "   8  t "			db	0x09, 0xE5, 0xF4, 0x38, 0xBC, 0x02, 0x74, 0xBB
0985 : F5 C4 78 B9 34 BA 06 85	    "  x 4   "			db	0xF5, 0xC4, 0x78, 0xB9, 0x34, 0xBA, 0x06, 0x85
098D : 95 D4 07 D4 59 F5 B8 32	    "    Y  2"			db	0x95, 0xD4, 0x07, 0xD4, 0x59, 0xF5, 0xB8, 0x32
0995 : 85 83 34 88 54 7F F5 BC	    "  4 T   "			db	0x85, 0x83, 0x34, 0x88, 0x54, 0x7F, 0xF5, 0xBC
099D : 02 23 06 24 B2 34 88 BC	    " # $ 4  "			db	0x02, 0x23, 0x06, 0x24, 0xB2, 0x34, 0x88, 0xBC
09A5 : 00 23 03 24 B2 34 88 54	    " # $ 4 T"			db	0x00, 0x23, 0x03, 0x24, 0xB2, 0x34, 0x88, 0x54
09AD : 11 F5 BC 05 27 B9 49 A1	    "    ' I "			db	0x11, 0xF5, 0xBC, 0x05, 0x27, 0xB9, 0x49, 0xA1
09B5 : B9 45 BF 04 F0 A1 18 19	    " E      "			db	0xB9, 0x45, 0xBF, 0x04, 0xF0, 0xA1, 0x18, 0x19
09BD : EF B9 24 EA 34 88 54 00	    "  $ 4 T "			db	0xEF, 0xB9, 0x24, 0xEA, 0x34, 0x88, 0x54, 0x00
09C5 : F5 BC 03 23 0C 24 DD 34	    "   # $ 4"			db	0xF5, 0xBC, 0x03, 0x23, 0x0C, 0x24, 0xDD, 0x34
09CD : 88 BC 04 23 06 24 DD 34	    "   # $ 4"			db	0x88, 0xBC, 0x04, 0x23, 0x06, 0x24, 0xDD, 0x34
09D5 : 88 54 11 F5 BC 07 23 00	    " T    # "			db	0x88, 0x54, 0x11, 0xF5, 0xBC, 0x07, 0x23, 0x00
09DD : B9 4E A1 B9 4A BF 04 F0	    " N  J   "			db	0xB9, 0x4E, 0xA1, 0xB9, 0x4A, 0xBF, 0x04, 0xF0
09E5 : A1 18 19 EF E4 E5 F4 38	    "       8"			db	0xA1, 0x18, 0x19, 0xEF, 0xE4, 0xE5, 0xF4, 0x38
09ED : F5 C4 78 BB 02 E5 44 94	    "  x   D "			db	0xF5, 0xC4, 0x78, 0xBB, 0x02, 0xE5, 0x44, 0x94
09F5 : 4E 4F 50 51 52 53 54 55	    "NOPQRSTU"			db	0x4E, 0x4F, 0x50, 0x51, 0x52, 0x53, 0x54, 0x55
09FD : 56 57 58 B9 32 BF 03 B8	    "VWX 2   "			db	0x56, 0x57, 0x58, 0xB9, 0x32, 0xBF, 0x03, 0xB8
0A05 : 35 F0 03 0A B3 76 30 26	    "5    v0&"			db	0x35, 0xF0, 0x03, 0x0A, 0xB3, 0x76, 0x30, 0x26
0A0D : 2C 22 3E 7B BF 03 B9 32	    ",">{   2"			db	0x2C, 0x22, 0x3E, 0x7B, 0xBF, 0x03, 0xB9, 0x32
0A15 : B8 35 F0 03 1B B3 7B 7B	    " 5    {{"			db	0xB8, 0x35, 0xF0, 0x03, 0x1B, 0xB3, 0x7B, 0x7B
0A1D : 56 50 4C 48 5C 19 CF 44	    "VPLH\  D"			db	0x56, 0x50, 0x4C, 0x48, 0x5C, 0x19, 0xCF, 0x44
0A25 : 36 19 19 CF CF 44 36 19	    "6    D6 "			db	0x36, 0x19, 0x19, 0xCF, 0xCF, 0x44, 0x36, 0x19
0A2D : CF 44 3E 19 19 CF CF 44	    " D>    D"			db	0xCF, 0x44, 0x3E, 0x19, 0x19, 0xCF, 0xCF, 0x44
0A35 : 3E F1 96 7B 19 EF 36 44	    ">  {  6D"			db	0x3E, 0xF1, 0x96, 0x7B, 0x19, 0xEF, 0x36, 0x44
0A3D : 76 F1 53 F0 96 7B 19 EF	    "v S  {  "			db	0x76, 0xF1, 0x53, 0xF0, 0x96, 0x7B, 0x19, 0xEF
0A45 : 36 44 76 19 CF 44 65 19	    "6Dv  De "			db	0x36, 0x44, 0x76, 0x19, 0xCF, 0x44, 0x65, 0x19
0A4D : CF 44 5C 19 19 CF CF 44	    " D\    D"			db	0xCF, 0x44, 0x5C, 0x19, 0x19, 0xCF, 0xCF, 0x44
0A55 : 65 19 19 CF CF 44 5C F1	    "e    D\ "			db	0x65, 0x19, 0x19, 0xCF, 0xCF, 0x44, 0x5C, 0xF1
0A5D : 13 E6 F6 76 EF 6E 44 7B	    "   v nD{"			db	0x13, 0xE6, 0xF6, 0x76, 0xEF, 0x6E, 0x44, 0x7B
0A65 : F1 13 FE F6 76 EF 6E 44	    "    v nD"			db	0xF1, 0x13, 0xFE, 0xF6, 0x76, 0xEF, 0x6E, 0x44
0A6D : 7B 19 F1 96 76 EF 6E 44	    "{   v nD"			db	0x7B, 0x19, 0xF1, 0x96, 0x76, 0xEF, 0x6E, 0x44
0A75 : 7B E5 BB 02 44 94 E5 B8	    "{   D   "			db	0x7B, 0xE5, 0xBB, 0x02, 0x44, 0x94, 0xE5, 0xB8
0A7D : 32 83 B9 32 BF 03 B8 35	    "2  2   5"			db	0x32, 0x83, 0xB9, 0x32, 0xBF, 0x03, 0xB8, 0x35
0A85 : F0 03 89 B3 30 26 2C 22	    "    0&,""			db	0xF0, 0x03, 0x89, 0xB3, 0x30, 0x26, 0x2C, 0x22
0A8D : 3E 7B 7B EA EB EC ED EE	    ">{{     "			db	0x3E, 0x7B, 0x7B, 0xEA, 0xEB, 0xEC, 0xED, 0xEE
0A95 : EF F0 F1 F2 F3 F4 F5 F6	    "        "			db	0xEF, 0xF0, 0xF1, 0xF2, 0xF3, 0xF4, 0xF5, 0xF6
0A9D : F7 F8 F9 FA FB FC FD FE	    "        "			db	0xF7, 0xF8, 0xF9, 0xFA, 0xFB, 0xFC, 0xFD, 0xFE
0AA5 : FF 00 01 02 03 04 05 06	    "        "			db	0xFF, 0x00, 0x01, 0x02, 0x03, 0x04, 0x05, 0x06
0AAD : 07 08 09 0A 0B 0C 0D 0E	    "        "			db	0x07, 0x08, 0x09, 0x0A, 0x0B, 0x0C, 0x0D, 0x0E
0AB5 : 0F 10 11 12 13 14 15 16	    "        "			db	0x0F, 0x10, 0x11, 0x12, 0x13, 0x14, 0x15, 0x16
0ABD : 17 18 19 1A 1B 1C 1D 1E	    "        "			db	0x17, 0x18, 0x19, 0x1A, 0x1B, 0x1C, 0x1D, 0x1E
0AC5 : 1F 20 21 22 23 24 25 26	    "  !"#$%&"			db	0x1F, 0x20, 0x21, 0x22, 0x23, 0x24, 0x25, 0x26
0ACD : 27 28 29 2A 2B 2C 2D 2E	    "'()*+,-."			db	0x27, 0x28, 0x29, 0x2A, 0x2B, 0x2C, 0x2D, 0x2E
0AD5 : 2F 30 31 32 33 34 35 36	    "/0123456"			db	0x2F, 0x30, 0x31, 0x32, 0x33, 0x34, 0x35, 0x36
0ADD : 37 38 39 3A 3B 3C 3D 3E	    "789:;<=>"			db	0x37, 0x38, 0x39, 0x3A, 0x3B, 0x3C, 0x3D, 0x3E
0AE5 : 3F 40 41 42 43 44 45 46	    "?@ABCDEF"			db	0x3F, 0x40, 0x41, 0x42, 0x43, 0x44, 0x45, 0x46
0AED : 47 48 49 4A 4B 4C 4D 4E	    "GHIJKLMN"			db	0x47, 0x48, 0x49, 0x4A, 0x4B, 0x4C, 0x4D, 0x4E
0AF5 : 4F 50 51 52 53 54 55 56	    "OPQRSTUV"			db	0x4F, 0x50, 0x51, 0x52, 0x53, 0x54, 0x55, 0x56
0AFD : 57 58 59 BA 03 97 18 18	    "WXY     "			db	0x57, 0x58, 0x59, 0xBA, 0x03, 0x97, 0x18, 0x18
0B05 : 19 19 F0 71 A0 C8 C9 EA	    "   q    "			db	0x19, 0x19, 0xF0, 0x71, 0xA0, 0xC8, 0xC9, 0xEA
0B0D : 07 85 E6 12 95 18 19 83	    "        "			db	0x07, 0x85, 0xE6, 0x12, 0x95, 0x18, 0x19, 0x83
0B15 : 97 BA 03 F0 67 A0 C8 EA	    "    g   "			db	0x97, 0xBA, 0x03, 0xF0, 0x67, 0xA0, 0xC8, 0xEA
0B1D : 18 18 18 18 83 97 BA 03	    "        "			db	0x18, 0x18, 0x18, 0x18, 0x83, 0x97, 0xBA, 0x03
0B25 : F0 67 A0 18 EA 25 C8 C8	    " g   %  "			db	0xF0, 0x67, 0xA0, 0x18, 0xEA, 0x25, 0xC8, 0xC8
0B2D : C8 83 97 BA 03 18 18 F0	    "        "			db	0xC8, 0x83, 0x97, 0xBA, 0x03, 0x18, 0x18, 0xF0
0B35 : F7 A0 C8 EA 34 18 83 97	    "    4   "			db	0xF7, 0xA0, 0xC8, 0xEA, 0x34, 0x18, 0x83, 0x97
0B3D : BA 03 F0 F7 A0 18 EA 3F	    "       ?"			db	0xBA, 0x03, 0xF0, 0xF7, 0xA0, 0x18, 0xEA, 0x3F
0B45 : C8 C8 C8 83 F0 AA F1 A0	    "        "			db	0xC8, 0xC8, 0xC8, 0x83, 0xF0, 0xAA, 0xF1, 0xA0
0B4D : FA A1 83 B8 57 B9 59 74	    "    W Yt"			db	0xFA, 0xA1, 0x83, 0xB8, 0x57, 0xB9, 0x59, 0x74
0B55 : 49 83 BA 03 64 5D BA 04	    "I   d]  "			db	0x49, 0x83, 0xBA, 0x03, 0x64, 0x5D, 0xBA, 0x04
0B5D : F1 A0 18 19 EA 5D 83 BF	    "     ]  "			db	0xF1, 0xA0, 0x18, 0x19, 0xEA, 0x5D, 0x83, 0xBF
0B65 : C0 C1 C2 C3 C4 C5 C6 C7	    "        "			db	0xC0, 0xC1, 0xC2, 0xC3, 0xC4, 0xC5, 0xC6, 0xC7
0B6D : C8 C9 CA CB CC CD CE CF	    "        "			db	0xC8, 0xC9, 0xCA, 0xCB, 0xCC, 0xCD, 0xCE, 0xCF
0B75 : D0 D1 D2 D3 D4 D5 D6 D7	    "        "			db	0xD0, 0xD1, 0xD2, 0xD3, 0xD4, 0xD5, 0xD6, 0xD7
0B7D : D8 D9 DA DB DC DD DE DF	    "        "			db	0xD8, 0xD9, 0xDA, 0xDB, 0xDC, 0xDD, 0xDE, 0xDF
0B85 : E0 E1 E2 E3 E4 E5 E6 E7	    "        "			db	0xE0, 0xE1, 0xE2, 0xE3, 0xE4, 0xE5, 0xE6, 0xE7
0B8D : E8 E9 EA EB EC ED EE EF	    "        "			db	0xE8, 0xE9, 0xEA, 0xEB, 0xEC, 0xED, 0xEE, 0xEF
0B95 : F0 F1 F2 F3 F4 F5 F6 F7	    "        "			db	0xF0, 0xF1, 0xF2, 0xF3, 0xF4, 0xF5, 0xF6, 0xF7
0B9D : F8 F9 FA FB FC FD FE FF	    "        "			db	0xF8, 0xF9, 0xFA, 0xFB, 0xFC, 0xFD, 0xFE, 0xFF
0BA5 : 00 01 02 03 04 05 06 07	    "        "			db	0x00, 0x01, 0x02, 0x03, 0x04, 0x05, 0x06, 0x07
0BAD : 08 09 0A 0B 0C 0D 0E 0F	    "        "			db	0x08, 0x09, 0x0A, 0x0B, 0x0C, 0x0D, 0x0E, 0x0F
0BB5 : 10 11 12 13 14 15 16 17	    "        "			db	0x10, 0x11, 0x12, 0x13, 0x14, 0x15, 0x16, 0x17
0BBD : 18 19 1A 1B 1C 1D 1E 1F	    "        "			db	0x18, 0x19, 0x1A, 0x1B, 0x1C, 0x1D, 0x1E, 0x1F
0BC5 : 20 21 22 23 24 25 26 27	    " !"#$%&'"			db	0x20, 0x21, 0x22, 0x23, 0x24, 0x25, 0x26, 0x27
0BCD : 28 29 2A 2B 2C 2D 2E 2F	    "()*+,-./"			db	0x28, 0x29, 0x2A, 0x2B, 0x2C, 0x2D, 0x2E, 0x2F
0BD5 : 30 31 32 33 34 35 36 37	    "01234567"			db	0x30, 0x31, 0x32, 0x33, 0x34, 0x35, 0x36, 0x37
0BDD : 38 39 3A 3B 3C 3D 3E 3F	    "89:;<=>?"			db	0x38, 0x39, 0x3A, 0x3B, 0x3C, 0x3D, 0x3E, 0x3F
0BE5 : 40 41 42 43 44 45 46 47	    "@ABCDEFG"			db	0x40, 0x41, 0x42, 0x43, 0x44, 0x45, 0x46, 0x47
0BED : 48 49 4A 4B 4C 4D 4E 4F	    "HIJKLMNO"			db	0x48, 0x49, 0x4A, 0x4B, 0x4C, 0x4D, 0x4E, 0x4F
0BF5 : 50 51 52 53 54 55 56 57	    "PQRSTUVW"			db	0x50, 0x51, 0x52, 0x53, 0x54, 0x55, 0x56, 0x57
0BFD : 58 59 5A BA 03 27 A0 18	    "XYZ  '  "			db	0x58, 0x59, 0x5A, 0xBA, 0x03, 0x27, 0xA0, 0x18
0C05 : EA 03 C8 C8 C8 83 B8 57	    "       W"			db	0xEA, 0x03, 0xC8, 0xC8, 0xC8, 0x83, 0xB8, 0x57
0C0D : 94 78 BF 07 B8 32 F0 53	    " x   2 S"			db	0x94, 0x78, 0xBF, 0x07, 0xB8, 0x32, 0xF0, 0x53
0C15 : 0F B8 57 A0 94 68 FF 37	    "  W  h 7"			db	0x0F, 0xB8, 0x57, 0xA0, 0x94, 0x68, 0xFF, 0x37
0C1D : 17 03 08 AE B8 5A 94 78	    "     Z x"			db	0x17, 0x03, 0x08, 0xAE, 0xB8, 0x5A, 0x94, 0x78
0C25 : B8 32 F0 53 0F B8 5A A0	    " 2 S  Z "			db	0xB8, 0x32, 0xF0, 0x53, 0x0F, 0xB8, 0x5A, 0xA0
0C2D : B8 5D 94 78 B8 5A B9 5D	    " ] x Z ]"			db	0xB8, 0x5D, 0x94, 0x78, 0xB8, 0x5A, 0xB9, 0x5D
0C35 : 94 83 BD 03 97 B8 5D F0	    "      ] "			db	0x94, 0x83, 0xBD, 0x03, 0x97, 0xB8, 0x5D, 0xF0
0C3D : F7 A0 18 ED 3C B8 5D B9	    "    < ] "			db	0xF7, 0xA0, 0x18, 0xED, 0x3C, 0xB8, 0x5D, 0xB9
0C45 : 5A 94 83 BC 02 BD 03 97	    "Z       "			db	0x5A, 0x94, 0x83, 0xBC, 0x02, 0xBD, 0x03, 0x97
0C4D : B8 5D F0 F7 A0 18 ED 4F	    " ]     O"			db	0xB8, 0x5D, 0xF0, 0xF7, 0xA0, 0x18, 0xED, 0x4F
0C55 : EC 4A B8 5D B9 5A 94 96	    " J ] Z  "			db	0xEC, 0x4A, 0xB8, 0x5D, 0xB9, 0x5A, 0x94, 0x96
0C5D : EE 2D B8 5A B9 57 94 96	    " - Z W  "			db	0xEE, 0x2D, 0xB8, 0x5A, 0xB9, 0x57, 0x94, 0x96
0C65 : EF 19 83 BC 04 BD 03 B8	    "        "			db	0xEF, 0x19, 0x83, 0xBC, 0x04, 0xBD, 0x03, 0xB8
0C6D : 34 97 F0 67 A0 C8 ED 6F	    "4  g   o"			db	0x34, 0x97, 0xF0, 0x67, 0xA0, 0xC8, 0xED, 0x6F
0C75 : EC 6A 83 BA 03 FA 68 A8	    " j    h "			db	0xEC, 0x6A, 0x83, 0xBA, 0x03, 0xFA, 0x68, 0xA8
0C7D : 27 C8 A0 EA 7E 83 BA 03	    "'   ~   "			db	0x27, 0xC8, 0xA0, 0xEA, 0x7E, 0x83, 0xBA, 0x03
0C85 : 84 89 BA 04 FA 68 A8 FA	    "     h  "			db	0x84, 0x89, 0xBA, 0x04, 0xFA, 0x68, 0xA8, 0xFA
0C8D : 69 A9 C8 C9 F0 A1 EA 8F	    "i       "			db	0x69, 0xA9, 0xC8, 0xC9, 0xF0, 0xA1, 0xEA, 0x8F
0C95 : 83 BD 03 97 F0 71 A1 18	    "     q  "			db	0x83, 0xBD, 0x03, 0x97, 0xF0, 0x71, 0xA1, 0x18
0C9D : 19 ED 99 83 FD FE FF 00	    "        "			db	0x19, 0xED, 0x99, 0x83, 0xFD, 0xFE, 0xFF, 0x00
0CA5 : 01 02 03 04 05 06 07 08	    "        "			db	0x01, 0x02, 0x03, 0x04, 0x05, 0x06, 0x07, 0x08
0CAD : 09 0A 0B 0C 0D 0E 0F 10	    "        "			db	0x09, 0x0A, 0x0B, 0x0C, 0x0D, 0x0E, 0x0F, 0x10
0CB5 : 11 12 13 14 15 16 17 18	    "        "			db	0x11, 0x12, 0x13, 0x14, 0x15, 0x16, 0x17, 0x18
0CBD : 19 1A 1B 1C 1D 1E 1F 20	    "        "			db	0x19, 0x1A, 0x1B, 0x1C, 0x1D, 0x1E, 0x1F, 0x20
0CC5 : 21 22 23 24 25 26 27 28	    "!"#$%&'("			db	0x21, 0x22, 0x23, 0x24, 0x25, 0x26, 0x27, 0x28
0CCD : 29 2A 2B 2C 2D 2E 2F 30	    ")*+,-./0"			db	0x29, 0x2A, 0x2B, 0x2C, 0x2D, 0x2E, 0x2F, 0x30
0CD5 : 31 32 33 34 35 36 37 38	    "12345678"			db	0x31, 0x32, 0x33, 0x34, 0x35, 0x36, 0x37, 0x38
0CDD : 39 3A 3B 3C 3D 3E 3F 40	    "9:;<=>?@"			db	0x39, 0x3A, 0x3B, 0x3C, 0x3D, 0x3E, 0x3F, 0x40
0CE5 : 41 42 43 44 45 46 47 48	    "ABCDEFGH"			db	0x41, 0x42, 0x43, 0x44, 0x45, 0x46, 0x47, 0x48
0CED : 49 4A 4B 4C 4D 4E 4F 50	    "IJKLMNOP"			db	0x49, 0x4A, 0x4B, 0x4C, 0x4D, 0x4E, 0x4F, 0x50
0CF5 : 51 52 53 54 55 56 57 58	    "QRSTUVWX"			db	0x51, 0x52, 0x53, 0x54, 0x55, 0x56, 0x57, 0x58
0CFD : 59 5A 5B 00 00 00 B4 09	    "YZ[     "			db	0x59, 0x5A, 0x5B, 0x00, 0x00, 0x00, 0xB4, 0x09
0D05 : 89 02 00 00 B9 37 B8 35	    "     7 5"			db	0x89, 0x02, 0x00, 0x00, 0xB9, 0x37, 0xB8, 0x35
0D0D : F0 D3 06 C6 2A F0 D3 05	    "    *   "			db	0xF0, 0xD3, 0x06, 0xC6, 0x2A, 0xF0, 0xD3, 0x05
0D15 : C6 2E F0 37 03 06 B0 05	    " . 7    "			db	0xC6, 0x2E, 0xF0, 0x37, 0x03, 0x06, 0xB0, 0x05
0D1D : B8 34 AF BE 04 74 15 EE	    " 4   t  "			db	0xB8, 0x34, 0xAF, 0xBE, 0x04, 0x74, 0x15, 0xEE
0D25 : 22 EF 20 A4 2E B1 00 A4	    ""   .   "			db	0x22, 0xEF, 0x20, 0xA4, 0x2E, 0xB1, 0x00, 0xA4
0D2D : 3C B8 32 F0 53 0F A1 BC	    "< 2 S   "			db	0x3C, 0xB8, 0x32, 0xF0, 0x53, 0x0F, 0xA1, 0xBC
0D35 : 04 B8 34 74 15 EC 38 B8	    "  4t  8 "			db	0x04, 0xB8, 0x34, 0x74, 0x15, 0xEC, 0x38, 0xB8
0D3D : 34 F0 96 EF C8 F0 53 F0	    "4     S "			db	0x34, 0xF0, 0x96, 0xEF, 0xC8, 0xF0, 0x53, 0xF0
0D45 : 96 EF BA 02 F0 96 52 C8	    "      R "			db	0x96, 0xEF, 0xBA, 0x02, 0xF0, 0x96, 0x52, 0xC8
0D4D : EA 49 B8 37 A0 B9 32 B8	    " I 7  2 "			db	0xEA, 0x49, 0xB8, 0x37, 0xA0, 0xB9, 0x32, 0xB8
0D55 : 41 74 5B 94 0B 74 50 B9	    "At[  tP "			db	0x41, 0x74, 0x5B, 0x94, 0x0B, 0x74, 0x50, 0xB9
0D5D : 41 B8 5D 74 5B B8 67 B9	    "A ]t[ g "			db	0x41, 0xB8, 0x5D, 0x74, 0x5B, 0xB8, 0x67, 0xB9
0D65 : 57 74 57 E4 00 B8 61 94	    "WtW   a "			db	0x57, 0x74, 0x57, 0xE4, 0x00, 0xB8, 0x61, 0x94
0D6D : 00 BC 41 B9 57 74 00 EC	    "  A Wt  "			db	0x00, 0xBC, 0x41, 0xB9, 0x57, 0x74, 0x00, 0xEC
0D75 : 72 B9 37 F1 C6 99 B8 41	    "r 7    A"			db	0x72, 0xB9, 0x37, 0xF1, 0xC6, 0x99, 0xB8, 0x41
0D7D : 94 00 F1 53 0F B8 43 A0	    "   S  C "			db	0x94, 0x00, 0xF1, 0x53, 0x0F, 0xB8, 0x43, 0xA0
0D85 : B8 61 B9 41 BC 06 74 00	    " a A  t "			db	0xB8, 0x61, 0xB9, 0x41, 0xBC, 0x06, 0x74, 0x00
0D8D : EC 8B B9 43 F1 97 67 A1	    "   C  g "			db	0xEC, 0x8B, 0xB9, 0x43, 0xF1, 0x97, 0x67, 0xA1
0D95 : B9 41 74 00 B8 63 B9 FB	    " At  c  "			db	0xB9, 0x41, 0x74, 0x00, 0xB8, 0x63, 0xB9, 0xFB
0D9D : F0 91 C8 B9 F7 F0 91 B9	    "        "			db	0xF0, 0x91, 0xC8, 0xB9, 0xF7, 0xF0, 0x91, 0xB9
0DA5 : 5D B8 41 74 5B B8 41 BF	    "] At[ A "			db	0x5D, 0xB8, 0x41, 0x74, 0x5B, 0xB8, 0x41, 0xBF
0DAD : 04 74 3C EF AE B9 41 B8	    " t<   A "			db	0x04, 0x74, 0x3C, 0xEF, 0xAE, 0xB9, 0x41, 0xB8
0DB5 : 37 F0 53 0F 41 A1 B8 44	    "7 S A  D"			db	0x37, 0xF0, 0x53, 0x0F, 0x41, 0xA1, 0xB8, 0x44
0DBD : B0 05 B8 32 B9 41 74 5B	    "   2 At["			db	0xB0, 0x05, 0xB8, 0x32, 0xB9, 0x41, 0x74, 0x5B
0DC5 : F4 98 E5 BC 09 74 BB B8	    "     t  "			db	0xF4, 0x98, 0xE5, 0xBC, 0x09, 0x74, 0xBB, 0xB8
0DCD : 36 B9 45 83 B8 54 B0 21	    "6 E  T !"			db	0x36, 0xB9, 0x45, 0x83, 0xB8, 0x54, 0xB0, 0x21
0DD5 : 18 B0 04 18 B0 7F 85 A5	    "        "			db	0x18, 0xB0, 0x04, 0x18, 0xB0, 0x7F, 0x85, 0xA5
0DDD : E5 D4 00 B8 35 B0 05 B8	    "    5   "			db	0xE5, 0xD4, 0x00, 0xB8, 0x35, 0xB0, 0x05, 0xB8
0DE5 : 54 B0 22 18 B0 06 18 B0	    "T "     "			db	0x54, 0xB0, 0x22, 0x18, 0xB0, 0x06, 0x18, 0xB0
0DED : EF 83 E5 BB 02 44 98 51	    "     D Q"			db	0xEF, 0x83, 0xE5, 0xBB, 0x02, 0x44, 0x98, 0x51
0DF5 : 52 53 54 55 56 57 58 59	    "RSTUVWXY"			db	0x52, 0x53, 0x54, 0x55, 0x56, 0x57, 0x58, 0x59
0DFD : 5A 5B 5C B8 20 B9 22 BA	    "Z[\   " "			db	0x5A, 0x5B, 0x5C, 0xB8, 0x20, 0xB9, 0x22, 0xBA
0E05 : 06 85 F1 A5 53 F0 D3 00	    "    S   "			db	0x06, 0x85, 0xF1, 0xA5, 0x53, 0xF0, 0xD3, 0x00
0E0D : 96 1E EA 12 83 B5 F1 53	    "       S"			db	0x96, 0x1E, 0xEA, 0x12, 0x83, 0xB5, 0xF1, 0x53
0E15 : 0F D3 00 96 1E C9 EA 07	    "        "			db	0x0F, 0xD3, 0x00, 0x96, 0x1E, 0xC9, 0xEA, 0x07
0E1D : 83 F1 B6 31 76 2B 53 F0	    "   1v+S "			db	0x83, 0xF1, 0xB6, 0x31, 0x76, 0x2B, 0x53, 0xF0
0E25 : D3 10 C6 41 C4 31 53 0F	    "   A 1S "			db	0xD3, 0x10, 0xC6, 0x41, 0xC4, 0x31, 0x53, 0x0F
0E2D : D3 01 C6 41 FA D3 06 C6	    "   A    "			db	0xD3, 0x01, 0xC6, 0x41, 0xFA, 0xD3, 0x06, 0xC6
0E35 : 4C FA D3 05 C6 53 FA D3	    "L    S  "			db	0x4C, 0xFA, 0xD3, 0x05, 0xC6, 0x53, 0xFA, 0xD3
0E3D : 04 C6 56 83 76 47 B5 EA	    "  V vG  "			db	0x04, 0xC6, 0x56, 0x83, 0x76, 0x47, 0xB5, 0xEA
0E45 : 31 83 C9 B5 EA 31 83 B0	    "1    1  "			db	0x31, 0x83, 0xC9, 0xB5, 0xEA, 0x31, 0x83, 0xB0
0E4D : 00 18 27 30 C8 83 B0 00	    "  '0    "			db	0x00, 0x18, 0x27, 0x30, 0xC8, 0x83, 0xB0, 0x00
0E55 : 83 27 30 83 B9 35 F1 37	    " '0  5 7"			db	0x83, 0x27, 0x30, 0x83, 0xB9, 0x35, 0xF1, 0x37
0E5D : 03 08 AF B8 32 F0 53 0F	    "    2 S "			db	0x03, 0x08, 0xAF, 0xB8, 0x32, 0xF0, 0x53, 0x0F
0E65 : 96 76 EF 6B C4 76 B8 34	    " v k v 4"			db	0x96, 0x76, 0xEF, 0x6B, 0xC4, 0x76, 0xB8, 0x34
0E6D : BB 04 74 15 EB 6F 11 C4	    "  t  o  "			db	0xBB, 0x04, 0x74, 0x15, 0xEB, 0x6F, 0x11, 0xC4
0E75 : 60 E5 83 B8 31 B0 00 18	    "`   1   "			db	0x60, 0xE5, 0x83, 0xB8, 0x31, 0xB0, 0x00, 0x18
0E7D : F8 D3 37 96 7A A5 E5 BD	    "  7 z   "			db	0xF8, 0xD3, 0x37, 0x96, 0x7A, 0xA5, 0xE5, 0xBD
0E85 : 03 94 97 ED 86 74 8F 24	    "     t $"			db	0x03, 0x94, 0x97, 0xED, 0x86, 0x74, 0x8F, 0x24
0E8D : 05 EC ED EE EF F0 F1 F2	    "        "			db	0x05, 0xEC, 0xED, 0xEE, 0xEF, 0xF0, 0xF1, 0xF2
0E95 : F3 F4 F5 F6 F7 F8 F9 FA	    "        "			db	0xF3, 0xF4, 0xF5, 0xF6, 0xF7, 0xF8, 0xF9, 0xFA
0E9D : FB FC FD FE FF 00 01 02	    "        "			db	0xFB, 0xFC, 0xFD, 0xFE, 0xFF, 0x00, 0x01, 0x02
0EA5 : 03 04 05 06 07 08 09 0A	    "        "			db	0x03, 0x04, 0x05, 0x06, 0x07, 0x08, 0x09, 0x0A
0EAD : 0B 0C 0D 0E 0F 10 11 12	    "        "			db	0x0B, 0x0C, 0x0D, 0x0E, 0x0F, 0x10, 0x11, 0x12
0EB5 : 13 14 15 16 17 18 19 1A	    "        "			db	0x13, 0x14, 0x15, 0x16, 0x17, 0x18, 0x19, 0x1A
0EBD : 1B 1C 1D 1E 1F 20 21 22	    "      !""			db	0x1B, 0x1C, 0x1D, 0x1E, 0x1F, 0x20, 0x21, 0x22
0EC5 : 23 24 25 26 27 28 29 2A	    "#$%&'()*"			db	0x23, 0x24, 0x25, 0x26, 0x27, 0x28, 0x29, 0x2A
0ECD : 2B 2C 2D 2E 2F 30 31 32	    "+,-./012"			db	0x2B, 0x2C, 0x2D, 0x2E, 0x2F, 0x30, 0x31, 0x32
0ED5 : 33 34 35 36 37 38 39 3A	    "3456789:"			db	0x33, 0x34, 0x35, 0x36, 0x37, 0x38, 0x39, 0x3A
0EDD : 3B 3C 3D 3E 3F 40 41 42	    ";<=>?@AB"			db	0x3B, 0x3C, 0x3D, 0x3E, 0x3F, 0x40, 0x41, 0x42
0EE5 : 43 44 45 46 47 48 49 4A	    "CDEFGHIJ"			db	0x43, 0x44, 0x45, 0x46, 0x47, 0x48, 0x49, 0x4A
0EED : 4B 4C 4D 4E 4F 50 51 52	    "KLMNOPQR"			db	0x4B, 0x4C, 0x4D, 0x4E, 0x4F, 0x50, 0x51, 0x52
0EF5 : 53 54 55 56 57 58 59 5A	    "STUVWXYZ"			db	0x53, 0x54, 0x55, 0x56, 0x57, 0x58, 0x59, 0x5A
0EFD : 5B 5C 5D B8 42 F0 96 46	    "[\] B  F"			db	0x5B, 0x5C, 0x5D, 0xB8, 0x42, 0xF0, 0x96, 0x46
0F05 : C8 F0 97 13 F8 F6 46 F0	    "      F "			db	0xC8, 0xF0, 0x97, 0x13, 0xF8, 0xF6, 0x46, 0xF0
0F0D : D3 07 C6 48 B9 37 F1 53	    "   H 7 S"			db	0xD3, 0x07, 0xC6, 0x48, 0xB9, 0x37, 0xF1, 0x53
0F15 : 0F AF F0 53 0F 07 AE C6	    "   S    "			db	0x0F, 0xAF, 0xF0, 0x53, 0x0F, 0x07, 0xAE, 0xC6
0F1D : 24 27 97 13 0A EE 20 6F	    "$'     o"			db	0x24, 0x27, 0x97, 0x13, 0x0A, 0xEE, 0x20, 0x6F
0F25 : 03 53 A3 B9 63 A1 C9 F0	    " S  c   "			db	0x03, 0x53, 0xA3, 0xB9, 0x63, 0xA1, 0xC9, 0xF0
0F2D : 97 13 FC B1 00 E6 44 B1	    "      D "			db	0x97, 0x13, 0xFC, 0xB1, 0x00, 0xE6, 0x44, 0xB1
0F35 : 01 F0 D3 04 96 44 B8 37	    "     D 7"			db	0x01, 0xF0, 0xD3, 0x04, 0x96, 0x44, 0xB8, 0x37
0F3D : F0 53 0F 96 44 B1 00 A4	    " S  D   "			db	0xF0, 0x53, 0x0F, 0x96, 0x44, 0xB1, 0x00, 0xA4
0F45 : 99 A4 6A B9 37 F1 53 0F	    "  j 7 S "			db	0x99, 0xA4, 0x6A, 0xB9, 0x37, 0xF1, 0x53, 0x0F
0F4D : D3 09 C6 46 96 11 40 46	    "   F  @F"			db	0xD3, 0x09, 0xC6, 0x46, 0x96, 0x11, 0x40, 0x46
0F55 : 4D 53 59 60 66 6C 73 79	    "MSY`flsy"			db	0x4D, 0x53, 0x59, 0x60, 0x66, 0x6C, 0x73, 0x79
0F5D : 80 86 8C 93 99 9F A6 AC	    "        "			db	0x80, 0x86, 0x8C, 0x93, 0x99, 0x9F, 0xA6, 0xAC
0F65 : B2 B9 BF C6 CC D2 D9 DF	    "        "			db	0xB2, 0xB9, 0xBF, 0xC6, 0xCC, 0xD2, 0xD9, 0xDF
0F6D : E6 EC F2 F9 FF 0B 11 18	    "        "			db	0xE6, 0xEC, 0xF2, 0xF9, 0xFF, 0x0B, 0x11, 0x18
0F75 : 1E 24 2B 31 37 3E 44 4B	    " $+17>DK"			db	0x1E, 0x24, 0x2B, 0x31, 0x37, 0x3E, 0x44, 0x4B
0F7D : 51 57 5E 64 6A 71 77 7E	    "QW^djqw~"			db	0x51, 0x57, 0x5E, 0x64, 0x6A, 0x71, 0x77, 0x7E
0F85 : 84 8A 91 97 9D A4 AA B1	    "        "			db	0x84, 0x8A, 0x91, 0x97, 0x9D, 0xA4, 0xAA, 0xB1
0F8D : B7 BD C4 CA D0 D7 DD E4	    "        "			db	0xB7, 0xBD, 0xC4, 0xCA, 0xD0, 0xD7, 0xDD, 0xE4
0F95 : EA F0 F7 B8 58 F0 96 A8	    "    X   "			db	0xEA, 0xF0, 0xF7, 0xB8, 0x58, 0xF0, 0x96, 0xA8
0F9D : 18 F0 37 97 13 19 E6 A8	    "  7     "			db	0x18, 0xF0, 0x37, 0x97, 0x13, 0x19, 0xE6, 0xA8
0FA5 : 9A 7F 83 8A 80 83 0A 0B	    "        "			db	0x9A, 0x7F, 0x83, 0x8A, 0x80, 0x83, 0x0A, 0x0B
0FAD : 0C 0D 0E 0F 10 11 12 13	    "        "			db	0x0C, 0x0D, 0x0E, 0x0F, 0x10, 0x11, 0x12, 0x13
0FB5 : 14 15 16 17 18 19 1A 1B	    "        "			db	0x14, 0x15, 0x16, 0x17, 0x18, 0x19, 0x1A, 0x1B
0FBD : 1C 1D 1E 1F 20 21 22 23	    "     !"#"			db	0x1C, 0x1D, 0x1E, 0x1F, 0x20, 0x21, 0x22, 0x23
0FC5 : 24 25 26 27 28 29 2A 2B	    "$%&'()*+"			db	0x24, 0x25, 0x26, 0x27, 0x28, 0x29, 0x2A, 0x2B
0FCD : 2C 2D 2E 2F 30 31 32 33	    ",-./0123"			db	0x2C, 0x2D, 0x2E, 0x2F, 0x30, 0x31, 0x32, 0x33
0FD5 : 34 35 36 37 38 39 3A 3B	    "456789:;"			db	0x34, 0x35, 0x36, 0x37, 0x38, 0x39, 0x3A, 0x3B
0FDD : 3C 3D 3E 3F 40 41 42 43	    "<=>?@ABC"			db	0x3C, 0x3D, 0x3E, 0x3F, 0x40, 0x41, 0x42, 0x43
0FE5 : 44 45 46 47 48 49 4A 4B	    "DEFGHIJK"			db	0x44, 0x45, 0x46, 0x47, 0x48, 0x49, 0x4A, 0x4B
0FED : 4C 4D 4E 4F 50 51 52 53	    "LMNOPQRS"			db	0x4C, 0x4D, 0x4E, 0x4F, 0x50, 0x51, 0x52, 0x53
0FF5 : 54 55 56 57 58 59 5A 5B	    "TUVWXYZ["			db	0x54, 0x55, 0x56, 0x57, 0x58, 0x59, 0x5A, 0x5B
0FFD : 5C 5D 5E			    "\]^"			db	0x5C, 0x5D, 0x5E

;--------------------------------------------------------------
Symbol table
============

Value		Type	Name
-----		----	----
0000		Code	reset
0003		Code	INT
0007		Code	timer
000F		Code	L000F
0010		Code	start
0019		Code	L0019
003A		Code	sub_003A
003C		Code	L003C
004B		Code	sub_004B
0074		Code	L0074
007B		Code	sub_007B
008E		Code	sub_008E
00A7		Code	L00A7
00AD		Code	L00AD
00B2		Code	L00B2
00C2		Code	L00C2
00D4		Code	L00D4
00DB		Code	L00DB
00F5		Code	L00F5
0100		Code	sub_ctx_page_C_0102
0105		Code	sub_ctx_page_C_0107
010A		Code	sub_ctx_page_C_010C
0111		Code	sub_ctx_in_B_0111
0174		Code	L0174
0200		Code	sub_0200
021A		Code	L021A
0228		Code	L0228
0235		Code	L0235
023A		Code	L023A
0242		Code	L0242
0243		Code	L0243
0248		Code	L0248
025C		Code	L025C
0268		Code	sub_0268
0273		Code	L0273
0278		Code	L0278
027B		Code	sub_027B
0280		Code	sub_0280
0288		Code	L0288
028E		Code	L028E
0294		Code	L0294
02BA		Code	sub_02BA
02C7		Code	L02C7
02CF		Code	L02CF
02D8		Code	sub_02D8
0300		Code	L0300
030E		Code	L030E
0320		Code	L0320
0322		Code	L0322
0324		Code	L0324
034D		Code	L034D
0357		Code	sub_0357
035C		Code	L035C
035E		Code	L035E
035F		Code	L035F
0367		Code	L0367
0369		Code	sub_0369
036B		Code	L036B
037B		Code	L037B
037D		Code	L037D
0386		Code	L0386
038F		Code	sub_038F
03BB		Code	sub_03BB
0400		Code	L0400
0408		Code	L0408
0415		Code	L0415
041E		Code	L041E
0428		Code	L0428
0432		Code	L0432
043B		Code	L043B
0441		Code	L0441
044A		Code	L044A
0490		Code	sub_0490
0497		Code	sub_0497
0499		Code	L0499
049B		Code	L049B
04A0		Code	sub_04A0
04A2		Code	L04A2
04A4		Code	L04A4
0500		Code	sub_0500
050F		Code	L050F
0546		Code	L0546
054D		Code	L054D
0600		Code	sub_0600
060A		Code	L060A
0615		Code	L0615
061F		Code	L061F
0620		Code	L0620
0639		Code	L0639
0653		Code	L0653
065E		Code	L065E
0660		Code	L0660
0662		Code	L0662
0668		Code	L0668
069C		Code	sub_069C
069E		Code	L069E
06A4		Code	L06A4
06AA		Code	L06AA
06AB		Code	L06AB
06B1		Code	L06B1
06B7		Code	sub_06B7
06B9		Code	L06B9
06C1		Code	L06C1
06CA		Code	L06CA
06D2		Code	L06D2
06D6		Code	L06D6
06DC		Code	L06DC
06E0		Code	L06E0
06E2		Code	L06E2
06E9		Code	L06E9
06EC		Code	L06EC
06F1		Code	L06F1
070A		Code	sub_070A
071C		Code	L071C
0726		Code	sub_0726
072E		Code	L072E
0732		Code	L0732
0752		Code	sub_0752
075B		Code	L075B
0764		Code	L0764
076D		Code	L076D
0773		Code	L0773
0778		Code	L0778
077F		Code	L077F
07EF		Code	L07EF

Number of symbols:			125

;--------------------------------------------------------------
